[0.928s] Invoking command in '/home/python/robot_ws/build/m_pubsub': PYTHONPATH=/home/python/robot_ws/build/m_pubsub/prefix_override:/home/python/robot_ws/install/m_pubsub/lib/python3.8/site-packages:${PYTHONPATH} /usr/bin/python3 setup.py develop --editable --build-directory /home/python/robot_ws/build/m_pubsub/build --no-deps install_data
[1.253s] running develop
[1.436s] running egg_info
[1.437s] writing m_pubsub.egg-info/PKG-INFO
[1.437s] writing dependency_links to m_pubsub.egg-info/dependency_links.txt
[1.438s] writing entry points to m_pubsub.egg-info/entry_points.txt
[1.438s] writing requirements to m_pubsub.egg-info/requires.txt
[1.439s] writing top-level names to m_pubsub.egg-info/top_level.txt
[1.482s] reading manifest file 'm_pubsub.egg-info/SOURCES.txt'
[1.483s] writing manifest file 'm_pubsub.egg-info/SOURCES.txt'
[1.532s] running build_ext
[1.533s] Creating /home/python/robot_ws/install/m_pubsub/lib/python3.8/site-packages/m-pubsub.egg-link (link to .)
[1.534s] Installing mp script to /home/python/robot_ws/install/m_pubsub/lib/m_pubsub
[1.535s] Installing mp2 script to /home/python/robot_ws/install/m_pubsub/lib/m_pubsub
[1.535s] Installing ms script to /home/python/robot_ws/install/m_pubsub/lib/m_pubsub
[1.536s] Installing tms script to /home/python/robot_ws/install/m_pubsub/lib/m_pubsub
[1.536s] Installing tp script to /home/python/robot_ws/install/m_pubsub/lib/m_pubsub
[1.537s] 
[1.537s] Installed /home/python/robot_ws/build/m_pubsub
[1.537s] running install_data
[1.573s] Invoked command in '/home/python/robot_ws/build/m_pubsub' returned '0': PYTHONPATH=/home/python/robot_ws/build/m_pubsub/prefix_override:/home/python/robot_ws/install/m_pubsub/lib/python3.8/site-packages:${PYTHONPATH} /usr/bin/python3 setup.py develop --editable --build-directory /home/python/robot_ws/build/m_pubsub/build --no-deps install_data
