[1.355s] Invoking command in '/home/python/robot_ws/build/m_pubsub': PYTHONPATH=/home/python/robot_ws/build/m_pubsub/prefix_override:/home/python/robot_ws/install/m_pubsub/lib/python3.8/site-packages:${PYTHONPATH} /usr/bin/python3 setup.py develop --editable --build-directory /home/python/robot_ws/build/m_pubsub/build --no-deps install_data
[1.700s] running develop
[1.894s] running egg_info
[1.895s] writing m_pubsub.egg-info/PKG-INFO
[1.895s] writing dependency_links to m_pubsub.egg-info/dependency_links.txt
[1.896s] writing entry points to m_pubsub.egg-info/entry_points.txt
[1.897s] writing requirements to m_pubsub.egg-info/requires.txt
[1.897s] writing top-level names to m_pubsub.egg-info/top_level.txt
[1.951s] reading manifest file 'm_pubsub.egg-info/SOURCES.txt'
[1.952s] writing manifest file 'm_pubsub.egg-info/SOURCES.txt'
[1.997s] running build_ext
[1.998s] Creating /home/python/robot_ws/install/m_pubsub/lib/python3.8/site-packages/m-pubsub.egg-link (link to .)
[2.000s] Installing mp script to /home/python/robot_ws/install/m_pubsub/lib/m_pubsub
[2.000s] Installing mp2 script to /home/python/robot_ws/install/m_pubsub/lib/m_pubsub
[2.001s] Installing ms script to /home/python/robot_ws/install/m_pubsub/lib/m_pubsub
[2.001s] Installing mt script to /home/python/robot_ws/install/m_pubsub/lib/m_pubsub
[2.002s] Installing tms script to /home/python/robot_ws/install/m_pubsub/lib/m_pubsub
[2.003s] Installing tp script to /home/python/robot_ws/install/m_pubsub/lib/m_pubsub
[2.003s] 
[2.004s] Installed /home/python/robot_ws/build/m_pubsub
[2.004s] running install_data
[2.038s] Invoked command in '/home/python/robot_ws/build/m_pubsub' returned '0': PYTHONPATH=/home/python/robot_ws/build/m_pubsub/prefix_override:/home/python/robot_ws/install/m_pubsub/lib/python3.8/site-packages:${PYTHONPATH} /usr/bin/python3 setup.py develop --editable --build-directory /home/python/robot_ws/build/m_pubsub/build --no-deps install_data
