[0.250s] DEBUG:colcon:Command line arguments: ['/usr/bin/colcon', 'build', '--symlink-install']
[0.250s] DEBUG:colcon:Parsed command line arguments: Namespace(allow_overriding=[], ament_cmake_args=None, base_paths=['.'], build_base='build', catkin_cmake_args=None, catkin_skip_building_tests=False, cmake_args=None, cmake_clean_cache=False, cmake_clean_first=False, cmake_force_configure=False, cmake_target=None, cmake_target_skip_unavailable=False, continue_on_error=False, event_handlers=None, executor='parallel', ignore_user_meta=False, install_base='install', log_base=None, log_level=None, main=<bound method BuildVerb.main of <colcon_core.verb.build.BuildVerb object at 0x7fe3d4785ac0>>, merge_install=False, metas=['./colcon.meta'], packages_above=None, packages_above_and_dependencies=None, packages_above_depth=None, packages_end=None, packages_ignore=None, packages_ignore_regex=None, packages_select=None, packages_select_build_failed=False, packages_select_by_dep=None, packages_select_regex=None, packages_select_test_failures=False, packages_skip=None, packages_skip_build_finished=False, packages_skip_by_dep=None, packages_skip_regex=None, packages_skip_test_passed=False, packages_skip_up_to=None, packages_start=None, packages_up_to=None, packages_up_to_regex=None, parallel_workers=2, paths=None, symlink_install=True, test_result_base=None, verb_extension=<colcon_core.verb.build.BuildVerb object at 0x7fe3d4785ac0>, verb_name='build', verb_parser=<colcon_defaults.argument_parser.defaults.DefaultArgumentsDecorator object at 0x7fe3d4790070>)
[0.286s] Level 1:colcon.colcon_core.package_discovery:discover_packages(colcon_meta) check parameters
[0.286s] Level 1:colcon.colcon_core.package_discovery:discover_packages(recursive) check parameters
[0.286s] Level 1:colcon.colcon_core.package_discovery:discover_packages(ignore) check parameters
[0.286s] Level 1:colcon.colcon_core.package_discovery:discover_packages(path) check parameters
[0.287s] Level 1:colcon.colcon_core.package_discovery:discover_packages(colcon_meta) discover
[0.287s] Level 1:colcon.colcon_core.package_discovery:discover_packages(recursive) discover
[0.287s] INFO:colcon.colcon_core.package_discovery:Crawling recursively for packages in '/home/python/robot_ws'
[0.287s] Level 1:colcon.colcon_core.package_identification:_identify(.) by extensions ['ignore', 'ignore_ament_install']
[0.287s] Level 1:colcon.colcon_core.package_identification:_identify(.) by extension 'ignore'
[0.287s] Level 1:colcon.colcon_core.package_identification:_identify(.) by extension 'ignore_ament_install'
[0.287s] Level 1:colcon.colcon_core.package_identification:_identify(.) by extensions ['colcon_pkg']
[0.287s] Level 1:colcon.colcon_core.package_identification:_identify(.) by extension 'colcon_pkg'
[0.288s] Level 1:colcon.colcon_core.package_identification:_identify(.) by extensions ['colcon_meta']
[0.288s] Level 1:colcon.colcon_core.package_identification:_identify(.) by extension 'colcon_meta'
[0.288s] Level 1:colcon.colcon_core.package_identification:_identify(.) by extensions ['ros']
[0.288s] Level 1:colcon.colcon_core.package_identification:_identify(.) by extension 'ros'
[0.317s] Level 1:colcon.colcon_core.package_identification:_identify(.) by extensions ['cmake', 'python']
[0.317s] Level 1:colcon.colcon_core.package_identification:_identify(.) by extension 'cmake'
[0.317s] Level 1:colcon.colcon_core.package_identification:_identify(.) by extension 'python'
[0.317s] Level 1:colcon.colcon_core.package_identification:_identify(.) by extensions ['python_setup_py']
[0.317s] Level 1:colcon.colcon_core.package_identification:_identify(.) by extension 'python_setup_py'
[0.318s] Level 1:colcon.colcon_core.package_identification:_identify(build) by extensions ['ignore', 'ignore_ament_install']
[0.318s] Level 1:colcon.colcon_core.package_identification:_identify(build) by extension 'ignore'
[0.318s] Level 1:colcon.colcon_core.package_identification:_identify(build) ignored
[0.318s] Level 1:colcon.colcon_core.package_identification:_identify(install) by extensions ['ignore', 'ignore_ament_install']
[0.318s] Level 1:colcon.colcon_core.package_identification:_identify(install) by extension 'ignore'
[0.318s] Level 1:colcon.colcon_core.package_identification:_identify(install) ignored
[0.319s] Level 1:colcon.colcon_core.package_identification:_identify(log) by extensions ['ignore', 'ignore_ament_install']
[0.319s] Level 1:colcon.colcon_core.package_identification:_identify(log) by extension 'ignore'
[0.319s] Level 1:colcon.colcon_core.package_identification:_identify(log) ignored
[0.319s] Level 1:colcon.colcon_core.package_identification:_identify(opencv_test) by extensions ['ignore', 'ignore_ament_install']
[0.319s] Level 1:colcon.colcon_core.package_identification:_identify(opencv_test) by extension 'ignore'
[0.319s] Level 1:colcon.colcon_core.package_identification:_identify(opencv_test) by extension 'ignore_ament_install'
[0.319s] Level 1:colcon.colcon_core.package_identification:_identify(opencv_test) by extensions ['colcon_pkg']
[0.319s] Level 1:colcon.colcon_core.package_identification:_identify(opencv_test) by extension 'colcon_pkg'
[0.320s] Level 1:colcon.colcon_core.package_identification:_identify(opencv_test) by extensions ['colcon_meta']
[0.320s] Level 1:colcon.colcon_core.package_identification:_identify(opencv_test) by extension 'colcon_meta'
[0.320s] Level 1:colcon.colcon_core.package_identification:_identify(opencv_test) by extensions ['ros']
[0.320s] Level 1:colcon.colcon_core.package_identification:_identify(opencv_test) by extension 'ros'
[0.320s] Level 1:colcon.colcon_core.package_identification:_identify(opencv_test) by extensions ['cmake', 'python']
[0.320s] Level 1:colcon.colcon_core.package_identification:_identify(opencv_test) by extension 'cmake'
[0.320s] Level 1:colcon.colcon_core.package_identification:_identify(opencv_test) by extension 'python'
[0.320s] Level 1:colcon.colcon_core.package_identification:_identify(opencv_test) by extensions ['python_setup_py']
[0.320s] Level 1:colcon.colcon_core.package_identification:_identify(opencv_test) by extension 'python_setup_py'
[0.321s] Level 1:colcon.colcon_core.package_identification:_identify(src) by extensions ['ignore', 'ignore_ament_install']
[0.321s] Level 1:colcon.colcon_core.package_identification:_identify(src) by extension 'ignore'
[0.321s] Level 1:colcon.colcon_core.package_identification:_identify(src) by extension 'ignore_ament_install'
[0.321s] Level 1:colcon.colcon_core.package_identification:_identify(src) by extensions ['colcon_pkg']
[0.321s] Level 1:colcon.colcon_core.package_identification:_identify(src) by extension 'colcon_pkg'
[0.321s] Level 1:colcon.colcon_core.package_identification:_identify(src) by extensions ['colcon_meta']
[0.321s] Level 1:colcon.colcon_core.package_identification:_identify(src) by extension 'colcon_meta'
[0.321s] Level 1:colcon.colcon_core.package_identification:_identify(src) by extensions ['ros']
[0.321s] Level 1:colcon.colcon_core.package_identification:_identify(src) by extension 'ros'
[0.322s] Level 1:colcon.colcon_core.package_identification:_identify(src) by extensions ['cmake', 'python']
[0.322s] Level 1:colcon.colcon_core.package_identification:_identify(src) by extension 'cmake'
[0.322s] Level 1:colcon.colcon_core.package_identification:_identify(src) by extension 'python'
[0.322s] Level 1:colcon.colcon_core.package_identification:_identify(src) by extensions ['python_setup_py']
[0.322s] Level 1:colcon.colcon_core.package_identification:_identify(src) by extension 'python_setup_py'
[0.322s] Level 1:colcon.colcon_core.package_identification:_identify(src/class_test_interfaces) by extensions ['ignore', 'ignore_ament_install']
[0.322s] Level 1:colcon.colcon_core.package_identification:_identify(src/class_test_interfaces) by extension 'ignore'
[0.323s] Level 1:colcon.colcon_core.package_identification:_identify(src/class_test_interfaces) by extension 'ignore_ament_install'
[0.323s] Level 1:colcon.colcon_core.package_identification:_identify(src/class_test_interfaces) by extensions ['colcon_pkg']
[0.323s] Level 1:colcon.colcon_core.package_identification:_identify(src/class_test_interfaces) by extension 'colcon_pkg'
[0.323s] Level 1:colcon.colcon_core.package_identification:_identify(src/class_test_interfaces) by extensions ['colcon_meta']
[0.323s] Level 1:colcon.colcon_core.package_identification:_identify(src/class_test_interfaces) by extension 'colcon_meta'
[0.323s] Level 1:colcon.colcon_core.package_identification:_identify(src/class_test_interfaces) by extensions ['ros']
[0.323s] Level 1:colcon.colcon_core.package_identification:_identify(src/class_test_interfaces) by extension 'ros'
[0.326s] DEBUG:colcon.colcon_core.package_identification:Package 'src/class_test_interfaces' with type 'ros.ament_cmake' and name 'class_test_interfaces'
[0.327s] Level 1:colcon.colcon_core.package_identification:_identify(src/m_pubsub) by extensions ['ignore', 'ignore_ament_install']
[0.327s] Level 1:colcon.colcon_core.package_identification:_identify(src/m_pubsub) by extension 'ignore'
[0.327s] Level 1:colcon.colcon_core.package_identification:_identify(src/m_pubsub) by extension 'ignore_ament_install'
[0.327s] Level 1:colcon.colcon_core.package_identification:_identify(src/m_pubsub) by extensions ['colcon_pkg']
[0.327s] Level 1:colcon.colcon_core.package_identification:_identify(src/m_pubsub) by extension 'colcon_pkg'
[0.327s] Level 1:colcon.colcon_core.package_identification:_identify(src/m_pubsub) by extensions ['colcon_meta']
[0.327s] Level 1:colcon.colcon_core.package_identification:_identify(src/m_pubsub) by extension 'colcon_meta'
[0.327s] Level 1:colcon.colcon_core.package_identification:_identify(src/m_pubsub) by extensions ['ros']
[0.327s] Level 1:colcon.colcon_core.package_identification:_identify(src/m_pubsub) by extension 'ros'
[0.328s] DEBUG:colcon.colcon_core.package_identification:Package 'src/m_pubsub' with type 'ros.ament_python' and name 'm_pubsub'
[0.328s] Level 1:colcon.colcon_core.package_identification:_identify(src/move_turtle_pkg) by extensions ['ignore', 'ignore_ament_install']
[0.328s] Level 1:colcon.colcon_core.package_identification:_identify(src/move_turtle_pkg) by extension 'ignore'
[0.328s] Level 1:colcon.colcon_core.package_identification:_identify(src/move_turtle_pkg) by extension 'ignore_ament_install'
[0.329s] Level 1:colcon.colcon_core.package_identification:_identify(src/move_turtle_pkg) by extensions ['colcon_pkg']
[0.329s] Level 1:colcon.colcon_core.package_identification:_identify(src/move_turtle_pkg) by extension 'colcon_pkg'
[0.329s] Level 1:colcon.colcon_core.package_identification:_identify(src/move_turtle_pkg) by extensions ['colcon_meta']
[0.329s] Level 1:colcon.colcon_core.package_identification:_identify(src/move_turtle_pkg) by extension 'colcon_meta'
[0.329s] Level 1:colcon.colcon_core.package_identification:_identify(src/move_turtle_pkg) by extensions ['ros']
[0.329s] Level 1:colcon.colcon_core.package_identification:_identify(src/move_turtle_pkg) by extension 'ros'
[0.330s] DEBUG:colcon.colcon_core.package_identification:Package 'src/move_turtle_pkg' with type 'ros.ament_python' and name 'move_turtle_pkg'
[0.330s] Level 1:colcon.colcon_core.package_discovery:discover_packages(recursive) using defaults
[0.330s] Level 1:colcon.colcon_core.package_discovery:discover_packages(ignore) discover
[0.330s] Level 1:colcon.colcon_core.package_discovery:discover_packages(ignore) using defaults
[0.330s] Level 1:colcon.colcon_core.package_discovery:discover_packages(path) discover
[0.330s] Level 1:colcon.colcon_core.package_discovery:discover_packages(path) using defaults
[0.368s] Level 1:colcon.colcon_core.package_discovery:discover_packages(prefix_path) check parameters
[0.369s] Level 1:colcon.colcon_core.package_discovery:discover_packages(prefix_path) discover
[0.375s] DEBUG:colcon.colcon_installed_package_information.package_discovery:Found 3 installed packages in /home/python/robot_ws/install
[0.379s] DEBUG:colcon.colcon_installed_package_information.package_discovery:Found 258 installed packages in /opt/ros/foxy
[0.381s] Level 1:colcon.colcon_core.package_discovery:discover_packages(prefix_path) using defaults
[0.479s] Level 5:colcon.colcon_core.verb:set package 'class_test_interfaces' build argument 'cmake_args' from command line to 'None'
[0.479s] Level 5:colcon.colcon_core.verb:set package 'class_test_interfaces' build argument 'cmake_target' from command line to 'None'
[0.479s] Level 5:colcon.colcon_core.verb:set package 'class_test_interfaces' build argument 'cmake_target_skip_unavailable' from command line to 'False'
[0.479s] Level 5:colcon.colcon_core.verb:set package 'class_test_interfaces' build argument 'cmake_clean_cache' from command line to 'False'
[0.479s] Level 5:colcon.colcon_core.verb:set package 'class_test_interfaces' build argument 'cmake_clean_first' from command line to 'False'
[0.479s] Level 5:colcon.colcon_core.verb:set package 'class_test_interfaces' build argument 'cmake_force_configure' from command line to 'False'
[0.479s] Level 5:colcon.colcon_core.verb:set package 'class_test_interfaces' build argument 'ament_cmake_args' from command line to 'None'
[0.480s] Level 5:colcon.colcon_core.verb:set package 'class_test_interfaces' build argument 'catkin_cmake_args' from command line to 'None'
[0.480s] Level 5:colcon.colcon_core.verb:set package 'class_test_interfaces' build argument 'catkin_skip_building_tests' from command line to 'False'
[0.480s] DEBUG:colcon.colcon_core.verb:Building package 'class_test_interfaces' with the following arguments: {'ament_cmake_args': None, 'build_base': '/home/python/robot_ws/build/class_test_interfaces', 'catkin_cmake_args': None, 'catkin_skip_building_tests': False, 'cmake_args': None, 'cmake_clean_cache': False, 'cmake_clean_first': False, 'cmake_force_configure': False, 'cmake_target': None, 'cmake_target_skip_unavailable': False, 'install_base': '/home/python/robot_ws/install/class_test_interfaces', 'merge_install': False, 'path': '/home/python/robot_ws/src/class_test_interfaces', 'symlink_install': True, 'test_result_base': None}
[0.482s] Level 5:colcon.colcon_core.verb:set package 'm_pubsub' build argument 'cmake_args' from command line to 'None'
[0.482s] Level 5:colcon.colcon_core.verb:set package 'm_pubsub' build argument 'cmake_target' from command line to 'None'
[0.482s] Level 5:colcon.colcon_core.verb:set package 'm_pubsub' build argument 'cmake_target_skip_unavailable' from command line to 'False'
[0.482s] Level 5:colcon.colcon_core.verb:set package 'm_pubsub' build argument 'cmake_clean_cache' from command line to 'False'
[0.482s] Level 5:colcon.colcon_core.verb:set package 'm_pubsub' build argument 'cmake_clean_first' from command line to 'False'
[0.482s] Level 5:colcon.colcon_core.verb:set package 'm_pubsub' build argument 'cmake_force_configure' from command line to 'False'
[0.482s] Level 5:colcon.colcon_core.verb:set package 'm_pubsub' build argument 'ament_cmake_args' from command line to 'None'
[0.482s] Level 5:colcon.colcon_core.verb:set package 'm_pubsub' build argument 'catkin_cmake_args' from command line to 'None'
[0.482s] Level 5:colcon.colcon_core.verb:set package 'm_pubsub' build argument 'catkin_skip_building_tests' from command line to 'False'
[0.483s] DEBUG:colcon.colcon_core.verb:Building package 'm_pubsub' with the following arguments: {'ament_cmake_args': None, 'build_base': '/home/python/robot_ws/build/m_pubsub', 'catkin_cmake_args': None, 'catkin_skip_building_tests': False, 'cmake_args': None, 'cmake_clean_cache': False, 'cmake_clean_first': False, 'cmake_force_configure': False, 'cmake_target': None, 'cmake_target_skip_unavailable': False, 'install_base': '/home/python/robot_ws/install/m_pubsub', 'merge_install': False, 'path': '/home/python/robot_ws/src/m_pubsub', 'symlink_install': True, 'test_result_base': None}
[0.485s] Level 5:colcon.colcon_core.verb:set package 'move_turtle_pkg' build argument 'cmake_args' from command line to 'None'
[0.485s] Level 5:colcon.colcon_core.verb:set package 'move_turtle_pkg' build argument 'cmake_target' from command line to 'None'
[0.485s] Level 5:colcon.colcon_core.verb:set package 'move_turtle_pkg' build argument 'cmake_target_skip_unavailable' from command line to 'False'
[0.485s] Level 5:colcon.colcon_core.verb:set package 'move_turtle_pkg' build argument 'cmake_clean_cache' from command line to 'False'
[0.485s] Level 5:colcon.colcon_core.verb:set package 'move_turtle_pkg' build argument 'cmake_clean_first' from command line to 'False'
[0.485s] Level 5:colcon.colcon_core.verb:set package 'move_turtle_pkg' build argument 'cmake_force_configure' from command line to 'False'
[0.485s] Level 5:colcon.colcon_core.verb:set package 'move_turtle_pkg' build argument 'ament_cmake_args' from command line to 'None'
[0.485s] Level 5:colcon.colcon_core.verb:set package 'move_turtle_pkg' build argument 'catkin_cmake_args' from command line to 'None'
[0.485s] Level 5:colcon.colcon_core.verb:set package 'move_turtle_pkg' build argument 'catkin_skip_building_tests' from command line to 'False'
[0.486s] DEBUG:colcon.colcon_core.verb:Building package 'move_turtle_pkg' with the following arguments: {'ament_cmake_args': None, 'build_base': '/home/python/robot_ws/build/move_turtle_pkg', 'catkin_cmake_args': None, 'catkin_skip_building_tests': False, 'cmake_args': None, 'cmake_clean_cache': False, 'cmake_clean_first': False, 'cmake_force_configure': False, 'cmake_target': None, 'cmake_target_skip_unavailable': False, 'install_base': '/home/python/robot_ws/install/move_turtle_pkg', 'merge_install': False, 'path': '/home/python/robot_ws/src/move_turtle_pkg', 'symlink_install': True, 'test_result_base': None}
[0.487s] INFO:colcon.colcon_core.executor:Executing jobs using 'parallel' executor
[0.499s] DEBUG:colcon.colcon_parallel_executor.executor.parallel:run_until_complete
[0.499s] INFO:colcon.colcon_ros.task.ament_cmake.build:Building ROS package in '/home/python/robot_ws/src/class_test_interfaces' with build type 'ament_cmake'
[0.500s] INFO:colcon.colcon_cmake.task.cmake.build:Building CMake package in '/home/python/robot_ws/src/class_test_interfaces'
[0.508s] INFO:colcon.colcon_core.plugin_system:Skipping extension 'colcon_core.shell.bat': Not used on non-Windows systems
[0.508s] INFO:colcon.colcon_core.shell:Skip shell extension 'powershell' for command environment: Not usable outside of PowerShell
[0.508s] DEBUG:colcon.colcon_core.shell:Skip shell extension 'dsv' for command environment
[0.521s] INFO:colcon.colcon_ros.task.ament_python.build:Building ROS package in '/home/python/robot_ws/src/m_pubsub' with build type 'ament_python'
[0.522s] Level 1:colcon.colcon_core.shell:create_environment_hook('m_pubsub', 'ament_prefix_path')
[0.526s] INFO:colcon.colcon_core.shell:Creating environment hook '/home/python/robot_ws/install/m_pubsub/share/m_pubsub/hook/ament_prefix_path.ps1'
[0.531s] INFO:colcon.colcon_core.shell:Creating environment descriptor '/home/python/robot_ws/install/m_pubsub/share/m_pubsub/hook/ament_prefix_path.dsv'
[0.533s] INFO:colcon.colcon_core.shell:Creating environment hook '/home/python/robot_ws/install/m_pubsub/share/m_pubsub/hook/ament_prefix_path.sh'
[0.539s] INFO:colcon.colcon_core.shell:Skip shell extension 'powershell' for command environment: Not usable outside of PowerShell
[0.539s] DEBUG:colcon.colcon_core.shell:Skip shell extension 'dsv' for command environment
[0.569s] DEBUG:colcon.colcon_core.event_handler.log_command:Invoking command in '/home/python/robot_ws/build/class_test_interfaces': CMAKE_PREFIX_PATH=/home/python/robot_ws/install/move_turtle_pkg:/home/python/robot_ws/install/m_pubsub:/opt/ros/foxy /usr/bin/cmake --build /home/python/robot_ws/build/class_test_interfaces -- -j2 -l2
[0.996s] INFO:colcon.colcon_core.task.python.build:Building Python package in '/home/python/robot_ws/src/m_pubsub'
[1.001s] INFO:colcon.colcon_core.shell:Skip shell extension 'powershell' for command environment: Not usable outside of PowerShell
[1.001s] DEBUG:colcon.colcon_core.shell:Skip shell extension 'dsv' for command environment
[1.687s] DEBUG:colcon.colcon_core.event_handler.log_command:Invoking command in '/home/python/robot_ws/build/m_pubsub': PYTHONPATH=/home/python/robot_ws/build/m_pubsub/prefix_override:/home/python/robot_ws/install/m_pubsub/lib/python3.8/site-packages:${PYTHONPATH} /usr/bin/python3 setup.py develop --editable --build-directory /home/python/robot_ws/build/m_pubsub/build --no-deps install_data
[2.614s] Level 1:colcon.colcon_core.shell:create_environment_hook('m_pubsub', 'pythonpath_develop')
[2.622s] DEBUG:colcon.colcon_core.event_handler.log_command:Invoked command in '/home/python/robot_ws/build/m_pubsub' returned '0': PYTHONPATH=/home/python/robot_ws/build/m_pubsub/prefix_override:/home/python/robot_ws/install/m_pubsub/lib/python3.8/site-packages:${PYTHONPATH} /usr/bin/python3 setup.py develop --editable --build-directory /home/python/robot_ws/build/m_pubsub/build --no-deps install_data
[2.631s] INFO:colcon.colcon_core.shell:Creating environment hook '/home/python/robot_ws/build/m_pubsub/share/m_pubsub/hook/pythonpath_develop.ps1'
[2.635s] INFO:colcon.colcon_core.shell:Creating environment descriptor '/home/python/robot_ws/build/m_pubsub/share/m_pubsub/hook/pythonpath_develop.dsv'
[2.636s] INFO:colcon.colcon_core.shell:Creating environment hook '/home/python/robot_ws/build/m_pubsub/share/m_pubsub/hook/pythonpath_develop.sh'
[2.662s] Level 1:colcon.colcon_core.environment:checking '/home/python/robot_ws/install/m_pubsub' for CMake module files
[2.662s] Level 1:colcon.colcon_core.environment:checking '/home/python/robot_ws/install/m_pubsub' for CMake config files
[2.663s] Level 1:colcon.colcon_core.environment:checking '/home/python/robot_ws/install/m_pubsub/lib'
[2.663s] Level 1:colcon.colcon_core.environment:checking '/home/python/robot_ws/install/m_pubsub/bin'
[2.664s] Level 1:colcon.colcon_core.environment:checking '/home/python/robot_ws/install/m_pubsub/lib/pkgconfig/m_pubsub.pc'
[2.664s] Level 1:colcon.colcon_core.environment:checking '/home/python/robot_ws/install/m_pubsub/lib/python3.8/site-packages'
[2.664s] Level 1:colcon.colcon_core.shell:create_environment_hook('m_pubsub', 'pythonpath')
[2.668s] INFO:colcon.colcon_core.shell:Creating environment hook '/home/python/robot_ws/install/m_pubsub/share/m_pubsub/hook/pythonpath.ps1'
[2.679s] INFO:colcon.colcon_core.shell:Creating environment descriptor '/home/python/robot_ws/install/m_pubsub/share/m_pubsub/hook/pythonpath.dsv'
[2.679s] INFO:colcon.colcon_core.shell:Creating environment hook '/home/python/robot_ws/install/m_pubsub/share/m_pubsub/hook/pythonpath.sh'
[2.680s] Level 1:colcon.colcon_core.environment:checking '/home/python/robot_ws/install/m_pubsub/bin'
[2.680s] Level 1:colcon.colcon_core.environment:create_environment_scripts_only(m_pubsub)
[2.685s] INFO:colcon.colcon_core.shell:Creating package script '/home/python/robot_ws/install/m_pubsub/share/m_pubsub/package.ps1'
[2.686s] INFO:colcon.colcon_core.shell:Creating package descriptor '/home/python/robot_ws/install/m_pubsub/share/m_pubsub/package.dsv'
[2.688s] INFO:colcon.colcon_core.shell:Creating package script '/home/python/robot_ws/install/m_pubsub/share/m_pubsub/package.sh'
[2.689s] INFO:colcon.colcon_core.shell:Creating package script '/home/python/robot_ws/install/m_pubsub/share/m_pubsub/package.bash'
[2.690s] INFO:colcon.colcon_core.shell:Creating package script '/home/python/robot_ws/install/m_pubsub/share/m_pubsub/package.zsh'
[2.691s] Level 1:colcon.colcon_core.environment:create_file_with_runtime_dependencies(/home/python/robot_ws/install/m_pubsub/share/colcon-core/packages/m_pubsub)
[2.692s] INFO:colcon.colcon_ros.task.ament_python.build:Building ROS package in '/home/python/robot_ws/src/move_turtle_pkg' with build type 'ament_python'
[2.693s] Level 1:colcon.colcon_core.shell:create_environment_hook('move_turtle_pkg', 'ament_prefix_path')
[2.697s] INFO:colcon.colcon_core.shell:Creating environment hook '/home/python/robot_ws/install/move_turtle_pkg/share/move_turtle_pkg/hook/ament_prefix_path.ps1'
[2.704s] INFO:colcon.colcon_core.shell:Creating environment descriptor '/home/python/robot_ws/install/move_turtle_pkg/share/move_turtle_pkg/hook/ament_prefix_path.dsv'
[2.704s] INFO:colcon.colcon_core.shell:Creating environment hook '/home/python/robot_ws/install/move_turtle_pkg/share/move_turtle_pkg/hook/ament_prefix_path.sh'
[2.708s] INFO:colcon.colcon_core.shell:Skip shell extension 'powershell' for command environment: Not usable outside of PowerShell
[2.714s] DEBUG:colcon.colcon_core.shell:Skip shell extension 'dsv' for command environment
[3.153s] INFO:colcon.colcon_core.task.python.build:Building Python package in '/home/python/robot_ws/src/move_turtle_pkg'
[3.158s] INFO:colcon.colcon_core.shell:Skip shell extension 'powershell' for command environment: Not usable outside of PowerShell
[3.158s] DEBUG:colcon.colcon_core.shell:Skip shell extension 'dsv' for command environment
[4.128s] DEBUG:colcon.colcon_core.event_handler.log_command:Invoking command in '/home/python/robot_ws/build/move_turtle_pkg': PYTHONPATH=/home/python/robot_ws/build/move_turtle_pkg/prefix_override:/home/python/robot_ws/install/move_turtle_pkg/lib/python3.8/site-packages:${PYTHONPATH} /usr/bin/python3 setup.py develop --editable --build-directory /home/python/robot_ws/build/move_turtle_pkg/build --no-deps install_data
[5.890s] Level 1:colcon.colcon_core.shell:create_environment_hook('move_turtle_pkg', 'pythonpath_develop')
[5.898s] DEBUG:colcon.colcon_core.event_handler.log_command:Invoked command in '/home/python/robot_ws/build/move_turtle_pkg' returned '0': PYTHONPATH=/home/python/robot_ws/build/move_turtle_pkg/prefix_override:/home/python/robot_ws/install/move_turtle_pkg/lib/python3.8/site-packages:${PYTHONPATH} /usr/bin/python3 setup.py develop --editable --build-directory /home/python/robot_ws/build/move_turtle_pkg/build --no-deps install_data
[5.905s] INFO:colcon.colcon_core.shell:Creating environment hook '/home/python/robot_ws/build/move_turtle_pkg/share/move_turtle_pkg/hook/pythonpath_develop.ps1'
[5.912s] INFO:colcon.colcon_core.shell:Creating environment descriptor '/home/python/robot_ws/build/move_turtle_pkg/share/move_turtle_pkg/hook/pythonpath_develop.dsv'
[5.912s] INFO:colcon.colcon_core.shell:Creating environment hook '/home/python/robot_ws/build/move_turtle_pkg/share/move_turtle_pkg/hook/pythonpath_develop.sh'
[5.946s] Level 1:colcon.colcon_core.environment:checking '/home/python/robot_ws/install/move_turtle_pkg' for CMake module files
[5.947s] Level 1:colcon.colcon_core.environment:checking '/home/python/robot_ws/install/move_turtle_pkg' for CMake config files
[5.948s] Level 1:colcon.colcon_core.environment:checking '/home/python/robot_ws/install/move_turtle_pkg/lib'
[5.948s] Level 1:colcon.colcon_core.environment:checking '/home/python/robot_ws/install/move_turtle_pkg/bin'
[5.948s] Level 1:colcon.colcon_core.environment:checking '/home/python/robot_ws/install/move_turtle_pkg/lib/pkgconfig/move_turtle_pkg.pc'
[5.948s] Level 1:colcon.colcon_core.environment:checking '/home/python/robot_ws/install/move_turtle_pkg/lib/python3.8/site-packages'
[5.948s] Level 1:colcon.colcon_core.shell:create_environment_hook('move_turtle_pkg', 'pythonpath')
[5.960s] INFO:colcon.colcon_core.shell:Creating environment hook '/home/python/robot_ws/install/move_turtle_pkg/share/move_turtle_pkg/hook/pythonpath.ps1'
[5.961s] INFO:colcon.colcon_core.shell:Creating environment descriptor '/home/python/robot_ws/install/move_turtle_pkg/share/move_turtle_pkg/hook/pythonpath.dsv'
[5.961s] INFO:colcon.colcon_core.shell:Creating environment hook '/home/python/robot_ws/install/move_turtle_pkg/share/move_turtle_pkg/hook/pythonpath.sh'
[5.974s] Level 1:colcon.colcon_core.environment:checking '/home/python/robot_ws/install/move_turtle_pkg/bin'
[5.974s] Level 1:colcon.colcon_core.environment:create_environment_scripts_only(move_turtle_pkg)
[5.986s] INFO:colcon.colcon_core.shell:Creating package script '/home/python/robot_ws/install/move_turtle_pkg/share/move_turtle_pkg/package.ps1'
[5.987s] INFO:colcon.colcon_core.shell:Creating package descriptor '/home/python/robot_ws/install/move_turtle_pkg/share/move_turtle_pkg/package.dsv'
[5.988s] INFO:colcon.colcon_core.shell:Creating package script '/home/python/robot_ws/install/move_turtle_pkg/share/move_turtle_pkg/package.sh'
[5.989s] INFO:colcon.colcon_core.shell:Creating package script '/home/python/robot_ws/install/move_turtle_pkg/share/move_turtle_pkg/package.bash'
[5.989s] INFO:colcon.colcon_core.shell:Creating package script '/home/python/robot_ws/install/move_turtle_pkg/share/move_turtle_pkg/package.zsh'
[5.997s] Level 1:colcon.colcon_core.environment:create_file_with_runtime_dependencies(/home/python/robot_ws/install/move_turtle_pkg/share/colcon-core/packages/move_turtle_pkg)
[16.439s] DEBUG:colcon.colcon_core.event_handler.log_command:Invoked command in '/home/python/robot_ws/build/class_test_interfaces' returned '0': CMAKE_PREFIX_PATH=/home/python/robot_ws/install/move_turtle_pkg:/home/python/robot_ws/install/m_pubsub:/opt/ros/foxy /usr/bin/cmake --build /home/python/robot_ws/build/class_test_interfaces -- -j2 -l2
[16.592s] DEBUG:colcon.colcon_core.event_handler.log_command:Invoking command in '/home/python/robot_ws/build/class_test_interfaces': CMAKE_PREFIX_PATH=/home/python/robot_ws/install/move_turtle_pkg:/home/python/robot_ws/install/m_pubsub:/opt/ros/foxy /usr/bin/cmake --install /home/python/robot_ws/build/class_test_interfaces
[18.171s] Level 1:colcon.colcon_core.environment:create_environment_scripts_only(class_test_interfaces)
[18.184s] Level 1:colcon.colcon_core.environment:checking '/home/python/robot_ws/install/class_test_interfaces' for CMake module files
[18.185s] DEBUG:colcon.colcon_core.event_handler.log_command:Invoked command in '/home/python/robot_ws/build/class_test_interfaces' returned '0': CMAKE_PREFIX_PATH=/home/python/robot_ws/install/move_turtle_pkg:/home/python/robot_ws/install/m_pubsub:/opt/ros/foxy /usr/bin/cmake --install /home/python/robot_ws/build/class_test_interfaces
[18.187s] Level 1:colcon.colcon_core.environment:checking '/home/python/robot_ws/install/class_test_interfaces' for CMake config files
[18.188s] Level 1:colcon.colcon_core.shell:create_environment_hook('class_test_interfaces', 'cmake_prefix_path')
[18.192s] INFO:colcon.colcon_core.shell:Creating environment hook '/home/python/robot_ws/install/class_test_interfaces/share/class_test_interfaces/hook/cmake_prefix_path.ps1'
[18.193s] INFO:colcon.colcon_core.shell:Creating environment descriptor '/home/python/robot_ws/install/class_test_interfaces/share/class_test_interfaces/hook/cmake_prefix_path.dsv'
[18.193s] INFO:colcon.colcon_core.shell:Creating environment hook '/home/python/robot_ws/install/class_test_interfaces/share/class_test_interfaces/hook/cmake_prefix_path.sh'
[18.196s] Level 1:colcon.colcon_core.environment:checking '/home/python/robot_ws/install/class_test_interfaces/lib'
[18.196s] Level 1:colcon.colcon_core.shell:create_environment_hook('class_test_interfaces', 'ld_library_path_lib')
[18.200s] INFO:colcon.colcon_core.shell:Creating environment hook '/home/python/robot_ws/install/class_test_interfaces/share/class_test_interfaces/hook/ld_library_path_lib.ps1'
[18.201s] INFO:colcon.colcon_core.shell:Creating environment descriptor '/home/python/robot_ws/install/class_test_interfaces/share/class_test_interfaces/hook/ld_library_path_lib.dsv'
[18.201s] INFO:colcon.colcon_core.shell:Creating environment hook '/home/python/robot_ws/install/class_test_interfaces/share/class_test_interfaces/hook/ld_library_path_lib.sh'
[18.202s] Level 1:colcon.colcon_core.environment:checking '/home/python/robot_ws/install/class_test_interfaces/bin'
[18.202s] Level 1:colcon.colcon_core.environment:checking '/home/python/robot_ws/install/class_test_interfaces/lib/pkgconfig/class_test_interfaces.pc'
[18.202s] Level 1:colcon.colcon_core.environment:checking '/home/python/robot_ws/install/class_test_interfaces/lib/python3.8/site-packages'
[18.203s] Level 1:colcon.colcon_core.shell:create_environment_hook('class_test_interfaces', 'pythonpath')
[18.207s] INFO:colcon.colcon_core.shell:Creating environment hook '/home/python/robot_ws/install/class_test_interfaces/share/class_test_interfaces/hook/pythonpath.ps1'
[18.207s] INFO:colcon.colcon_core.shell:Creating environment descriptor '/home/python/robot_ws/install/class_test_interfaces/share/class_test_interfaces/hook/pythonpath.dsv'
[18.247s] INFO:colcon.colcon_core.shell:Creating environment hook '/home/python/robot_ws/install/class_test_interfaces/share/class_test_interfaces/hook/pythonpath.sh'
[18.248s] Level 1:colcon.colcon_core.environment:checking '/home/python/robot_ws/install/class_test_interfaces/bin'
[18.252s] INFO:colcon.colcon_core.shell:Creating package script '/home/python/robot_ws/install/class_test_interfaces/share/class_test_interfaces/package.ps1'
[18.253s] INFO:colcon.colcon_core.shell:Creating package descriptor '/home/python/robot_ws/install/class_test_interfaces/share/class_test_interfaces/package.dsv'
[18.254s] INFO:colcon.colcon_core.shell:Creating package script '/home/python/robot_ws/install/class_test_interfaces/share/class_test_interfaces/package.sh'
[18.255s] INFO:colcon.colcon_core.shell:Creating package script '/home/python/robot_ws/install/class_test_interfaces/share/class_test_interfaces/package.bash'
[18.256s] INFO:colcon.colcon_core.shell:Creating package script '/home/python/robot_ws/install/class_test_interfaces/share/class_test_interfaces/package.zsh'
[18.256s] Level 1:colcon.colcon_core.environment:create_file_with_runtime_dependencies(/home/python/robot_ws/install/class_test_interfaces/share/colcon-core/packages/class_test_interfaces)
[18.383s] Level 1:colcon.colcon_core.environment:create_environment_scripts_only(class_test_interfaces)
[18.388s] Level 1:colcon.colcon_core.environment:checking '/home/python/robot_ws/install/class_test_interfaces' for CMake module files
[18.389s] Level 1:colcon.colcon_core.environment:checking '/home/python/robot_ws/install/class_test_interfaces' for CMake config files
[18.390s] Level 1:colcon.colcon_core.shell:create_environment_hook('class_test_interfaces', 'cmake_prefix_path')
[18.394s] INFO:colcon.colcon_core.shell:Creating environment hook '/home/python/robot_ws/install/class_test_interfaces/share/class_test_interfaces/hook/cmake_prefix_path.ps1'
[18.395s] INFO:colcon.colcon_core.shell:Creating environment descriptor '/home/python/robot_ws/install/class_test_interfaces/share/class_test_interfaces/hook/cmake_prefix_path.dsv'
[18.395s] INFO:colcon.colcon_core.shell:Creating environment hook '/home/python/robot_ws/install/class_test_interfaces/share/class_test_interfaces/hook/cmake_prefix_path.sh'
[18.396s] Level 1:colcon.colcon_core.environment:checking '/home/python/robot_ws/install/class_test_interfaces/lib'
[18.397s] Level 1:colcon.colcon_core.shell:create_environment_hook('class_test_interfaces', 'ld_library_path_lib')
[18.400s] INFO:colcon.colcon_core.shell:Creating environment hook '/home/python/robot_ws/install/class_test_interfaces/share/class_test_interfaces/hook/ld_library_path_lib.ps1'
[18.401s] INFO:colcon.colcon_core.shell:Creating environment descriptor '/home/python/robot_ws/install/class_test_interfaces/share/class_test_interfaces/hook/ld_library_path_lib.dsv'
[18.402s] INFO:colcon.colcon_core.shell:Creating environment hook '/home/python/robot_ws/install/class_test_interfaces/share/class_test_interfaces/hook/ld_library_path_lib.sh'
[18.402s] Level 1:colcon.colcon_core.environment:checking '/home/python/robot_ws/install/class_test_interfaces/bin'
[18.403s] Level 1:colcon.colcon_core.environment:checking '/home/python/robot_ws/install/class_test_interfaces/lib/pkgconfig/class_test_interfaces.pc'
[18.403s] Level 1:colcon.colcon_core.environment:checking '/home/python/robot_ws/install/class_test_interfaces/lib/python3.8/site-packages'
[18.403s] Level 1:colcon.colcon_core.shell:create_environment_hook('class_test_interfaces', 'pythonpath')
[18.407s] INFO:colcon.colcon_core.shell:Creating environment hook '/home/python/robot_ws/install/class_test_interfaces/share/class_test_interfaces/hook/pythonpath.ps1'
[18.407s] INFO:colcon.colcon_core.shell:Creating environment descriptor '/home/python/robot_ws/install/class_test_interfaces/share/class_test_interfaces/hook/pythonpath.dsv'
[18.408s] INFO:colcon.colcon_core.shell:Creating environment hook '/home/python/robot_ws/install/class_test_interfaces/share/class_test_interfaces/hook/pythonpath.sh'
[18.409s] Level 1:colcon.colcon_core.environment:checking '/home/python/robot_ws/install/class_test_interfaces/bin'
[18.413s] INFO:colcon.colcon_core.shell:Creating package script '/home/python/robot_ws/install/class_test_interfaces/share/class_test_interfaces/package.ps1'
[18.414s] INFO:colcon.colcon_core.shell:Creating package descriptor '/home/python/robot_ws/install/class_test_interfaces/share/class_test_interfaces/package.dsv'
[18.415s] INFO:colcon.colcon_core.shell:Creating package script '/home/python/robot_ws/install/class_test_interfaces/share/class_test_interfaces/package.sh'
[18.416s] INFO:colcon.colcon_core.shell:Creating package script '/home/python/robot_ws/install/class_test_interfaces/share/class_test_interfaces/package.bash'
[18.417s] INFO:colcon.colcon_core.shell:Creating package script '/home/python/robot_ws/install/class_test_interfaces/share/class_test_interfaces/package.zsh'
[18.417s] Level 1:colcon.colcon_core.environment:create_file_with_runtime_dependencies(/home/python/robot_ws/install/class_test_interfaces/share/colcon-core/packages/class_test_interfaces)
[18.419s] DEBUG:colcon.colcon_parallel_executor.executor.parallel:closing loop
[18.420s] DEBUG:colcon.colcon_parallel_executor.executor.parallel:loop closed
[18.420s] DEBUG:colcon.colcon_parallel_executor.executor.parallel:run_until_complete finished with '0'
[18.420s] DEBUG:colcon.colcon_core.event_reactor:joining thread
[18.431s] INFO:colcon.colcon_core.plugin_system:Skipping extension 'colcon_notification.desktop_notification.terminal_notifier': Not used on non-Darwin systems
[18.432s] INFO:colcon.colcon_core.plugin_system:Skipping extension 'colcon_notification.desktop_notification.win32': Not used on non-Windows systems
[18.432s] INFO:colcon.colcon_notification.desktop_notification:Sending desktop notification using 'notify2'
[18.458s] DEBUG:colcon.colcon_core.event_reactor:joined thread
[18.462s] INFO:colcon.colcon_core.shell:Creating prefix script '/home/python/robot_ws/install/local_setup.ps1'
[18.463s] INFO:colcon.colcon_core.shell:Creating prefix util module '/home/python/robot_ws/install/_local_setup_util_ps1.py'
[18.464s] INFO:colcon.colcon_core.shell:Creating prefix chain script '/home/python/robot_ws/install/setup.ps1'
[18.472s] INFO:colcon.colcon_core.shell:Creating prefix script '/home/python/robot_ws/install/local_setup.sh'
[18.473s] INFO:colcon.colcon_core.shell:Creating prefix util module '/home/python/robot_ws/install/_local_setup_util_sh.py'
[18.477s] INFO:colcon.colcon_core.shell:Creating prefix chain script '/home/python/robot_ws/install/setup.sh'
[18.480s] INFO:colcon.colcon_core.shell:Creating prefix script '/home/python/robot_ws/install/local_setup.bash'
[18.481s] INFO:colcon.colcon_core.shell:Creating prefix chain script '/home/python/robot_ws/install/setup.bash'
[18.483s] INFO:colcon.colcon_core.shell:Creating prefix script '/home/python/robot_ws/install/local_setup.zsh'
[18.485s] INFO:colcon.colcon_core.shell:Creating prefix chain script '/home/python/robot_ws/install/setup.zsh'
