[1.090s] Invoking command in '/home/python/robot_ws/build/m_pubsub': PYTHONPATH=/home/python/robot_ws/build/m_pubsub/prefix_override:/home/python/robot_ws/install/m_pubsub/lib/python3.8/site-packages:${PYTHONPATH} /usr/bin/python3 setup.py develop --editable --build-directory /home/python/robot_ws/build/m_pubsub/build --no-deps install_data
[1.420s] running develop
[1.594s] running egg_info
[1.595s] writing m_pubsub.egg-info/PKG-INFO
[1.596s] writing dependency_links to m_pubsub.egg-info/dependency_links.txt
[1.597s] writing entry points to m_pubsub.egg-info/entry_points.txt
[1.597s] writing requirements to m_pubsub.egg-info/requires.txt
[1.598s] writing top-level names to m_pubsub.egg-info/top_level.txt
[1.639s] reading manifest file 'm_pubsub.egg-info/SOURCES.txt'
[1.641s] writing manifest file 'm_pubsub.egg-info/SOURCES.txt'
[1.687s] running build_ext
[1.688s] Creating /home/python/robot_ws/install/m_pubsub/lib/python3.8/site-packages/m-pubsub.egg-link (link to .)
[1.689s] Installing mp script to /home/python/robot_ws/install/m_pubsub/lib/m_pubsub
[1.690s] Installing mp2 script to /home/python/robot_ws/install/m_pubsub/lib/m_pubsub
[1.691s] Installing ms script to /home/python/robot_ws/install/m_pubsub/lib/m_pubsub
[1.691s] Installing mt script to /home/python/robot_ws/install/m_pubsub/lib/m_pubsub
[1.692s] Installing tms script to /home/python/robot_ws/install/m_pubsub/lib/m_pubsub
[1.692s] Installing tp script to /home/python/robot_ws/install/m_pubsub/lib/m_pubsub
[1.693s] 
[1.693s] Installed /home/python/robot_ws/build/m_pubsub
[1.694s] running install_data
[1.722s] Invoked command in '/home/python/robot_ws/build/m_pubsub' returned '0': PYTHONPATH=/home/python/robot_ws/build/m_pubsub/prefix_override:/home/python/robot_ws/install/m_pubsub/lib/python3.8/site-packages:${PYTHONPATH} /usr/bin/python3 setup.py develop --editable --build-directory /home/python/robot_ws/build/m_pubsub/build --no-deps install_data
