[1.694s] Invoking command in '/home/python/robot_ws/build/m_pubsub': PYTHONPATH=/home/python/robot_ws/build/m_pubsub/prefix_override:/home/python/robot_ws/install/m_pubsub/lib/python3.8/site-packages:${PYTHONPATH} /usr/bin/python3 setup.py develop --editable --build-directory /home/python/robot_ws/build/m_pubsub/build --no-deps install_data
[2.014s] running develop
[2.261s] running egg_info
[2.262s] writing m_pubsub.egg-info/PKG-INFO
[2.262s] writing dependency_links to m_pubsub.egg-info/dependency_links.txt
[2.263s] writing entry points to m_pubsub.egg-info/entry_points.txt
[2.263s] writing requirements to m_pubsub.egg-info/requires.txt
[2.263s] writing top-level names to m_pubsub.egg-info/top_level.txt
[2.316s] reading manifest file 'm_pubsub.egg-info/SOURCES.txt'
[2.317s] writing manifest file 'm_pubsub.egg-info/SOURCES.txt'
[2.370s] running build_ext
[2.370s] Creating /home/python/robot_ws/install/m_pubsub/lib/python3.8/site-packages/m-pubsub.egg-link (link to .)
[2.371s] Installing mp script to /home/python/robot_ws/install/m_pubsub/lib/m_pubsub
[2.372s] Installing mp2 script to /home/python/robot_ws/install/m_pubsub/lib/m_pubsub
[2.372s] Installing ms script to /home/python/robot_ws/install/m_pubsub/lib/m_pubsub
[2.373s] Installing mt script to /home/python/robot_ws/install/m_pubsub/lib/m_pubsub
[2.373s] Installing tms script to /home/python/robot_ws/install/m_pubsub/lib/m_pubsub
[2.373s] Installing tp script to /home/python/robot_ws/install/m_pubsub/lib/m_pubsub
[2.373s] 
[2.374s] Installed /home/python/robot_ws/build/m_pubsub
[2.374s] running install_data
[2.420s] Invoked command in '/home/python/robot_ws/build/m_pubsub' returned '0': PYTHONPATH=/home/python/robot_ws/build/m_pubsub/prefix_override:/home/python/robot_ws/install/m_pubsub/lib/python3.8/site-packages:${PYTHONPATH} /usr/bin/python3 setup.py develop --editable --build-directory /home/python/robot_ws/build/m_pubsub/build --no-deps install_data
