[1.497s] Invoking command in '/home/python/robot_ws/build/m_pubsub': PYTHONPATH=/home/python/robot_ws/build/m_pubsub/prefix_override:/home/python/robot_ws/install/m_pubsub/lib/python3.8/site-packages:${PYTHONPATH} /usr/bin/python3 setup.py develop --editable --build-directory /home/python/robot_ws/build/m_pubsub/build --no-deps install_data
[1.948s] running develop
[2.200s] running egg_info
[2.201s] writing m_pubsub.egg-info/PKG-INFO
[2.202s] writing dependency_links to m_pubsub.egg-info/dependency_links.txt
[2.203s] writing entry points to m_pubsub.egg-info/entry_points.txt
[2.204s] writing requirements to m_pubsub.egg-info/requires.txt
[2.205s] writing top-level names to m_pubsub.egg-info/top_level.txt
[2.269s] reading manifest file 'm_pubsub.egg-info/SOURCES.txt'
[2.271s] writing manifest file 'm_pubsub.egg-info/SOURCES.txt'
[2.342s] running build_ext
[2.342s] Creating /home/python/robot_ws/install/m_pubsub/lib/python3.8/site-packages/m-pubsub.egg-link (link to .)
[2.347s] Installing mp script to /home/python/robot_ws/install/m_pubsub/lib/m_pubsub
[2.349s] Installing mp2 script to /home/python/robot_ws/install/m_pubsub/lib/m_pubsub
[2.349s] Installing ms script to /home/python/robot_ws/install/m_pubsub/lib/m_pubsub
[2.350s] Installing mt script to /home/python/robot_ws/install/m_pubsub/lib/m_pubsub
[2.351s] Installing tms script to /home/python/robot_ws/install/m_pubsub/lib/m_pubsub
[2.351s] Installing tp script to /home/python/robot_ws/install/m_pubsub/lib/m_pubsub
[2.352s] 
[2.352s] Installed /home/python/robot_ws/build/m_pubsub
[2.353s] running install_data
[2.399s] Invoked command in '/home/python/robot_ws/build/m_pubsub' returned '0': PYTHONPATH=/home/python/robot_ws/build/m_pubsub/prefix_override:/home/python/robot_ws/install/m_pubsub/lib/python3.8/site-packages:${PYTHONPATH} /usr/bin/python3 setup.py develop --editable --build-directory /home/python/robot_ws/build/m_pubsub/build --no-deps install_data
