[1.065s] Invoking command in '/home/python/robot_ws/build/m_pubsub': PYTHONPATH=/home/python/robot_ws/build/m_pubsub/prefix_override:/home/python/robot_ws/install/m_pubsub/lib/python3.8/site-packages:${PYTHONPATH} /usr/bin/python3 setup.py develop --editable --build-directory /home/python/robot_ws/build/m_pubsub/build --no-deps install_data
[1.420s] running develop
[1.604s] running egg_info
[1.605s] writing m_pubsub.egg-info/PKG-INFO
[1.606s] writing dependency_links to m_pubsub.egg-info/dependency_links.txt
[1.607s] writing entry points to m_pubsub.egg-info/entry_points.txt
[1.607s] writing requirements to m_pubsub.egg-info/requires.txt
[1.608s] writing top-level names to m_pubsub.egg-info/top_level.txt
[1.652s] reading manifest file 'm_pubsub.egg-info/SOURCES.txt'
[1.653s] writing manifest file 'm_pubsub.egg-info/SOURCES.txt'
[1.701s] running build_ext
[1.702s] Creating /home/python/robot_ws/install/m_pubsub/lib/python3.8/site-packages/m-pubsub.egg-link (link to .)
[1.705s] Installing mp script to /home/python/robot_ws/install/m_pubsub/lib/m_pubsub
[1.706s] Installing mp2 script to /home/python/robot_ws/install/m_pubsub/lib/m_pubsub
[1.706s] Installing ms script to /home/python/robot_ws/install/m_pubsub/lib/m_pubsub
[1.707s] Installing mt script to /home/python/robot_ws/install/m_pubsub/lib/m_pubsub
[1.707s] Installing tms script to /home/python/robot_ws/install/m_pubsub/lib/m_pubsub
[1.708s] Installing tp script to /home/python/robot_ws/install/m_pubsub/lib/m_pubsub
[1.709s] 
[1.711s] Installed /home/python/robot_ws/build/m_pubsub
[1.712s] running install_data
[1.751s] Invoked command in '/home/python/robot_ws/build/m_pubsub' returned '0': PYTHONPATH=/home/python/robot_ws/build/m_pubsub/prefix_override:/home/python/robot_ws/install/m_pubsub/lib/python3.8/site-packages:${PYTHONPATH} /usr/bin/python3 setup.py develop --editable --build-directory /home/python/robot_ws/build/m_pubsub/build --no-deps install_data
