[1.213s] Invoking command in '/home/python/robot_ws/build/m_pubsub': PYTHONPATH=/home/python/robot_ws/build/m_pubsub/prefix_override:/home/python/robot_ws/install/m_pubsub/lib/python3.8/site-packages:${PYTHONPATH} /usr/bin/python3 setup.py develop --editable --build-directory /home/python/robot_ws/build/m_pubsub/build --no-deps install_data
[1.547s] running develop
[1.749s] running egg_info
[1.750s] writing m_pubsub.egg-info/PKG-INFO
[1.750s] writing dependency_links to m_pubsub.egg-info/dependency_links.txt
[1.751s] writing entry points to m_pubsub.egg-info/entry_points.txt
[1.751s] writing requirements to m_pubsub.egg-info/requires.txt
[1.752s] writing top-level names to m_pubsub.egg-info/top_level.txt
[1.796s] reading manifest file 'm_pubsub.egg-info/SOURCES.txt'
[1.797s] writing manifest file 'm_pubsub.egg-info/SOURCES.txt'
[1.853s] running build_ext
[1.854s] Creating /home/python/robot_ws/install/m_pubsub/lib/python3.8/site-packages/m-pubsub.egg-link (link to .)
[1.855s] Installing mp script to /home/python/robot_ws/install/m_pubsub/lib/m_pubsub
[1.856s] Installing mp2 script to /home/python/robot_ws/install/m_pubsub/lib/m_pubsub
[1.856s] Installing ms script to /home/python/robot_ws/install/m_pubsub/lib/m_pubsub
[1.857s] Installing mt script to /home/python/robot_ws/install/m_pubsub/lib/m_pubsub
[1.857s] Installing tms script to /home/python/robot_ws/install/m_pubsub/lib/m_pubsub
[1.858s] Installing tp script to /home/python/robot_ws/install/m_pubsub/lib/m_pubsub
[1.858s] 
[1.858s] Installed /home/python/robot_ws/build/m_pubsub
[1.859s] running install_data
[1.891s] Invoked command in '/home/python/robot_ws/build/m_pubsub' returned '0': PYTHONPATH=/home/python/robot_ws/build/m_pubsub/prefix_override:/home/python/robot_ws/install/m_pubsub/lib/python3.8/site-packages:${PYTHONPATH} /usr/bin/python3 setup.py develop --editable --build-directory /home/python/robot_ws/build/m_pubsub/build --no-deps install_data
