[1.697s] Invoking command in '/home/python/robot_ws/build/m_pubsub': PYTHONPATH=/home/python/robot_ws/build/m_pubsub/prefix_override:/home/python/robot_ws/install/m_pubsub/lib/python3.8/site-packages:${PYTHONPATH} /usr/bin/python3 setup.py develop --editable --build-directory /home/python/robot_ws/build/m_pubsub/build --no-deps install_data
[2.154s] running develop
[2.390s] running egg_info
[2.390s] writing m_pubsub.egg-info/PKG-INFO
[2.394s] writing dependency_links to m_pubsub.egg-info/dependency_links.txt
[2.394s] writing entry points to m_pubsub.egg-info/entry_points.txt
[2.395s] writing requirements to m_pubsub.egg-info/requires.txt
[2.396s] writing top-level names to m_pubsub.egg-info/top_level.txt
[2.453s] reading manifest file 'm_pubsub.egg-info/SOURCES.txt'
[2.455s] writing manifest file 'm_pubsub.egg-info/SOURCES.txt'
[2.514s] running build_ext
[2.515s] Creating /home/python/robot_ws/install/m_pubsub/lib/python3.8/site-packages/m-pubsub.egg-link (link to .)
[2.517s] Installing mp script to /home/python/robot_ws/install/m_pubsub/lib/m_pubsub
[2.518s] Installing mp2 script to /home/python/robot_ws/install/m_pubsub/lib/m_pubsub
[2.518s] Installing ms script to /home/python/robot_ws/install/m_pubsub/lib/m_pubsub
[2.519s] Installing mt script to /home/python/robot_ws/install/m_pubsub/lib/m_pubsub
[2.520s] Installing tms script to /home/python/robot_ws/install/m_pubsub/lib/m_pubsub
[2.520s] Installing tp script to /home/python/robot_ws/install/m_pubsub/lib/m_pubsub
[2.521s] 
[2.521s] Installed /home/python/robot_ws/build/m_pubsub
[2.522s] running install_data
[2.572s] Invoked command in '/home/python/robot_ws/build/m_pubsub' returned '0': PYTHONPATH=/home/python/robot_ws/build/m_pubsub/prefix_override:/home/python/robot_ws/install/m_pubsub/lib/python3.8/site-packages:${PYTHONPATH} /usr/bin/python3 setup.py develop --editable --build-directory /home/python/robot_ws/build/m_pubsub/build --no-deps install_data
