[1.435s] Invoking command in '/home/python/robot_ws/build/m_pubsub': PYTHONPATH=/home/python/robot_ws/build/m_pubsub/prefix_override:/home/python/robot_ws/install/m_pubsub/lib/python3.8/site-packages:${PYTHONPATH} /usr/bin/python3 setup.py develop --editable --build-directory /home/python/robot_ws/build/m_pubsub/build --no-deps install_data
[1.791s] running develop
[1.990s] running egg_info
[1.990s] writing m_pubsub.egg-info/PKG-INFO
[1.990s] writing dependency_links to m_pubsub.egg-info/dependency_links.txt
[1.991s] writing entry points to m_pubsub.egg-info/entry_points.txt
[1.991s] writing requirements to m_pubsub.egg-info/requires.txt
[1.992s] writing top-level names to m_pubsub.egg-info/top_level.txt
[2.036s] reading manifest file 'm_pubsub.egg-info/SOURCES.txt'
[2.037s] writing manifest file 'm_pubsub.egg-info/SOURCES.txt'
[2.093s] running build_ext
[2.094s] Creating /home/python/robot_ws/install/m_pubsub/lib/python3.8/site-packages/m-pubsub.egg-link (link to .)
[2.096s] Installing mp script to /home/python/robot_ws/install/m_pubsub/lib/m_pubsub
[2.097s] Installing mp2 script to /home/python/robot_ws/install/m_pubsub/lib/m_pubsub
[2.097s] Installing ms script to /home/python/robot_ws/install/m_pubsub/lib/m_pubsub
[2.098s] Installing mt script to /home/python/robot_ws/install/m_pubsub/lib/m_pubsub
[2.098s] Installing tms script to /home/python/robot_ws/install/m_pubsub/lib/m_pubsub
[2.099s] Installing tp script to /home/python/robot_ws/install/m_pubsub/lib/m_pubsub
[2.100s] 
[2.100s] Installed /home/python/robot_ws/build/m_pubsub
[2.100s] running install_data
[2.135s] Invoked command in '/home/python/robot_ws/build/m_pubsub' returned '0': PYTHONPATH=/home/python/robot_ws/build/m_pubsub/prefix_override:/home/python/robot_ws/install/m_pubsub/lib/python3.8/site-packages:${PYTHONPATH} /usr/bin/python3 setup.py develop --editable --build-directory /home/python/robot_ws/build/m_pubsub/build --no-deps install_data
