[1.104s] Invoking command in '/home/python/robot_ws/build/m_pubsub': PYTHONPATH=/home/python/robot_ws/build/m_pubsub/prefix_override:/home/python/robot_ws/install/m_pubsub/lib/python3.8/site-packages:${PYTHONPATH} /usr/bin/python3 setup.py develop --editable --build-directory /home/python/robot_ws/build/m_pubsub/build --no-deps install_data
[1.424s] running develop
[1.629s] running egg_info
[1.630s] writing m_pubsub.egg-info/PKG-INFO
[1.630s] writing dependency_links to m_pubsub.egg-info/dependency_links.txt
[1.631s] writing entry points to m_pubsub.egg-info/entry_points.txt
[1.631s] writing requirements to m_pubsub.egg-info/requires.txt
[1.632s] writing top-level names to m_pubsub.egg-info/top_level.txt
[1.674s] reading manifest file 'm_pubsub.egg-info/SOURCES.txt'
[1.675s] writing manifest file 'm_pubsub.egg-info/SOURCES.txt'
[1.720s] running build_ext
[1.721s] Creating /home/python/robot_ws/install/m_pubsub/lib/python3.8/site-packages/m-pubsub.egg-link (link to .)
[1.723s] Installing mp script to /home/python/robot_ws/install/m_pubsub/lib/m_pubsub
[1.723s] Installing mp2 script to /home/python/robot_ws/install/m_pubsub/lib/m_pubsub
[1.723s] Installing ms script to /home/python/robot_ws/install/m_pubsub/lib/m_pubsub
[1.724s] Installing mt script to /home/python/robot_ws/install/m_pubsub/lib/m_pubsub
[1.724s] Installing tms script to /home/python/robot_ws/install/m_pubsub/lib/m_pubsub
[1.725s] Installing tp script to /home/python/robot_ws/install/m_pubsub/lib/m_pubsub
[1.726s] 
[1.726s] Installed /home/python/robot_ws/build/m_pubsub
[1.726s] running install_data
[1.763s] Invoked command in '/home/python/robot_ws/build/m_pubsub' returned '0': PYTHONPATH=/home/python/robot_ws/build/m_pubsub/prefix_override:/home/python/robot_ws/install/m_pubsub/lib/python3.8/site-packages:${PYTHONPATH} /usr/bin/python3 setup.py develop --editable --build-directory /home/python/robot_ws/build/m_pubsub/build --no-deps install_data
