[1.066s] Invoking command in '/home/python/robot_ws/build/m_pubsub': PYTHONPATH=/home/python/robot_ws/build/m_pubsub/prefix_override:/home/python/robot_ws/install/m_pubsub/lib/python3.8/site-packages:${PYTHONPATH} /usr/bin/python3 setup.py develop --editable --build-directory /home/python/robot_ws/build/m_pubsub/build --no-deps install_data
[1.423s] running develop
[1.613s] running egg_info
[1.614s] writing m_pubsub.egg-info/PKG-INFO
[1.614s] writing dependency_links to m_pubsub.egg-info/dependency_links.txt
[1.615s] writing entry points to m_pubsub.egg-info/entry_points.txt
[1.616s] writing requirements to m_pubsub.egg-info/requires.txt
[1.616s] writing top-level names to m_pubsub.egg-info/top_level.txt
[1.658s] reading manifest file 'm_pubsub.egg-info/SOURCES.txt'
[1.659s] writing manifest file 'm_pubsub.egg-info/SOURCES.txt'
[1.705s] running build_ext
[1.706s] Creating /home/python/robot_ws/install/m_pubsub/lib/python3.8/site-packages/m-pubsub.egg-link (link to .)
[1.707s] Installing mp script to /home/python/robot_ws/install/m_pubsub/lib/m_pubsub
[1.709s] Installing mp2 script to /home/python/robot_ws/install/m_pubsub/lib/m_pubsub
[1.709s] Installing ms script to /home/python/robot_ws/install/m_pubsub/lib/m_pubsub
[1.710s] Installing mt script to /home/python/robot_ws/install/m_pubsub/lib/m_pubsub
[1.710s] Installing tms script to /home/python/robot_ws/install/m_pubsub/lib/m_pubsub
[1.710s] Installing tp script to /home/python/robot_ws/install/m_pubsub/lib/m_pubsub
[1.711s] 
[1.711s] Installed /home/python/robot_ws/build/m_pubsub
[1.712s] running install_data
[1.761s] Invoked command in '/home/python/robot_ws/build/m_pubsub' returned '0': PYTHONPATH=/home/python/robot_ws/build/m_pubsub/prefix_override:/home/python/robot_ws/install/m_pubsub/lib/python3.8/site-packages:${PYTHONPATH} /usr/bin/python3 setup.py develop --editable --build-directory /home/python/robot_ws/build/m_pubsub/build --no-deps install_data
