[1.527s] Invoking command in '/home/python/robot_ws/build/m_pubsub': PYTHONPATH=/home/python/robot_ws/build/m_pubsub/prefix_override:/home/python/robot_ws/install/m_pubsub/lib/python3.8/site-packages:${PYTHONPATH} /usr/bin/python3 setup.py develop --editable --build-directory /home/python/robot_ws/build/m_pubsub/build --no-deps install_data
[1.856s] running develop
[2.048s] running egg_info
[2.049s] writing m_pubsub.egg-info/PKG-INFO
[2.049s] writing dependency_links to m_pubsub.egg-info/dependency_links.txt
[2.049s] writing entry points to m_pubsub.egg-info/entry_points.txt
[2.049s] writing requirements to m_pubsub.egg-info/requires.txt
[2.049s] writing top-level names to m_pubsub.egg-info/top_level.txt
[2.089s] reading manifest file 'm_pubsub.egg-info/SOURCES.txt'
[2.090s] writing manifest file 'm_pubsub.egg-info/SOURCES.txt'
[2.139s] running build_ext
[2.140s] Creating /home/python/robot_ws/install/m_pubsub/lib/python3.8/site-packages/m-pubsub.egg-link (link to .)
[2.142s] Installing mp script to /home/python/robot_ws/install/m_pubsub/lib/m_pubsub
[2.143s] Installing mp2 script to /home/python/robot_ws/install/m_pubsub/lib/m_pubsub
[2.143s] Installing ms script to /home/python/robot_ws/install/m_pubsub/lib/m_pubsub
[2.144s] Installing mt script to /home/python/robot_ws/install/m_pubsub/lib/m_pubsub
[2.145s] Installing tms script to /home/python/robot_ws/install/m_pubsub/lib/m_pubsub
[2.145s] Installing tp script to /home/python/robot_ws/install/m_pubsub/lib/m_pubsub
[2.145s] 
[2.146s] Installed /home/python/robot_ws/build/m_pubsub
[2.146s] running install_data
[2.174s] Invoked command in '/home/python/robot_ws/build/m_pubsub' returned '0': PYTHONPATH=/home/python/robot_ws/build/m_pubsub/prefix_override:/home/python/robot_ws/install/m_pubsub/lib/python3.8/site-packages:${PYTHONPATH} /usr/bin/python3 setup.py develop --editable --build-directory /home/python/robot_ws/build/m_pubsub/build --no-deps install_data
