[0.035s] Invoking command in '/home/python/robot_ws/build/ros2_aruco_interfaces': CMAKE_PREFIX_PATH=${CMAKE_PREFIX_PATH}:/home/python/robot_ws/install/tb3_move:/home/python/robot_ws/install/test_para:/home/python/robot_ws/install/test_num:/home/python/robot_ws/install/move_turtle_pkg:/home/python/robot_ws/install/m_pubsub:/opt/ros/foxy /usr/bin/cmake /home/python/robot_ws/src/aruco_marker-in-ROS2/ros2_aruco/ros2_aruco_interfaces -DAMENT_CMAKE_SYMLINK_INSTALL=1 -DCMAKE_INSTALL_PREFIX=/home/python/robot_ws/install/ros2_aruco_interfaces
[0.466s] -- The C compiler identification is GNU 9.4.0
[0.753s] -- The CXX compiler identification is GNU 9.4.0
[0.770s] -- Check for working C compiler: /usr/bin/cc
[0.882s] -- Check for working C compiler: /usr/bin/cc -- works
[0.885s] -- Detecting C compiler ABI info
[1.005s] -- Detecting C compiler ABI info - done
[1.016s] -- Detecting C compile features
[1.018s] -- Detecting C compile features - done
[1.024s] -- Check for working CXX compiler: /usr/bin/c++
[1.159s] -- Check for working CXX compiler: /usr/bin/c++ -- works
[1.159s] -- Detecting CXX compiler ABI info
[1.295s] -- Detecting CXX compiler ABI info - done
[1.311s] -- Detecting CXX compile features
[1.311s] -- Detecting CXX compile features - done
[1.321s] -- Found ament_cmake: 0.9.11 (/opt/ros/foxy/share/ament_cmake/cmake)
[1.390s] -- Found PythonInterp: /usr/bin/python3 (found suitable version "3.8.10", minimum required is "3") 
[1.391s] -- Using PYTHON_EXECUTABLE: /usr/bin/python3
[1.677s] -- Override CMake install command with custom implementation using symlinks instead of copying resources
[1.731s] -- Found geometry_msgs: 2.0.5 (/opt/ros/foxy/share/geometry_msgs/cmake)
[1.800s] -- Using all available rosidl_typesupport_c: rosidl_typesupport_fastrtps_c;rosidl_typesupport_introspection_c
[1.814s] -- Found rosidl_adapter: 1.3.0 (/opt/ros/foxy/share/rosidl_adapter/cmake)
[1.948s] -- Found OpenSSL: /usr/lib/x86_64-linux-gnu/libcrypto.so (found version "1.1.1f")  
[2.013s] -- Found FastRTPS: /opt/ros/foxy/include  
[2.167s] -- Using all available rosidl_typesupport_cpp: rosidl_typesupport_fastrtps_cpp;rosidl_typesupport_introspection_cpp
[2.306s] -- Found rosidl_default_generators: 1.0.1 (/opt/ros/foxy/share/rosidl_default_generators/cmake)
[2.368s] -- Found PythonInterp: /usr/bin/python3 (found version "3.8.10") 
[2.684s] -- Found ament_cmake_ros: 0.9.2 (/opt/ros/foxy/share/ament_cmake_ros/cmake)
[3.099s] -- Using all available rosidl_typesupport_c: rosidl_typesupport_fastrtps_c;rosidl_typesupport_introspection_c
[3.291s] -- Using all available rosidl_typesupport_cpp: rosidl_typesupport_fastrtps_cpp;rosidl_typesupport_introspection_cpp
[3.353s] -- Found PythonInterp: /usr/bin/python3 (found suitable version "3.8.10", minimum required is "3.5") 
[3.357s] -- Found python_cmake_module: 0.8.1 (/opt/ros/foxy/share/python_cmake_module/cmake)
[3.412s] -- Found PythonLibs: /usr/lib/x86_64-linux-gnu/libpython3.8.so (found suitable version "3.8.10", minimum required is "3.5") 
[3.412s] -- Using PYTHON_EXECUTABLE: /usr/bin/python3
[3.413s] -- Using PYTHON_INCLUDE_DIRS: /usr/include/python3.8
[3.413s] -- Using PYTHON_LIBRARIES: /usr/lib/x86_64-linux-gnu/libpython3.8.so
[3.458s] -- Found PythonExtra: .so  
[3.616s] -- Found ament_lint_auto: 0.9.7 (/opt/ros/foxy/share/ament_lint_auto/cmake)
[3.676s] -- Added test 'copyright' to check source files copyright and LICENSE
[3.680s] -- Added test 'lint_cmake' to check CMake code style
[3.683s] -- Added test 'xmllint' to check XML markup files
[3.700s] -- Configuring done
[3.810s] -- Generating done
[3.816s] -- Build files have been written to: /home/python/robot_ws/build/ros2_aruco_interfaces
