[1.030s] Invoking command in '/home/python/robot_ws/build/ros2_aruco': PYTHONPATH=/home/python/robot_ws/build/ros2_aruco/prefix_override:/home/python/robot_ws/install/ros2_aruco/lib/python3.8/site-packages:${PYTHONPATH} /usr/bin/python3 setup.py develop --editable --build-directory /home/python/robot_ws/build/ros2_aruco/build --no-deps install_data
[1.393s] running develop
[1.683s] running egg_info
[1.684s] creating ros2_aruco.egg-info
[1.684s] writing ros2_aruco.egg-info/PKG-INFO
[1.684s] writing dependency_links to ros2_aruco.egg-info/dependency_links.txt
[1.684s] writing entry points to ros2_aruco.egg-info/entry_points.txt
[1.684s] writing requirements to ros2_aruco.egg-info/requires.txt
[1.685s] writing top-level names to ros2_aruco.egg-info/top_level.txt
[1.685s] writing manifest file 'ros2_aruco.egg-info/SOURCES.txt'
[1.751s] package init file 'ros2_aruco/__init__.py' not found (or not a regular file)
[1.752s] reading manifest file 'ros2_aruco.egg-info/SOURCES.txt'
[1.753s] writing manifest file 'ros2_aruco.egg-info/SOURCES.txt'
[1.857s] running build_ext
[1.859s] Creating /home/python/robot_ws/install/ros2_aruco/lib/python3.8/site-packages/site.py
[1.867s] Creating /home/python/robot_ws/install/ros2_aruco/lib/python3.8/site-packages/ros2-aruco.egg-link (link to .)
[1.870s] Installing aruco_generate_marker script to /home/python/robot_ws/install/ros2_aruco/lib/ros2_aruco
[1.870s] Installing aruco_node script to /home/python/robot_ws/install/ros2_aruco/lib/ros2_aruco
[1.870s] 
[1.870s] Installed /home/python/robot_ws/build/ros2_aruco
[1.870s] running install_data
[1.870s] creating /home/python/robot_ws/install/ros2_aruco/share/ament_index
[1.871s] creating /home/python/robot_ws/install/ros2_aruco/share/ament_index/resource_index
[1.871s] creating /home/python/robot_ws/install/ros2_aruco/share/ament_index/resource_index/packages
[1.871s] error: can't copy 'resource/ros2_aruco': doesn't exist or not a regular file
[1.924s] Invoked command in '/home/python/robot_ws/build/ros2_aruco' returned '1': PYTHONPATH=/home/python/robot_ws/build/ros2_aruco/prefix_override:/home/python/robot_ws/install/ros2_aruco/lib/python3.8/site-packages:${PYTHONPATH} /usr/bin/python3 setup.py develop --editable --build-directory /home/python/robot_ws/build/ros2_aruco/build --no-deps install_data
