[1.060s] Invoking command in '/home/python/robot_ws/build/m_pubsub': PYTHONPATH=/home/python/robot_ws/build/m_pubsub/prefix_override:/home/python/robot_ws/install/m_pubsub/lib/python3.8/site-packages:${PYTHONPATH} /usr/bin/python3 setup.py develop --editable --build-directory /home/python/robot_ws/build/m_pubsub/build --no-deps install_data
[1.440s] running develop
[1.629s] running egg_info
[1.629s] writing m_pubsub.egg-info/PKG-INFO
[1.630s] writing dependency_links to m_pubsub.egg-info/dependency_links.txt
[1.631s] writing entry points to m_pubsub.egg-info/entry_points.txt
[1.631s] writing requirements to m_pubsub.egg-info/requires.txt
[1.632s] writing top-level names to m_pubsub.egg-info/top_level.txt
[1.686s] reading manifest file 'm_pubsub.egg-info/SOURCES.txt'
[1.687s] writing manifest file 'm_pubsub.egg-info/SOURCES.txt'
[1.733s] running build_ext
[1.734s] Creating /home/python/robot_ws/install/m_pubsub/lib/python3.8/site-packages/m-pubsub.egg-link (link to .)
[1.735s] Installing mp script to /home/python/robot_ws/install/m_pubsub/lib/m_pubsub
[1.736s] Installing mp2 script to /home/python/robot_ws/install/m_pubsub/lib/m_pubsub
[1.737s] Installing ms script to /home/python/robot_ws/install/m_pubsub/lib/m_pubsub
[1.737s] Installing mt script to /home/python/robot_ws/install/m_pubsub/lib/m_pubsub
[1.738s] Installing tms script to /home/python/robot_ws/install/m_pubsub/lib/m_pubsub
[1.738s] Installing tp script to /home/python/robot_ws/install/m_pubsub/lib/m_pubsub
[1.739s] 
[1.739s] Installed /home/python/robot_ws/build/m_pubsub
[1.740s] running install_data
[1.770s] Invoked command in '/home/python/robot_ws/build/m_pubsub' returned '0': PYTHONPATH=/home/python/robot_ws/build/m_pubsub/prefix_override:/home/python/robot_ws/install/m_pubsub/lib/python3.8/site-packages:${PYTHONPATH} /usr/bin/python3 setup.py develop --editable --build-directory /home/python/robot_ws/build/m_pubsub/build --no-deps install_data
