[1.390s] Invoking command in '/home/python/robot_ws/build/m_pubsub': PYTHONPATH=/home/python/robot_ws/build/m_pubsub/prefix_override:/home/python/robot_ws/install/m_pubsub/lib/python3.8/site-packages:${PYTHONPATH} /usr/bin/python3 setup.py develop --editable --build-directory /home/python/robot_ws/build/m_pubsub/build --no-deps install_data
[1.902s] running develop
[2.119s] running egg_info
[2.120s] creating m_pubsub.egg-info
[2.120s] writing m_pubsub.egg-info/PKG-INFO
[2.121s] writing dependency_links to m_pubsub.egg-info/dependency_links.txt
[2.122s] writing entry points to m_pubsub.egg-info/entry_points.txt
[2.122s] writing requirements to m_pubsub.egg-info/requires.txt
[2.123s] writing top-level names to m_pubsub.egg-info/top_level.txt
[2.129s] writing manifest file 'm_pubsub.egg-info/SOURCES.txt'
[2.196s] reading manifest file 'm_pubsub.egg-info/SOURCES.txt'
[2.198s] writing manifest file 'm_pubsub.egg-info/SOURCES.txt'
[2.255s] running build_ext
[2.256s] Creating /home/python/robot_ws/install/m_pubsub/lib/python3.8/site-packages/site.py
[2.259s] Creating /home/python/robot_ws/install/m_pubsub/lib/python3.8/site-packages/m-pubsub.egg-link (link to .)
[2.263s] Installing mp script to /home/python/robot_ws/install/m_pubsub/lib/m_pubsub
[2.263s] Installing ms script to /home/python/robot_ws/install/m_pubsub/lib/m_pubsub
[2.264s] 
[2.265s] Installed /home/python/robot_ws/build/m_pubsub
[2.265s] running install_data
[2.266s] creating /home/python/robot_ws/install/m_pubsub/share/ament_index
[2.266s] creating /home/python/robot_ws/install/m_pubsub/share/ament_index/resource_index
[2.267s] creating /home/python/robot_ws/install/m_pubsub/share/ament_index/resource_index/packages
[2.268s] copying resource/m_pubsub -> /home/python/robot_ws/install/m_pubsub/share/ament_index/resource_index/packages
[2.268s] copying package.xml -> /home/python/robot_ws/install/m_pubsub/share/m_pubsub
[2.318s] Invoked command in '/home/python/robot_ws/build/m_pubsub' returned '0': PYTHONPATH=/home/python/robot_ws/build/m_pubsub/prefix_override:/home/python/robot_ws/install/m_pubsub/lib/python3.8/site-packages:${PYTHONPATH} /usr/bin/python3 setup.py develop --editable --build-directory /home/python/robot_ws/build/m_pubsub/build --no-deps install_data
