[0.934s] Invoking command in '/home/python/robot_ws/build/m_pubsub': PYTHONPATH=/home/python/robot_ws/build/m_pubsub/prefix_override:/home/python/robot_ws/install/m_pubsub/lib/python3.8/site-packages:${PYTHONPATH} /usr/bin/python3 setup.py develop --editable --build-directory /home/python/robot_ws/build/m_pubsub/build --no-deps install_data
[1.287s] running develop
[1.487s] running egg_info
[1.487s] writing m_pubsub.egg-info/PKG-INFO
[1.487s] writing dependency_links to m_pubsub.egg-info/dependency_links.txt
[1.487s] writing entry points to m_pubsub.egg-info/entry_points.txt
[1.488s] writing requirements to m_pubsub.egg-info/requires.txt
[1.488s] writing top-level names to m_pubsub.egg-info/top_level.txt
[1.532s] reading manifest file 'm_pubsub.egg-info/SOURCES.txt'
[1.533s] writing manifest file 'm_pubsub.egg-info/SOURCES.txt'
[1.579s] running build_ext
[1.579s] Creating /home/python/robot_ws/install/m_pubsub/lib/python3.8/site-packages/m-pubsub.egg-link (link to .)
[1.580s] Installing mp script to /home/python/robot_ws/install/m_pubsub/lib/m_pubsub
[1.580s] Installing mp2 script to /home/python/robot_ws/install/m_pubsub/lib/m_pubsub
[1.581s] Installing ms script to /home/python/robot_ws/install/m_pubsub/lib/m_pubsub
[1.581s] Installing tms script to /home/python/robot_ws/install/m_pubsub/lib/m_pubsub
[1.581s] Installing tp script to /home/python/robot_ws/install/m_pubsub/lib/m_pubsub
[1.582s] 
[1.582s] Installed /home/python/robot_ws/build/m_pubsub
[1.582s] running install_data
[1.619s] Invoked command in '/home/python/robot_ws/build/m_pubsub' returned '0': PYTHONPATH=/home/python/robot_ws/build/m_pubsub/prefix_override:/home/python/robot_ws/install/m_pubsub/lib/python3.8/site-packages:${PYTHONPATH} /usr/bin/python3 setup.py develop --editable --build-directory /home/python/robot_ws/build/m_pubsub/build --no-deps install_data
