[0.238s] DEBUG:colcon:Command line arguments: ['/usr/bin/colcon', 'build', '--symlink-install']
[0.238s] DEBUG:colcon:Parsed command line arguments: Namespace(allow_overriding=[], ament_cmake_args=None, base_paths=['.'], build_base='build', catkin_cmake_args=None, catkin_skip_building_tests=False, cmake_args=None, cmake_clean_cache=False, cmake_clean_first=False, cmake_force_configure=False, cmake_target=None, cmake_target_skip_unavailable=False, continue_on_error=False, event_handlers=None, executor='parallel', ignore_user_meta=False, install_base='install', log_base=None, log_level=None, main=<bound method BuildVerb.main of <colcon_core.verb.build.BuildVerb object at 0x7ffbef1bcc10>>, merge_install=False, metas=['./colcon.meta'], packages_above=None, packages_above_and_dependencies=None, packages_above_depth=None, packages_end=None, packages_ignore=None, packages_ignore_regex=None, packages_select=None, packages_select_build_failed=False, packages_select_by_dep=None, packages_select_regex=None, packages_select_test_failures=False, packages_skip=None, packages_skip_build_finished=False, packages_skip_by_dep=None, packages_skip_regex=None, packages_skip_test_passed=False, packages_skip_up_to=None, packages_start=None, packages_up_to=None, packages_up_to_regex=None, parallel_workers=2, paths=None, symlink_install=True, test_result_base=None, verb_extension=<colcon_core.verb.build.BuildVerb object at 0x7ffbef1bcc10>, verb_name='build', verb_parser=<colcon_defaults.argument_parser.defaults.DefaultArgumentsDecorator object at 0x7ffbef1c61c0>)
[0.273s] Level 1:colcon.colcon_core.package_discovery:discover_packages(colcon_meta) check parameters
[0.273s] Level 1:colcon.colcon_core.package_discovery:discover_packages(recursive) check parameters
[0.273s] Level 1:colcon.colcon_core.package_discovery:discover_packages(ignore) check parameters
[0.273s] Level 1:colcon.colcon_core.package_discovery:discover_packages(path) check parameters
[0.273s] Level 1:colcon.colcon_core.package_discovery:discover_packages(colcon_meta) discover
[0.273s] Level 1:colcon.colcon_core.package_discovery:discover_packages(recursive) discover
[0.273s] INFO:colcon.colcon_core.package_discovery:Crawling recursively for packages in '/home/python/robot_ws'
[0.274s] Level 1:colcon.colcon_core.package_identification:_identify(.) by extensions ['ignore', 'ignore_ament_install']
[0.274s] Level 1:colcon.colcon_core.package_identification:_identify(.) by extension 'ignore'
[0.274s] Level 1:colcon.colcon_core.package_identification:_identify(.) by extension 'ignore_ament_install'
[0.274s] Level 1:colcon.colcon_core.package_identification:_identify(.) by extensions ['colcon_pkg']
[0.274s] Level 1:colcon.colcon_core.package_identification:_identify(.) by extension 'colcon_pkg'
[0.274s] Level 1:colcon.colcon_core.package_identification:_identify(.) by extensions ['colcon_meta']
[0.274s] Level 1:colcon.colcon_core.package_identification:_identify(.) by extension 'colcon_meta'
[0.274s] Level 1:colcon.colcon_core.package_identification:_identify(.) by extensions ['ros']
[0.274s] Level 1:colcon.colcon_core.package_identification:_identify(.) by extension 'ros'
[0.299s] Level 1:colcon.colcon_core.package_identification:_identify(.) by extensions ['cmake', 'python']
[0.300s] Level 1:colcon.colcon_core.package_identification:_identify(.) by extension 'cmake'
[0.300s] Level 1:colcon.colcon_core.package_identification:_identify(.) by extension 'python'
[0.300s] Level 1:colcon.colcon_core.package_identification:_identify(.) by extensions ['python_setup_py']
[0.300s] Level 1:colcon.colcon_core.package_identification:_identify(.) by extension 'python_setup_py'
[0.300s] Level 1:colcon.colcon_core.package_identification:_identify(build) by extensions ['ignore', 'ignore_ament_install']
[0.300s] Level 1:colcon.colcon_core.package_identification:_identify(build) by extension 'ignore'
[0.300s] Level 1:colcon.colcon_core.package_identification:_identify(build) ignored
[0.301s] Level 1:colcon.colcon_core.package_identification:_identify(install) by extensions ['ignore', 'ignore_ament_install']
[0.301s] Level 1:colcon.colcon_core.package_identification:_identify(install) by extension 'ignore'
[0.301s] Level 1:colcon.colcon_core.package_identification:_identify(install) ignored
[0.301s] Level 1:colcon.colcon_core.package_identification:_identify(log) by extensions ['ignore', 'ignore_ament_install']
[0.301s] Level 1:colcon.colcon_core.package_identification:_identify(log) by extension 'ignore'
[0.301s] Level 1:colcon.colcon_core.package_identification:_identify(log) ignored
[0.302s] Level 1:colcon.colcon_core.package_identification:_identify(opencv_test) by extensions ['ignore', 'ignore_ament_install']
[0.302s] Level 1:colcon.colcon_core.package_identification:_identify(opencv_test) by extension 'ignore'
[0.302s] Level 1:colcon.colcon_core.package_identification:_identify(opencv_test) by extension 'ignore_ament_install'
[0.302s] Level 1:colcon.colcon_core.package_identification:_identify(opencv_test) by extensions ['colcon_pkg']
[0.302s] Level 1:colcon.colcon_core.package_identification:_identify(opencv_test) by extension 'colcon_pkg'
[0.302s] Level 1:colcon.colcon_core.package_identification:_identify(opencv_test) by extensions ['colcon_meta']
[0.302s] Level 1:colcon.colcon_core.package_identification:_identify(opencv_test) by extension 'colcon_meta'
[0.302s] Level 1:colcon.colcon_core.package_identification:_identify(opencv_test) by extensions ['ros']
[0.302s] Level 1:colcon.colcon_core.package_identification:_identify(opencv_test) by extension 'ros'
[0.303s] Level 1:colcon.colcon_core.package_identification:_identify(opencv_test) by extensions ['cmake', 'python']
[0.303s] Level 1:colcon.colcon_core.package_identification:_identify(opencv_test) by extension 'cmake'
[0.303s] Level 1:colcon.colcon_core.package_identification:_identify(opencv_test) by extension 'python'
[0.303s] Level 1:colcon.colcon_core.package_identification:_identify(opencv_test) by extensions ['python_setup_py']
[0.303s] Level 1:colcon.colcon_core.package_identification:_identify(opencv_test) by extension 'python_setup_py'
[0.303s] Level 1:colcon.colcon_core.package_identification:_identify(src) by extensions ['ignore', 'ignore_ament_install']
[0.303s] Level 1:colcon.colcon_core.package_identification:_identify(src) by extension 'ignore'
[0.303s] Level 1:colcon.colcon_core.package_identification:_identify(src) by extension 'ignore_ament_install'
[0.304s] Level 1:colcon.colcon_core.package_identification:_identify(src) by extensions ['colcon_pkg']
[0.304s] Level 1:colcon.colcon_core.package_identification:_identify(src) by extension 'colcon_pkg'
[0.304s] Level 1:colcon.colcon_core.package_identification:_identify(src) by extensions ['colcon_meta']
[0.304s] Level 1:colcon.colcon_core.package_identification:_identify(src) by extension 'colcon_meta'
[0.304s] Level 1:colcon.colcon_core.package_identification:_identify(src) by extensions ['ros']
[0.304s] Level 1:colcon.colcon_core.package_identification:_identify(src) by extension 'ros'
[0.304s] Level 1:colcon.colcon_core.package_identification:_identify(src) by extensions ['cmake', 'python']
[0.304s] Level 1:colcon.colcon_core.package_identification:_identify(src) by extension 'cmake'
[0.304s] Level 1:colcon.colcon_core.package_identification:_identify(src) by extension 'python'
[0.305s] Level 1:colcon.colcon_core.package_identification:_identify(src) by extensions ['python_setup_py']
[0.305s] Level 1:colcon.colcon_core.package_identification:_identify(src) by extension 'python_setup_py'
[0.305s] Level 1:colcon.colcon_core.package_identification:_identify(src/class_test_interfaces) by extensions ['ignore', 'ignore_ament_install']
[0.305s] Level 1:colcon.colcon_core.package_identification:_identify(src/class_test_interfaces) by extension 'ignore'
[0.305s] Level 1:colcon.colcon_core.package_identification:_identify(src/class_test_interfaces) by extension 'ignore_ament_install'
[0.305s] Level 1:colcon.colcon_core.package_identification:_identify(src/class_test_interfaces) by extensions ['colcon_pkg']
[0.305s] Level 1:colcon.colcon_core.package_identification:_identify(src/class_test_interfaces) by extension 'colcon_pkg'
[0.305s] Level 1:colcon.colcon_core.package_identification:_identify(src/class_test_interfaces) by extensions ['colcon_meta']
[0.306s] Level 1:colcon.colcon_core.package_identification:_identify(src/class_test_interfaces) by extension 'colcon_meta'
[0.306s] Level 1:colcon.colcon_core.package_identification:_identify(src/class_test_interfaces) by extensions ['ros']
[0.306s] Level 1:colcon.colcon_core.package_identification:_identify(src/class_test_interfaces) by extension 'ros'
[0.309s] DEBUG:colcon.colcon_core.package_identification:Package 'src/class_test_interfaces' with type 'ros.ament_cmake' and name 'class_test_interfaces'
[0.309s] Level 1:colcon.colcon_core.package_identification:_identify(src/m_pubsub) by extensions ['ignore', 'ignore_ament_install']
[0.309s] Level 1:colcon.colcon_core.package_identification:_identify(src/m_pubsub) by extension 'ignore'
[0.309s] Level 1:colcon.colcon_core.package_identification:_identify(src/m_pubsub) by extension 'ignore_ament_install'
[0.310s] Level 1:colcon.colcon_core.package_identification:_identify(src/m_pubsub) by extensions ['colcon_pkg']
[0.310s] Level 1:colcon.colcon_core.package_identification:_identify(src/m_pubsub) by extension 'colcon_pkg'
[0.310s] Level 1:colcon.colcon_core.package_identification:_identify(src/m_pubsub) by extensions ['colcon_meta']
[0.310s] Level 1:colcon.colcon_core.package_identification:_identify(src/m_pubsub) by extension 'colcon_meta'
[0.310s] Level 1:colcon.colcon_core.package_identification:_identify(src/m_pubsub) by extensions ['ros']
[0.310s] Level 1:colcon.colcon_core.package_identification:_identify(src/m_pubsub) by extension 'ros'
[0.311s] DEBUG:colcon.colcon_core.package_identification:Package 'src/m_pubsub' with type 'ros.ament_python' and name 'm_pubsub'
[0.311s] Level 1:colcon.colcon_core.package_identification:_identify(src/move_turtle_pkg) by extensions ['ignore', 'ignore_ament_install']
[0.311s] Level 1:colcon.colcon_core.package_identification:_identify(src/move_turtle_pkg) by extension 'ignore'
[0.311s] Level 1:colcon.colcon_core.package_identification:_identify(src/move_turtle_pkg) by extension 'ignore_ament_install'
[0.311s] Level 1:colcon.colcon_core.package_identification:_identify(src/move_turtle_pkg) by extensions ['colcon_pkg']
[0.311s] Level 1:colcon.colcon_core.package_identification:_identify(src/move_turtle_pkg) by extension 'colcon_pkg'
[0.311s] Level 1:colcon.colcon_core.package_identification:_identify(src/move_turtle_pkg) by extensions ['colcon_meta']
[0.312s] Level 1:colcon.colcon_core.package_identification:_identify(src/move_turtle_pkg) by extension 'colcon_meta'
[0.312s] Level 1:colcon.colcon_core.package_identification:_identify(src/move_turtle_pkg) by extensions ['ros']
[0.312s] Level 1:colcon.colcon_core.package_identification:_identify(src/move_turtle_pkg) by extension 'ros'
[0.312s] DEBUG:colcon.colcon_core.package_identification:Package 'src/move_turtle_pkg' with type 'ros.ament_python' and name 'move_turtle_pkg'
[0.313s] Level 1:colcon.colcon_core.package_identification:_identify(src/test_num) by extensions ['ignore', 'ignore_ament_install']
[0.313s] Level 1:colcon.colcon_core.package_identification:_identify(src/test_num) by extension 'ignore'
[0.313s] Level 1:colcon.colcon_core.package_identification:_identify(src/test_num) by extension 'ignore_ament_install'
[0.313s] Level 1:colcon.colcon_core.package_identification:_identify(src/test_num) by extensions ['colcon_pkg']
[0.313s] Level 1:colcon.colcon_core.package_identification:_identify(src/test_num) by extension 'colcon_pkg'
[0.313s] Level 1:colcon.colcon_core.package_identification:_identify(src/test_num) by extensions ['colcon_meta']
[0.313s] Level 1:colcon.colcon_core.package_identification:_identify(src/test_num) by extension 'colcon_meta'
[0.313s] Level 1:colcon.colcon_core.package_identification:_identify(src/test_num) by extensions ['ros']
[0.313s] Level 1:colcon.colcon_core.package_identification:_identify(src/test_num) by extension 'ros'
[0.314s] DEBUG:colcon.colcon_core.package_identification:Package 'src/test_num' with type 'ros.ament_python' and name 'test_num'
[0.314s] Level 1:colcon.colcon_core.package_discovery:discover_packages(recursive) using defaults
[0.314s] Level 1:colcon.colcon_core.package_discovery:discover_packages(ignore) discover
[0.314s] Level 1:colcon.colcon_core.package_discovery:discover_packages(ignore) using defaults
[0.314s] Level 1:colcon.colcon_core.package_discovery:discover_packages(path) discover
[0.314s] Level 1:colcon.colcon_core.package_discovery:discover_packages(path) using defaults
[0.347s] Level 1:colcon.colcon_core.package_discovery:discover_packages(prefix_path) check parameters
[0.347s] Level 1:colcon.colcon_core.package_discovery:discover_packages(prefix_path) discover
[0.352s] DEBUG:colcon.colcon_installed_package_information.package_discovery:Found 4 installed packages in /home/python/robot_ws/install
[0.355s] DEBUG:colcon.colcon_installed_package_information.package_discovery:Found 258 installed packages in /opt/ros/foxy
[0.357s] Level 1:colcon.colcon_core.package_discovery:discover_packages(prefix_path) using defaults
[0.451s] Level 5:colcon.colcon_core.verb:set package 'class_test_interfaces' build argument 'cmake_args' from command line to 'None'
[0.451s] Level 5:colcon.colcon_core.verb:set package 'class_test_interfaces' build argument 'cmake_target' from command line to 'None'
[0.451s] Level 5:colcon.colcon_core.verb:set package 'class_test_interfaces' build argument 'cmake_target_skip_unavailable' from command line to 'False'
[0.451s] Level 5:colcon.colcon_core.verb:set package 'class_test_interfaces' build argument 'cmake_clean_cache' from command line to 'False'
[0.452s] Level 5:colcon.colcon_core.verb:set package 'class_test_interfaces' build argument 'cmake_clean_first' from command line to 'False'
[0.452s] Level 5:colcon.colcon_core.verb:set package 'class_test_interfaces' build argument 'cmake_force_configure' from command line to 'False'
[0.452s] Level 5:colcon.colcon_core.verb:set package 'class_test_interfaces' build argument 'ament_cmake_args' from command line to 'None'
[0.452s] Level 5:colcon.colcon_core.verb:set package 'class_test_interfaces' build argument 'catkin_cmake_args' from command line to 'None'
[0.452s] Level 5:colcon.colcon_core.verb:set package 'class_test_interfaces' build argument 'catkin_skip_building_tests' from command line to 'False'
[0.452s] DEBUG:colcon.colcon_core.verb:Building package 'class_test_interfaces' with the following arguments: {'ament_cmake_args': None, 'build_base': '/home/python/robot_ws/build/class_test_interfaces', 'catkin_cmake_args': None, 'catkin_skip_building_tests': False, 'cmake_args': None, 'cmake_clean_cache': False, 'cmake_clean_first': False, 'cmake_force_configure': False, 'cmake_target': None, 'cmake_target_skip_unavailable': False, 'install_base': '/home/python/robot_ws/install/class_test_interfaces', 'merge_install': False, 'path': '/home/python/robot_ws/src/class_test_interfaces', 'symlink_install': True, 'test_result_base': None}
[0.454s] Level 5:colcon.colcon_core.verb:set package 'm_pubsub' build argument 'cmake_args' from command line to 'None'
[0.454s] Level 5:colcon.colcon_core.verb:set package 'm_pubsub' build argument 'cmake_target' from command line to 'None'
[0.454s] Level 5:colcon.colcon_core.verb:set package 'm_pubsub' build argument 'cmake_target_skip_unavailable' from command line to 'False'
[0.454s] Level 5:colcon.colcon_core.verb:set package 'm_pubsub' build argument 'cmake_clean_cache' from command line to 'False'
[0.454s] Level 5:colcon.colcon_core.verb:set package 'm_pubsub' build argument 'cmake_clean_first' from command line to 'False'
[0.454s] Level 5:colcon.colcon_core.verb:set package 'm_pubsub' build argument 'cmake_force_configure' from command line to 'False'
[0.455s] Level 5:colcon.colcon_core.verb:set package 'm_pubsub' build argument 'ament_cmake_args' from command line to 'None'
[0.455s] Level 5:colcon.colcon_core.verb:set package 'm_pubsub' build argument 'catkin_cmake_args' from command line to 'None'
[0.455s] Level 5:colcon.colcon_core.verb:set package 'm_pubsub' build argument 'catkin_skip_building_tests' from command line to 'False'
[0.455s] DEBUG:colcon.colcon_core.verb:Building package 'm_pubsub' with the following arguments: {'ament_cmake_args': None, 'build_base': '/home/python/robot_ws/build/m_pubsub', 'catkin_cmake_args': None, 'catkin_skip_building_tests': False, 'cmake_args': None, 'cmake_clean_cache': False, 'cmake_clean_first': False, 'cmake_force_configure': False, 'cmake_target': None, 'cmake_target_skip_unavailable': False, 'install_base': '/home/python/robot_ws/install/m_pubsub', 'merge_install': False, 'path': '/home/python/robot_ws/src/m_pubsub', 'symlink_install': True, 'test_result_base': None}
[0.457s] Level 5:colcon.colcon_core.verb:set package 'move_turtle_pkg' build argument 'cmake_args' from command line to 'None'
[0.457s] Level 5:colcon.colcon_core.verb:set package 'move_turtle_pkg' build argument 'cmake_target' from command line to 'None'
[0.457s] Level 5:colcon.colcon_core.verb:set package 'move_turtle_pkg' build argument 'cmake_target_skip_unavailable' from command line to 'False'
[0.457s] Level 5:colcon.colcon_core.verb:set package 'move_turtle_pkg' build argument 'cmake_clean_cache' from command line to 'False'
[0.457s] Level 5:colcon.colcon_core.verb:set package 'move_turtle_pkg' build argument 'cmake_clean_first' from command line to 'False'
[0.457s] Level 5:colcon.colcon_core.verb:set package 'move_turtle_pkg' build argument 'cmake_force_configure' from command line to 'False'
[0.457s] Level 5:colcon.colcon_core.verb:set package 'move_turtle_pkg' build argument 'ament_cmake_args' from command line to 'None'
[0.457s] Level 5:colcon.colcon_core.verb:set package 'move_turtle_pkg' build argument 'catkin_cmake_args' from command line to 'None'
[0.457s] Level 5:colcon.colcon_core.verb:set package 'move_turtle_pkg' build argument 'catkin_skip_building_tests' from command line to 'False'
[0.457s] DEBUG:colcon.colcon_core.verb:Building package 'move_turtle_pkg' with the following arguments: {'ament_cmake_args': None, 'build_base': '/home/python/robot_ws/build/move_turtle_pkg', 'catkin_cmake_args': None, 'catkin_skip_building_tests': False, 'cmake_args': None, 'cmake_clean_cache': False, 'cmake_clean_first': False, 'cmake_force_configure': False, 'cmake_target': None, 'cmake_target_skip_unavailable': False, 'install_base': '/home/python/robot_ws/install/move_turtle_pkg', 'merge_install': False, 'path': '/home/python/robot_ws/src/move_turtle_pkg', 'symlink_install': True, 'test_result_base': None}
[0.459s] Level 5:colcon.colcon_core.verb:set package 'test_num' build argument 'cmake_args' from command line to 'None'
[0.460s] Level 5:colcon.colcon_core.verb:set package 'test_num' build argument 'cmake_target' from command line to 'None'
[0.460s] Level 5:colcon.colcon_core.verb:set package 'test_num' build argument 'cmake_target_skip_unavailable' from command line to 'False'
[0.460s] Level 5:colcon.colcon_core.verb:set package 'test_num' build argument 'cmake_clean_cache' from command line to 'False'
[0.460s] Level 5:colcon.colcon_core.verb:set package 'test_num' build argument 'cmake_clean_first' from command line to 'False'
[0.460s] Level 5:colcon.colcon_core.verb:set package 'test_num' build argument 'cmake_force_configure' from command line to 'False'
[0.460s] Level 5:colcon.colcon_core.verb:set package 'test_num' build argument 'ament_cmake_args' from command line to 'None'
[0.460s] Level 5:colcon.colcon_core.verb:set package 'test_num' build argument 'catkin_cmake_args' from command line to 'None'
[0.460s] Level 5:colcon.colcon_core.verb:set package 'test_num' build argument 'catkin_skip_building_tests' from command line to 'False'
[0.460s] DEBUG:colcon.colcon_core.verb:Building package 'test_num' with the following arguments: {'ament_cmake_args': None, 'build_base': '/home/python/robot_ws/build/test_num', 'catkin_cmake_args': None, 'catkin_skip_building_tests': False, 'cmake_args': None, 'cmake_clean_cache': False, 'cmake_clean_first': False, 'cmake_force_configure': False, 'cmake_target': None, 'cmake_target_skip_unavailable': False, 'install_base': '/home/python/robot_ws/install/test_num', 'merge_install': False, 'path': '/home/python/robot_ws/src/test_num', 'symlink_install': True, 'test_result_base': None}
[0.462s] INFO:colcon.colcon_core.executor:Executing jobs using 'parallel' executor
[0.473s] DEBUG:colcon.colcon_parallel_executor.executor.parallel:run_until_complete
[0.474s] INFO:colcon.colcon_ros.task.ament_cmake.build:Building ROS package in '/home/python/robot_ws/src/class_test_interfaces' with build type 'ament_cmake'
[0.474s] INFO:colcon.colcon_cmake.task.cmake.build:Building CMake package in '/home/python/robot_ws/src/class_test_interfaces'
[0.482s] INFO:colcon.colcon_core.plugin_system:Skipping extension 'colcon_core.shell.bat': Not used on non-Windows systems
[0.482s] INFO:colcon.colcon_core.shell:Skip shell extension 'powershell' for command environment: Not usable outside of PowerShell
[0.482s] DEBUG:colcon.colcon_core.shell:Skip shell extension 'dsv' for command environment
[0.494s] INFO:colcon.colcon_ros.task.ament_python.build:Building ROS package in '/home/python/robot_ws/src/m_pubsub' with build type 'ament_python'
[0.495s] Level 1:colcon.colcon_core.shell:create_environment_hook('m_pubsub', 'ament_prefix_path')
[0.499s] INFO:colcon.colcon_core.shell:Creating environment hook '/home/python/robot_ws/install/m_pubsub/share/m_pubsub/hook/ament_prefix_path.ps1'
[0.501s] INFO:colcon.colcon_core.shell:Creating environment descriptor '/home/python/robot_ws/install/m_pubsub/share/m_pubsub/hook/ament_prefix_path.dsv'
[0.502s] INFO:colcon.colcon_core.shell:Creating environment hook '/home/python/robot_ws/install/m_pubsub/share/m_pubsub/hook/ament_prefix_path.sh'
[0.506s] INFO:colcon.colcon_core.shell:Skip shell extension 'powershell' for command environment: Not usable outside of PowerShell
[0.507s] DEBUG:colcon.colcon_core.shell:Skip shell extension 'dsv' for command environment
[0.528s] DEBUG:colcon.colcon_core.event_handler.log_command:Invoking command in '/home/python/robot_ws/build/class_test_interfaces': CMAKE_PREFIX_PATH=${CMAKE_PREFIX_PATH}:/home/python/robot_ws/install/test_num:/home/python/robot_ws/install/move_turtle_pkg:/home/python/robot_ws/install/m_pubsub:/opt/ros/foxy /usr/bin/cmake --build /home/python/robot_ws/build/class_test_interfaces -- -j2 -l2
[1.049s] INFO:colcon.colcon_core.task.python.build:Building Python package in '/home/python/robot_ws/src/m_pubsub'
[1.058s] INFO:colcon.colcon_core.shell:Skip shell extension 'powershell' for command environment: Not usable outside of PowerShell
[1.058s] DEBUG:colcon.colcon_core.shell:Skip shell extension 'dsv' for command environment
[1.076s] DEBUG:colcon.colcon_core.event_handler.log_command:Invoked command in '/home/python/robot_ws/build/class_test_interfaces' returned '0': CMAKE_PREFIX_PATH=${CMAKE_PREFIX_PATH}:/home/python/robot_ws/install/test_num:/home/python/robot_ws/install/move_turtle_pkg:/home/python/robot_ws/install/m_pubsub:/opt/ros/foxy /usr/bin/cmake --build /home/python/robot_ws/build/class_test_interfaces -- -j2 -l2
[1.255s] DEBUG:colcon.colcon_core.event_handler.log_command:Invoking command in '/home/python/robot_ws/build/class_test_interfaces': CMAKE_PREFIX_PATH=${CMAKE_PREFIX_PATH}:/home/python/robot_ws/install/test_num:/home/python/robot_ws/install/move_turtle_pkg:/home/python/robot_ws/install/m_pubsub:/opt/ros/foxy /usr/bin/cmake --install /home/python/robot_ws/build/class_test_interfaces
[1.422s] Level 1:colcon.colcon_core.environment:create_environment_scripts_only(class_test_interfaces)
[1.426s] DEBUG:colcon.colcon_core.event_handler.log_command:Invoked command in '/home/python/robot_ws/build/class_test_interfaces' returned '0': CMAKE_PREFIX_PATH=${CMAKE_PREFIX_PATH}:/home/python/robot_ws/install/test_num:/home/python/robot_ws/install/move_turtle_pkg:/home/python/robot_ws/install/m_pubsub:/opt/ros/foxy /usr/bin/cmake --install /home/python/robot_ws/build/class_test_interfaces
[1.434s] Level 1:colcon.colcon_core.environment:checking '/home/python/robot_ws/install/class_test_interfaces' for CMake module files
[1.435s] Level 1:colcon.colcon_core.environment:checking '/home/python/robot_ws/install/class_test_interfaces' for CMake config files
[1.436s] Level 1:colcon.colcon_core.shell:create_environment_hook('class_test_interfaces', 'cmake_prefix_path')
[1.440s] INFO:colcon.colcon_core.shell:Creating environment hook '/home/python/robot_ws/install/class_test_interfaces/share/class_test_interfaces/hook/cmake_prefix_path.ps1'
[1.440s] INFO:colcon.colcon_core.shell:Creating environment descriptor '/home/python/robot_ws/install/class_test_interfaces/share/class_test_interfaces/hook/cmake_prefix_path.dsv'
[1.441s] INFO:colcon.colcon_core.shell:Creating environment hook '/home/python/robot_ws/install/class_test_interfaces/share/class_test_interfaces/hook/cmake_prefix_path.sh'
[1.442s] Level 1:colcon.colcon_core.environment:checking '/home/python/robot_ws/install/class_test_interfaces/lib'
[1.443s] Level 1:colcon.colcon_core.shell:create_environment_hook('class_test_interfaces', 'ld_library_path_lib')
[1.449s] INFO:colcon.colcon_core.shell:Creating environment hook '/home/python/robot_ws/install/class_test_interfaces/share/class_test_interfaces/hook/ld_library_path_lib.ps1'
[1.450s] INFO:colcon.colcon_core.shell:Creating environment descriptor '/home/python/robot_ws/install/class_test_interfaces/share/class_test_interfaces/hook/ld_library_path_lib.dsv'
[1.451s] INFO:colcon.colcon_core.shell:Creating environment hook '/home/python/robot_ws/install/class_test_interfaces/share/class_test_interfaces/hook/ld_library_path_lib.sh'
[1.452s] Level 1:colcon.colcon_core.environment:checking '/home/python/robot_ws/install/class_test_interfaces/bin'
[1.452s] Level 1:colcon.colcon_core.environment:checking '/home/python/robot_ws/install/class_test_interfaces/lib/pkgconfig/class_test_interfaces.pc'
[1.453s] Level 1:colcon.colcon_core.environment:checking '/home/python/robot_ws/install/class_test_interfaces/lib/python3.8/site-packages'
[1.453s] Level 1:colcon.colcon_core.shell:create_environment_hook('class_test_interfaces', 'pythonpath')
[1.459s] INFO:colcon.colcon_core.shell:Creating environment hook '/home/python/robot_ws/install/class_test_interfaces/share/class_test_interfaces/hook/pythonpath.ps1'
[1.460s] INFO:colcon.colcon_core.shell:Creating environment descriptor '/home/python/robot_ws/install/class_test_interfaces/share/class_test_interfaces/hook/pythonpath.dsv'
[1.461s] INFO:colcon.colcon_core.shell:Creating environment hook '/home/python/robot_ws/install/class_test_interfaces/share/class_test_interfaces/hook/pythonpath.sh'
[1.462s] Level 1:colcon.colcon_core.environment:checking '/home/python/robot_ws/install/class_test_interfaces/bin'
[1.466s] INFO:colcon.colcon_core.shell:Creating package script '/home/python/robot_ws/install/class_test_interfaces/share/class_test_interfaces/package.ps1'
[1.467s] INFO:colcon.colcon_core.shell:Creating package descriptor '/home/python/robot_ws/install/class_test_interfaces/share/class_test_interfaces/package.dsv'
[1.468s] INFO:colcon.colcon_core.shell:Creating package script '/home/python/robot_ws/install/class_test_interfaces/share/class_test_interfaces/package.sh'
[1.469s] INFO:colcon.colcon_core.shell:Creating package script '/home/python/robot_ws/install/class_test_interfaces/share/class_test_interfaces/package.bash'
[1.470s] INFO:colcon.colcon_core.shell:Creating package script '/home/python/robot_ws/install/class_test_interfaces/share/class_test_interfaces/package.zsh'
[1.471s] Level 1:colcon.colcon_core.environment:create_file_with_runtime_dependencies(/home/python/robot_ws/install/class_test_interfaces/share/colcon-core/packages/class_test_interfaces)
[1.636s] Level 1:colcon.colcon_core.environment:create_environment_scripts_only(class_test_interfaces)
[1.647s] Level 1:colcon.colcon_core.environment:checking '/home/python/robot_ws/install/class_test_interfaces' for CMake module files
[1.648s] Level 1:colcon.colcon_core.environment:checking '/home/python/robot_ws/install/class_test_interfaces' for CMake config files
[1.650s] Level 1:colcon.colcon_core.shell:create_environment_hook('class_test_interfaces', 'cmake_prefix_path')
[1.655s] INFO:colcon.colcon_core.shell:Creating environment hook '/home/python/robot_ws/install/class_test_interfaces/share/class_test_interfaces/hook/cmake_prefix_path.ps1'
[1.656s] INFO:colcon.colcon_core.shell:Creating environment descriptor '/home/python/robot_ws/install/class_test_interfaces/share/class_test_interfaces/hook/cmake_prefix_path.dsv'
[1.656s] INFO:colcon.colcon_core.shell:Creating environment hook '/home/python/robot_ws/install/class_test_interfaces/share/class_test_interfaces/hook/cmake_prefix_path.sh'
[1.657s] Level 1:colcon.colcon_core.environment:checking '/home/python/robot_ws/install/class_test_interfaces/lib'
[1.657s] Level 1:colcon.colcon_core.shell:create_environment_hook('class_test_interfaces', 'ld_library_path_lib')
[1.661s] INFO:colcon.colcon_core.shell:Creating environment hook '/home/python/robot_ws/install/class_test_interfaces/share/class_test_interfaces/hook/ld_library_path_lib.ps1'
[1.662s] INFO:colcon.colcon_core.shell:Creating environment descriptor '/home/python/robot_ws/install/class_test_interfaces/share/class_test_interfaces/hook/ld_library_path_lib.dsv'
[1.663s] INFO:colcon.colcon_core.shell:Creating environment hook '/home/python/robot_ws/install/class_test_interfaces/share/class_test_interfaces/hook/ld_library_path_lib.sh'
[1.663s] Level 1:colcon.colcon_core.environment:checking '/home/python/robot_ws/install/class_test_interfaces/bin'
[1.664s] Level 1:colcon.colcon_core.environment:checking '/home/python/robot_ws/install/class_test_interfaces/lib/pkgconfig/class_test_interfaces.pc'
[1.664s] Level 1:colcon.colcon_core.environment:checking '/home/python/robot_ws/install/class_test_interfaces/lib/python3.8/site-packages'
[1.664s] Level 1:colcon.colcon_core.shell:create_environment_hook('class_test_interfaces', 'pythonpath')
[1.668s] INFO:colcon.colcon_core.shell:Creating environment hook '/home/python/robot_ws/install/class_test_interfaces/share/class_test_interfaces/hook/pythonpath.ps1'
[1.668s] INFO:colcon.colcon_core.shell:Creating environment descriptor '/home/python/robot_ws/install/class_test_interfaces/share/class_test_interfaces/hook/pythonpath.dsv'
[1.669s] INFO:colcon.colcon_core.shell:Creating environment hook '/home/python/robot_ws/install/class_test_interfaces/share/class_test_interfaces/hook/pythonpath.sh'
[1.670s] Level 1:colcon.colcon_core.environment:checking '/home/python/robot_ws/install/class_test_interfaces/bin'
[1.674s] INFO:colcon.colcon_core.shell:Creating package script '/home/python/robot_ws/install/class_test_interfaces/share/class_test_interfaces/package.ps1'
[1.675s] INFO:colcon.colcon_core.shell:Creating package descriptor '/home/python/robot_ws/install/class_test_interfaces/share/class_test_interfaces/package.dsv'
[1.676s] INFO:colcon.colcon_core.shell:Creating package script '/home/python/robot_ws/install/class_test_interfaces/share/class_test_interfaces/package.sh'
[1.676s] INFO:colcon.colcon_core.shell:Creating package script '/home/python/robot_ws/install/class_test_interfaces/share/class_test_interfaces/package.bash'
[1.677s] INFO:colcon.colcon_core.shell:Creating package script '/home/python/robot_ws/install/class_test_interfaces/share/class_test_interfaces/package.zsh'
[1.678s] Level 1:colcon.colcon_core.environment:create_file_with_runtime_dependencies(/home/python/robot_ws/install/class_test_interfaces/share/colcon-core/packages/class_test_interfaces)
[1.680s] INFO:colcon.colcon_ros.task.ament_python.build:Building ROS package in '/home/python/robot_ws/src/move_turtle_pkg' with build type 'ament_python'
[1.680s] Level 1:colcon.colcon_core.shell:create_environment_hook('move_turtle_pkg', 'ament_prefix_path')
[1.684s] INFO:colcon.colcon_core.shell:Creating environment hook '/home/python/robot_ws/install/move_turtle_pkg/share/move_turtle_pkg/hook/ament_prefix_path.ps1'
[1.684s] INFO:colcon.colcon_core.shell:Creating environment descriptor '/home/python/robot_ws/install/move_turtle_pkg/share/move_turtle_pkg/hook/ament_prefix_path.dsv'
[1.685s] INFO:colcon.colcon_core.shell:Creating environment hook '/home/python/robot_ws/install/move_turtle_pkg/share/move_turtle_pkg/hook/ament_prefix_path.sh'
[1.690s] INFO:colcon.colcon_core.shell:Skip shell extension 'powershell' for command environment: Not usable outside of PowerShell
[1.690s] DEBUG:colcon.colcon_core.shell:Skip shell extension 'dsv' for command environment
[2.002s] INFO:colcon.colcon_core.task.python.build:Building Python package in '/home/python/robot_ws/src/move_turtle_pkg'
[2.006s] INFO:colcon.colcon_core.shell:Skip shell extension 'powershell' for command environment: Not usable outside of PowerShell
[2.007s] DEBUG:colcon.colcon_core.shell:Skip shell extension 'dsv' for command environment
[2.022s] DEBUG:colcon.colcon_core.event_handler.log_command:Invoking command in '/home/python/robot_ws/build/m_pubsub': PYTHONPATH=/home/python/robot_ws/build/m_pubsub/prefix_override:/home/python/robot_ws/install/m_pubsub/lib/python3.8/site-packages:${PYTHONPATH} /usr/bin/python3 setup.py develop --editable --build-directory /home/python/robot_ws/build/m_pubsub/build --no-deps install_data
[2.542s] DEBUG:colcon.colcon_core.event_handler.log_command:Invoking command in '/home/python/robot_ws/build/move_turtle_pkg': PYTHONPATH=/home/python/robot_ws/build/move_turtle_pkg/prefix_override:/home/python/robot_ws/install/move_turtle_pkg/lib/python3.8/site-packages:${PYTHONPATH} /usr/bin/python3 setup.py develop --editable --build-directory /home/python/robot_ws/build/move_turtle_pkg/build --no-deps install_data
[2.668s] Level 1:colcon.colcon_core.shell:create_environment_hook('m_pubsub', 'pythonpath_develop')
[2.673s] INFO:colcon.colcon_core.shell:Creating environment hook '/home/python/robot_ws/build/m_pubsub/share/m_pubsub/hook/pythonpath_develop.ps1'
[2.669s] DEBUG:colcon.colcon_core.event_handler.log_command:Invoked command in '/home/python/robot_ws/build/m_pubsub' returned '0': PYTHONPATH=/home/python/robot_ws/build/m_pubsub/prefix_override:/home/python/robot_ws/install/m_pubsub/lib/python3.8/site-packages:${PYTHONPATH} /usr/bin/python3 setup.py develop --editable --build-directory /home/python/robot_ws/build/m_pubsub/build --no-deps install_data
[2.675s] INFO:colcon.colcon_core.shell:Creating environment descriptor '/home/python/robot_ws/build/m_pubsub/share/m_pubsub/hook/pythonpath_develop.dsv'
[2.675s] INFO:colcon.colcon_core.shell:Creating environment hook '/home/python/robot_ws/build/m_pubsub/share/m_pubsub/hook/pythonpath_develop.sh'
[2.681s] Level 1:colcon.colcon_core.environment:checking '/home/python/robot_ws/install/m_pubsub' for CMake module files
[2.682s] Level 1:colcon.colcon_core.environment:checking '/home/python/robot_ws/install/m_pubsub' for CMake config files
[2.683s] Level 1:colcon.colcon_core.environment:checking '/home/python/robot_ws/install/m_pubsub/lib'
[2.683s] Level 1:colcon.colcon_core.environment:checking '/home/python/robot_ws/install/m_pubsub/bin'
[2.683s] Level 1:colcon.colcon_core.environment:checking '/home/python/robot_ws/install/m_pubsub/lib/pkgconfig/m_pubsub.pc'
[2.683s] Level 1:colcon.colcon_core.environment:checking '/home/python/robot_ws/install/m_pubsub/lib/python3.8/site-packages'
[2.684s] Level 1:colcon.colcon_core.shell:create_environment_hook('m_pubsub', 'pythonpath')
[2.687s] INFO:colcon.colcon_core.shell:Creating environment hook '/home/python/robot_ws/install/m_pubsub/share/m_pubsub/hook/pythonpath.ps1'
[2.688s] INFO:colcon.colcon_core.shell:Creating environment descriptor '/home/python/robot_ws/install/m_pubsub/share/m_pubsub/hook/pythonpath.dsv'
[2.688s] INFO:colcon.colcon_core.shell:Creating environment hook '/home/python/robot_ws/install/m_pubsub/share/m_pubsub/hook/pythonpath.sh'
[2.689s] Level 1:colcon.colcon_core.environment:checking '/home/python/robot_ws/install/m_pubsub/bin'
[2.690s] Level 1:colcon.colcon_core.environment:create_environment_scripts_only(m_pubsub)
[2.693s] INFO:colcon.colcon_core.shell:Creating package script '/home/python/robot_ws/install/m_pubsub/share/m_pubsub/package.ps1'
[2.694s] INFO:colcon.colcon_core.shell:Creating package descriptor '/home/python/robot_ws/install/m_pubsub/share/m_pubsub/package.dsv'
[2.695s] INFO:colcon.colcon_core.shell:Creating package script '/home/python/robot_ws/install/m_pubsub/share/m_pubsub/package.sh'
[2.696s] INFO:colcon.colcon_core.shell:Creating package script '/home/python/robot_ws/install/m_pubsub/share/m_pubsub/package.bash'
[2.697s] INFO:colcon.colcon_core.shell:Creating package script '/home/python/robot_ws/install/m_pubsub/share/m_pubsub/package.zsh'
[2.697s] Level 1:colcon.colcon_core.environment:create_file_with_runtime_dependencies(/home/python/robot_ws/install/m_pubsub/share/colcon-core/packages/m_pubsub)
[2.699s] INFO:colcon.colcon_ros.task.ament_python.build:Building ROS package in '/home/python/robot_ws/src/test_num' with build type 'ament_python'
[2.699s] Level 1:colcon.colcon_core.shell:create_environment_hook('test_num', 'ament_prefix_path')
[2.703s] INFO:colcon.colcon_core.shell:Creating environment hook '/home/python/robot_ws/install/test_num/share/test_num/hook/ament_prefix_path.ps1'
[2.704s] INFO:colcon.colcon_core.shell:Creating environment descriptor '/home/python/robot_ws/install/test_num/share/test_num/hook/ament_prefix_path.dsv'
[2.704s] INFO:colcon.colcon_core.shell:Creating environment hook '/home/python/robot_ws/install/test_num/share/test_num/hook/ament_prefix_path.sh'
[2.714s] INFO:colcon.colcon_core.shell:Skip shell extension 'powershell' for command environment: Not usable outside of PowerShell
[2.714s] DEBUG:colcon.colcon_core.shell:Skip shell extension 'dsv' for command environment
[3.201s] INFO:colcon.colcon_core.task.python.build:Building Python package in '/home/python/robot_ws/src/test_num'
[3.206s] INFO:colcon.colcon_core.shell:Skip shell extension 'powershell' for command environment: Not usable outside of PowerShell
[3.206s] DEBUG:colcon.colcon_core.shell:Skip shell extension 'dsv' for command environment
[3.411s] Level 1:colcon.colcon_core.shell:create_environment_hook('move_turtle_pkg', 'pythonpath_develop')
[3.412s] DEBUG:colcon.colcon_core.event_handler.log_command:Invoked command in '/home/python/robot_ws/build/move_turtle_pkg' returned '0': PYTHONPATH=/home/python/robot_ws/build/move_turtle_pkg/prefix_override:/home/python/robot_ws/install/move_turtle_pkg/lib/python3.8/site-packages:${PYTHONPATH} /usr/bin/python3 setup.py develop --editable --build-directory /home/python/robot_ws/build/move_turtle_pkg/build --no-deps install_data
[3.416s] INFO:colcon.colcon_core.shell:Creating environment hook '/home/python/robot_ws/build/move_turtle_pkg/share/move_turtle_pkg/hook/pythonpath_develop.ps1'
[3.418s] INFO:colcon.colcon_core.shell:Creating environment descriptor '/home/python/robot_ws/build/move_turtle_pkg/share/move_turtle_pkg/hook/pythonpath_develop.dsv'
[3.418s] INFO:colcon.colcon_core.shell:Creating environment hook '/home/python/robot_ws/build/move_turtle_pkg/share/move_turtle_pkg/hook/pythonpath_develop.sh'
[3.425s] Level 1:colcon.colcon_core.environment:checking '/home/python/robot_ws/install/move_turtle_pkg' for CMake module files
[3.426s] Level 1:colcon.colcon_core.environment:checking '/home/python/robot_ws/install/move_turtle_pkg' for CMake config files
[3.427s] Level 1:colcon.colcon_core.environment:checking '/home/python/robot_ws/install/move_turtle_pkg/lib'
[3.427s] Level 1:colcon.colcon_core.environment:checking '/home/python/robot_ws/install/move_turtle_pkg/bin'
[3.427s] Level 1:colcon.colcon_core.environment:checking '/home/python/robot_ws/install/move_turtle_pkg/lib/pkgconfig/move_turtle_pkg.pc'
[3.427s] Level 1:colcon.colcon_core.environment:checking '/home/python/robot_ws/install/move_turtle_pkg/lib/python3.8/site-packages'
[3.427s] Level 1:colcon.colcon_core.shell:create_environment_hook('move_turtle_pkg', 'pythonpath')
[3.431s] INFO:colcon.colcon_core.shell:Creating environment hook '/home/python/robot_ws/install/move_turtle_pkg/share/move_turtle_pkg/hook/pythonpath.ps1'
[3.432s] INFO:colcon.colcon_core.shell:Creating environment descriptor '/home/python/robot_ws/install/move_turtle_pkg/share/move_turtle_pkg/hook/pythonpath.dsv'
[3.432s] INFO:colcon.colcon_core.shell:Creating environment hook '/home/python/robot_ws/install/move_turtle_pkg/share/move_turtle_pkg/hook/pythonpath.sh'
[3.433s] Level 1:colcon.colcon_core.environment:checking '/home/python/robot_ws/install/move_turtle_pkg/bin'
[3.434s] Level 1:colcon.colcon_core.environment:create_environment_scripts_only(move_turtle_pkg)
[3.437s] INFO:colcon.colcon_core.shell:Creating package script '/home/python/robot_ws/install/move_turtle_pkg/share/move_turtle_pkg/package.ps1'
[3.439s] INFO:colcon.colcon_core.shell:Creating package descriptor '/home/python/robot_ws/install/move_turtle_pkg/share/move_turtle_pkg/package.dsv'
[3.440s] INFO:colcon.colcon_core.shell:Creating package script '/home/python/robot_ws/install/move_turtle_pkg/share/move_turtle_pkg/package.sh'
[3.440s] INFO:colcon.colcon_core.shell:Creating package script '/home/python/robot_ws/install/move_turtle_pkg/share/move_turtle_pkg/package.bash'
[3.441s] INFO:colcon.colcon_core.shell:Creating package script '/home/python/robot_ws/install/move_turtle_pkg/share/move_turtle_pkg/package.zsh'
[3.442s] Level 1:colcon.colcon_core.environment:create_file_with_runtime_dependencies(/home/python/robot_ws/install/move_turtle_pkg/share/colcon-core/packages/move_turtle_pkg)
[3.767s] DEBUG:colcon.colcon_core.event_handler.log_command:Invoking command in '/home/python/robot_ws/build/test_num': PYTHONPATH=/home/python/robot_ws/build/test_num/prefix_override:/home/python/robot_ws/install/test_num/lib/python3.8/site-packages:${PYTHONPATH} /usr/bin/python3 setup.py develop --editable --build-directory /home/python/robot_ws/build/test_num/build --no-deps install_data
[4.374s] Level 1:colcon.colcon_core.shell:create_environment_hook('test_num', 'pythonpath_develop')
[4.379s] INFO:colcon.colcon_core.shell:Creating environment hook '/home/python/robot_ws/build/test_num/share/test_num/hook/pythonpath_develop.ps1'
[4.380s] DEBUG:colcon.colcon_core.event_handler.log_command:Invoked command in '/home/python/robot_ws/build/test_num' returned '0': PYTHONPATH=/home/python/robot_ws/build/test_num/prefix_override:/home/python/robot_ws/install/test_num/lib/python3.8/site-packages:${PYTHONPATH} /usr/bin/python3 setup.py develop --editable --build-directory /home/python/robot_ws/build/test_num/build --no-deps install_data
[4.381s] INFO:colcon.colcon_core.shell:Creating environment descriptor '/home/python/robot_ws/build/test_num/share/test_num/hook/pythonpath_develop.dsv'
[4.381s] INFO:colcon.colcon_core.shell:Creating environment hook '/home/python/robot_ws/build/test_num/share/test_num/hook/pythonpath_develop.sh'
[4.387s] Level 1:colcon.colcon_core.environment:checking '/home/python/robot_ws/install/test_num' for CMake module files
[4.388s] Level 1:colcon.colcon_core.environment:checking '/home/python/robot_ws/install/test_num' for CMake config files
[4.388s] Level 1:colcon.colcon_core.environment:checking '/home/python/robot_ws/install/test_num/lib'
[4.388s] Level 1:colcon.colcon_core.environment:checking '/home/python/robot_ws/install/test_num/bin'
[4.389s] Level 1:colcon.colcon_core.environment:checking '/home/python/robot_ws/install/test_num/lib/pkgconfig/test_num.pc'
[4.389s] Level 1:colcon.colcon_core.environment:checking '/home/python/robot_ws/install/test_num/lib/python3.8/site-packages'
[4.389s] Level 1:colcon.colcon_core.shell:create_environment_hook('test_num', 'pythonpath')
[4.392s] INFO:colcon.colcon_core.shell:Creating environment hook '/home/python/robot_ws/install/test_num/share/test_num/hook/pythonpath.ps1'
[4.393s] INFO:colcon.colcon_core.shell:Creating environment descriptor '/home/python/robot_ws/install/test_num/share/test_num/hook/pythonpath.dsv'
[4.394s] INFO:colcon.colcon_core.shell:Creating environment hook '/home/python/robot_ws/install/test_num/share/test_num/hook/pythonpath.sh'
[4.395s] Level 1:colcon.colcon_core.environment:checking '/home/python/robot_ws/install/test_num/bin'
[4.395s] Level 1:colcon.colcon_core.environment:create_environment_scripts_only(test_num)
[4.399s] INFO:colcon.colcon_core.shell:Creating package script '/home/python/robot_ws/install/test_num/share/test_num/package.ps1'
[4.400s] INFO:colcon.colcon_core.shell:Creating package descriptor '/home/python/robot_ws/install/test_num/share/test_num/package.dsv'
[4.400s] INFO:colcon.colcon_core.shell:Creating package script '/home/python/robot_ws/install/test_num/share/test_num/package.sh'
[4.401s] INFO:colcon.colcon_core.shell:Creating package script '/home/python/robot_ws/install/test_num/share/test_num/package.bash'
[4.402s] INFO:colcon.colcon_core.shell:Creating package script '/home/python/robot_ws/install/test_num/share/test_num/package.zsh'
[4.403s] Level 1:colcon.colcon_core.environment:create_file_with_runtime_dependencies(/home/python/robot_ws/install/test_num/share/colcon-core/packages/test_num)
[4.403s] DEBUG:colcon.colcon_parallel_executor.executor.parallel:closing loop
[4.404s] DEBUG:colcon.colcon_parallel_executor.executor.parallel:loop closed
[4.405s] DEBUG:colcon.colcon_parallel_executor.executor.parallel:run_until_complete finished with '0'
[4.405s] DEBUG:colcon.colcon_core.event_reactor:joining thread
[4.416s] INFO:colcon.colcon_core.plugin_system:Skipping extension 'colcon_notification.desktop_notification.terminal_notifier': Not used on non-Darwin systems
[4.416s] INFO:colcon.colcon_core.plugin_system:Skipping extension 'colcon_notification.desktop_notification.win32': Not used on non-Windows systems
[4.417s] INFO:colcon.colcon_notification.desktop_notification:Sending desktop notification using 'notify2'
[4.443s] DEBUG:colcon.colcon_core.event_reactor:joined thread
[4.447s] INFO:colcon.colcon_core.shell:Creating prefix script '/home/python/robot_ws/install/local_setup.ps1'
[4.448s] INFO:colcon.colcon_core.shell:Creating prefix util module '/home/python/robot_ws/install/_local_setup_util_ps1.py'
[4.450s] INFO:colcon.colcon_core.shell:Creating prefix chain script '/home/python/robot_ws/install/setup.ps1'
[4.452s] INFO:colcon.colcon_core.shell:Creating prefix script '/home/python/robot_ws/install/local_setup.sh'
[4.454s] INFO:colcon.colcon_core.shell:Creating prefix util module '/home/python/robot_ws/install/_local_setup_util_sh.py'
[4.455s] INFO:colcon.colcon_core.shell:Creating prefix chain script '/home/python/robot_ws/install/setup.sh'
[4.457s] INFO:colcon.colcon_core.shell:Creating prefix script '/home/python/robot_ws/install/local_setup.bash'
[4.458s] INFO:colcon.colcon_core.shell:Creating prefix chain script '/home/python/robot_ws/install/setup.bash'
[4.460s] INFO:colcon.colcon_core.shell:Creating prefix script '/home/python/robot_ws/install/local_setup.zsh'
[4.461s] INFO:colcon.colcon_core.shell:Creating prefix chain script '/home/python/robot_ws/install/setup.zsh'
