[1.180s] Invoking command in '/home/python/robot_ws/build/m_pubsub': PYTHONPATH=/home/python/robot_ws/build/m_pubsub/prefix_override:/home/python/robot_ws/install/m_pubsub/lib/python3.8/site-packages:${PYTHONPATH} /usr/bin/python3 setup.py develop --editable --build-directory /home/python/robot_ws/build/m_pubsub/build --no-deps install_data
[1.566s] running develop
[1.774s] running egg_info
[1.774s] writing m_pubsub.egg-info/PKG-INFO
[1.775s] writing dependency_links to m_pubsub.egg-info/dependency_links.txt
[1.776s] writing entry points to m_pubsub.egg-info/entry_points.txt
[1.777s] writing requirements to m_pubsub.egg-info/requires.txt
[1.777s] writing top-level names to m_pubsub.egg-info/top_level.txt
[1.819s] reading manifest file 'm_pubsub.egg-info/SOURCES.txt'
[1.820s] writing manifest file 'm_pubsub.egg-info/SOURCES.txt'
[1.867s] running build_ext
[1.867s] Creating /home/python/robot_ws/install/m_pubsub/lib/python3.8/site-packages/m-pubsub.egg-link (link to .)
[1.869s] Installing mp script to /home/python/robot_ws/install/m_pubsub/lib/m_pubsub
[1.870s] Installing mp2 script to /home/python/robot_ws/install/m_pubsub/lib/m_pubsub
[1.871s] Installing ms script to /home/python/robot_ws/install/m_pubsub/lib/m_pubsub
[1.872s] Installing mt script to /home/python/robot_ws/install/m_pubsub/lib/m_pubsub
[1.872s] Installing tms script to /home/python/robot_ws/install/m_pubsub/lib/m_pubsub
[1.873s] Installing tp script to /home/python/robot_ws/install/m_pubsub/lib/m_pubsub
[1.874s] 
[1.874s] Installed /home/python/robot_ws/build/m_pubsub
[1.875s] running install_data
[1.913s] Invoked command in '/home/python/robot_ws/build/m_pubsub' returned '0': PYTHONPATH=/home/python/robot_ws/build/m_pubsub/prefix_override:/home/python/robot_ws/install/m_pubsub/lib/python3.8/site-packages:${PYTHONPATH} /usr/bin/python3 setup.py develop --editable --build-directory /home/python/robot_ws/build/m_pubsub/build --no-deps install_data
