[0.961s] Invoking command in '/home/python/robot_ws/build/m_pubsub': PYTHONPATH=/home/python/robot_ws/build/m_pubsub/prefix_override:/home/python/robot_ws/install/m_pubsub/lib/python3.8/site-packages:${PYTHONPATH} /usr/bin/python3 setup.py develop --editable --build-directory /home/python/robot_ws/build/m_pubsub/build --no-deps install_data
[1.285s] running develop
[1.466s] running egg_info
[1.467s] writing m_pubsub.egg-info/PKG-INFO
[1.467s] writing dependency_links to m_pubsub.egg-info/dependency_links.txt
[1.467s] writing entry points to m_pubsub.egg-info/entry_points.txt
[1.468s] writing requirements to m_pubsub.egg-info/requires.txt
[1.468s] writing top-level names to m_pubsub.egg-info/top_level.txt
[1.510s] reading manifest file 'm_pubsub.egg-info/SOURCES.txt'
[1.511s] writing manifest file 'm_pubsub.egg-info/SOURCES.txt'
[1.557s] running build_ext
[1.557s] Creating /home/python/robot_ws/install/m_pubsub/lib/python3.8/site-packages/m-pubsub.egg-link (link to .)
[1.558s] Installing mp script to /home/python/robot_ws/install/m_pubsub/lib/m_pubsub
[1.559s] Installing mp2 script to /home/python/robot_ws/install/m_pubsub/lib/m_pubsub
[1.559s] Installing ms script to /home/python/robot_ws/install/m_pubsub/lib/m_pubsub
[1.559s] Installing tms script to /home/python/robot_ws/install/m_pubsub/lib/m_pubsub
[1.559s] Installing tp script to /home/python/robot_ws/install/m_pubsub/lib/m_pubsub
[1.560s] 
[1.560s] Installed /home/python/robot_ws/build/m_pubsub
[1.560s] running install_data
[1.603s] Invoked command in '/home/python/robot_ws/build/m_pubsub' returned '0': PYTHONPATH=/home/python/robot_ws/build/m_pubsub/prefix_override:/home/python/robot_ws/install/m_pubsub/lib/python3.8/site-packages:${PYTHONPATH} /usr/bin/python3 setup.py develop --editable --build-directory /home/python/robot_ws/build/m_pubsub/build --no-deps install_data
