[0.246s] DEBUG:colcon:Command line arguments: ['/usr/bin/colcon', 'build', '--symlink-install']
[0.246s] DEBUG:colcon:Parsed command line arguments: Namespace(allow_overriding=[], ament_cmake_args=None, base_paths=['.'], build_base='build', catkin_cmake_args=None, catkin_skip_building_tests=False, cmake_args=None, cmake_clean_cache=False, cmake_clean_first=False, cmake_force_configure=False, cmake_target=None, cmake_target_skip_unavailable=False, continue_on_error=False, event_handlers=None, executor='parallel', ignore_user_meta=False, install_base='install', log_base=None, log_level=None, main=<bound method BuildVerb.main of <colcon_core.verb.build.BuildVerb object at 0x7fe42cd611c0>>, merge_install=False, metas=['./colcon.meta'], packages_above=None, packages_above_and_dependencies=None, packages_above_depth=None, packages_end=None, packages_ignore=None, packages_ignore_regex=None, packages_select=None, packages_select_build_failed=False, packages_select_by_dep=None, packages_select_regex=None, packages_select_test_failures=False, packages_skip=None, packages_skip_build_finished=False, packages_skip_by_dep=None, packages_skip_regex=None, packages_skip_test_passed=False, packages_skip_up_to=None, packages_start=None, packages_up_to=None, packages_up_to_regex=None, parallel_workers=2, paths=None, symlink_install=True, test_result_base=None, verb_extension=<colcon_core.verb.build.BuildVerb object at 0x7fe42cd611c0>, verb_name='build', verb_parser=<colcon_defaults.argument_parser.defaults.DefaultArgumentsDecorator object at 0x7fe42cd61700>)
[0.284s] Level 1:colcon.colcon_core.package_discovery:discover_packages(colcon_meta) check parameters
[0.284s] Level 1:colcon.colcon_core.package_discovery:discover_packages(recursive) check parameters
[0.284s] Level 1:colcon.colcon_core.package_discovery:discover_packages(ignore) check parameters
[0.284s] Level 1:colcon.colcon_core.package_discovery:discover_packages(path) check parameters
[0.284s] Level 1:colcon.colcon_core.package_discovery:discover_packages(colcon_meta) discover
[0.284s] Level 1:colcon.colcon_core.package_discovery:discover_packages(recursive) discover
[0.285s] INFO:colcon.colcon_core.package_discovery:Crawling recursively for packages in '/home/python/robot_ws'
[0.285s] Level 1:colcon.colcon_core.package_identification:_identify(.) by extensions ['ignore', 'ignore_ament_install']
[0.285s] Level 1:colcon.colcon_core.package_identification:_identify(.) by extension 'ignore'
[0.285s] Level 1:colcon.colcon_core.package_identification:_identify(.) by extension 'ignore_ament_install'
[0.285s] Level 1:colcon.colcon_core.package_identification:_identify(.) by extensions ['colcon_pkg']
[0.285s] Level 1:colcon.colcon_core.package_identification:_identify(.) by extension 'colcon_pkg'
[0.285s] Level 1:colcon.colcon_core.package_identification:_identify(.) by extensions ['colcon_meta']
[0.285s] Level 1:colcon.colcon_core.package_identification:_identify(.) by extension 'colcon_meta'
[0.285s] Level 1:colcon.colcon_core.package_identification:_identify(.) by extensions ['ros']
[0.286s] Level 1:colcon.colcon_core.package_identification:_identify(.) by extension 'ros'
[0.310s] Level 1:colcon.colcon_core.package_identification:_identify(.) by extensions ['cmake', 'python']
[0.310s] Level 1:colcon.colcon_core.package_identification:_identify(.) by extension 'cmake'
[0.310s] Level 1:colcon.colcon_core.package_identification:_identify(.) by extension 'python'
[0.310s] Level 1:colcon.colcon_core.package_identification:_identify(.) by extensions ['python_setup_py']
[0.310s] Level 1:colcon.colcon_core.package_identification:_identify(.) by extension 'python_setup_py'
[0.310s] Level 1:colcon.colcon_core.package_identification:_identify(build) by extensions ['ignore', 'ignore_ament_install']
[0.311s] Level 1:colcon.colcon_core.package_identification:_identify(build) by extension 'ignore'
[0.311s] Level 1:colcon.colcon_core.package_identification:_identify(build) ignored
[0.311s] Level 1:colcon.colcon_core.package_identification:_identify(install) by extensions ['ignore', 'ignore_ament_install']
[0.311s] Level 1:colcon.colcon_core.package_identification:_identify(install) by extension 'ignore'
[0.311s] Level 1:colcon.colcon_core.package_identification:_identify(install) ignored
[0.311s] Level 1:colcon.colcon_core.package_identification:_identify(log) by extensions ['ignore', 'ignore_ament_install']
[0.312s] Level 1:colcon.colcon_core.package_identification:_identify(log) by extension 'ignore'
[0.312s] Level 1:colcon.colcon_core.package_identification:_identify(log) ignored
[0.312s] Level 1:colcon.colcon_core.package_identification:_identify(opencv_test) by extensions ['ignore', 'ignore_ament_install']
[0.312s] Level 1:colcon.colcon_core.package_identification:_identify(opencv_test) by extension 'ignore'
[0.312s] Level 1:colcon.colcon_core.package_identification:_identify(opencv_test) by extension 'ignore_ament_install'
[0.312s] Level 1:colcon.colcon_core.package_identification:_identify(opencv_test) by extensions ['colcon_pkg']
[0.312s] Level 1:colcon.colcon_core.package_identification:_identify(opencv_test) by extension 'colcon_pkg'
[0.312s] Level 1:colcon.colcon_core.package_identification:_identify(opencv_test) by extensions ['colcon_meta']
[0.312s] Level 1:colcon.colcon_core.package_identification:_identify(opencv_test) by extension 'colcon_meta'
[0.313s] Level 1:colcon.colcon_core.package_identification:_identify(opencv_test) by extensions ['ros']
[0.313s] Level 1:colcon.colcon_core.package_identification:_identify(opencv_test) by extension 'ros'
[0.313s] Level 1:colcon.colcon_core.package_identification:_identify(opencv_test) by extensions ['cmake', 'python']
[0.313s] Level 1:colcon.colcon_core.package_identification:_identify(opencv_test) by extension 'cmake'
[0.313s] Level 1:colcon.colcon_core.package_identification:_identify(opencv_test) by extension 'python'
[0.313s] Level 1:colcon.colcon_core.package_identification:_identify(opencv_test) by extensions ['python_setup_py']
[0.313s] Level 1:colcon.colcon_core.package_identification:_identify(opencv_test) by extension 'python_setup_py'
[0.313s] Level 1:colcon.colcon_core.package_identification:_identify(src) by extensions ['ignore', 'ignore_ament_install']
[0.313s] Level 1:colcon.colcon_core.package_identification:_identify(src) by extension 'ignore'
[0.314s] Level 1:colcon.colcon_core.package_identification:_identify(src) by extension 'ignore_ament_install'
[0.314s] Level 1:colcon.colcon_core.package_identification:_identify(src) by extensions ['colcon_pkg']
[0.314s] Level 1:colcon.colcon_core.package_identification:_identify(src) by extension 'colcon_pkg'
[0.314s] Level 1:colcon.colcon_core.package_identification:_identify(src) by extensions ['colcon_meta']
[0.314s] Level 1:colcon.colcon_core.package_identification:_identify(src) by extension 'colcon_meta'
[0.314s] Level 1:colcon.colcon_core.package_identification:_identify(src) by extensions ['ros']
[0.314s] Level 1:colcon.colcon_core.package_identification:_identify(src) by extension 'ros'
[0.314s] Level 1:colcon.colcon_core.package_identification:_identify(src) by extensions ['cmake', 'python']
[0.314s] Level 1:colcon.colcon_core.package_identification:_identify(src) by extension 'cmake'
[0.314s] Level 1:colcon.colcon_core.package_identification:_identify(src) by extension 'python'
[0.315s] Level 1:colcon.colcon_core.package_identification:_identify(src) by extensions ['python_setup_py']
[0.315s] Level 1:colcon.colcon_core.package_identification:_identify(src) by extension 'python_setup_py'
[0.315s] Level 1:colcon.colcon_core.package_identification:_identify(src/class_test_interfaces) by extensions ['ignore', 'ignore_ament_install']
[0.315s] Level 1:colcon.colcon_core.package_identification:_identify(src/class_test_interfaces) by extension 'ignore'
[0.315s] Level 1:colcon.colcon_core.package_identification:_identify(src/class_test_interfaces) by extension 'ignore_ament_install'
[0.315s] Level 1:colcon.colcon_core.package_identification:_identify(src/class_test_interfaces) by extensions ['colcon_pkg']
[0.315s] Level 1:colcon.colcon_core.package_identification:_identify(src/class_test_interfaces) by extension 'colcon_pkg'
[0.315s] Level 1:colcon.colcon_core.package_identification:_identify(src/class_test_interfaces) by extensions ['colcon_meta']
[0.315s] Level 1:colcon.colcon_core.package_identification:_identify(src/class_test_interfaces) by extension 'colcon_meta'
[0.316s] Level 1:colcon.colcon_core.package_identification:_identify(src/class_test_interfaces) by extensions ['ros']
[0.316s] Level 1:colcon.colcon_core.package_identification:_identify(src/class_test_interfaces) by extension 'ros'
[0.319s] DEBUG:colcon.colcon_core.package_identification:Package 'src/class_test_interfaces' with type 'ros.ament_cmake' and name 'class_test_interfaces'
[0.319s] Level 1:colcon.colcon_core.package_identification:_identify(src/m_pubsub) by extensions ['ignore', 'ignore_ament_install']
[0.319s] Level 1:colcon.colcon_core.package_identification:_identify(src/m_pubsub) by extension 'ignore'
[0.319s] Level 1:colcon.colcon_core.package_identification:_identify(src/m_pubsub) by extension 'ignore_ament_install'
[0.320s] Level 1:colcon.colcon_core.package_identification:_identify(src/m_pubsub) by extensions ['colcon_pkg']
[0.320s] Level 1:colcon.colcon_core.package_identification:_identify(src/m_pubsub) by extension 'colcon_pkg'
[0.320s] Level 1:colcon.colcon_core.package_identification:_identify(src/m_pubsub) by extensions ['colcon_meta']
[0.320s] Level 1:colcon.colcon_core.package_identification:_identify(src/m_pubsub) by extension 'colcon_meta'
[0.320s] Level 1:colcon.colcon_core.package_identification:_identify(src/m_pubsub) by extensions ['ros']
[0.320s] Level 1:colcon.colcon_core.package_identification:_identify(src/m_pubsub) by extension 'ros'
[0.321s] DEBUG:colcon.colcon_core.package_identification:Package 'src/m_pubsub' with type 'ros.ament_python' and name 'm_pubsub'
[0.321s] Level 1:colcon.colcon_core.package_identification:_identify(src/move_turtle_pkg) by extensions ['ignore', 'ignore_ament_install']
[0.321s] Level 1:colcon.colcon_core.package_identification:_identify(src/move_turtle_pkg) by extension 'ignore'
[0.321s] Level 1:colcon.colcon_core.package_identification:_identify(src/move_turtle_pkg) by extension 'ignore_ament_install'
[0.321s] Level 1:colcon.colcon_core.package_identification:_identify(src/move_turtle_pkg) by extensions ['colcon_pkg']
[0.321s] Level 1:colcon.colcon_core.package_identification:_identify(src/move_turtle_pkg) by extension 'colcon_pkg'
[0.321s] Level 1:colcon.colcon_core.package_identification:_identify(src/move_turtle_pkg) by extensions ['colcon_meta']
[0.321s] Level 1:colcon.colcon_core.package_identification:_identify(src/move_turtle_pkg) by extension 'colcon_meta'
[0.322s] Level 1:colcon.colcon_core.package_identification:_identify(src/move_turtle_pkg) by extensions ['ros']
[0.322s] Level 1:colcon.colcon_core.package_identification:_identify(src/move_turtle_pkg) by extension 'ros'
[0.322s] DEBUG:colcon.colcon_core.package_identification:Package 'src/move_turtle_pkg' with type 'ros.ament_python' and name 'move_turtle_pkg'
[0.322s] Level 1:colcon.colcon_core.package_identification:_identify(src/test_num) by extensions ['ignore', 'ignore_ament_install']
[0.323s] Level 1:colcon.colcon_core.package_identification:_identify(src/test_num) by extension 'ignore'
[0.323s] Level 1:colcon.colcon_core.package_identification:_identify(src/test_num) by extension 'ignore_ament_install'
[0.323s] Level 1:colcon.colcon_core.package_identification:_identify(src/test_num) by extensions ['colcon_pkg']
[0.323s] Level 1:colcon.colcon_core.package_identification:_identify(src/test_num) by extension 'colcon_pkg'
[0.323s] Level 1:colcon.colcon_core.package_identification:_identify(src/test_num) by extensions ['colcon_meta']
[0.323s] Level 1:colcon.colcon_core.package_identification:_identify(src/test_num) by extension 'colcon_meta'
[0.323s] Level 1:colcon.colcon_core.package_identification:_identify(src/test_num) by extensions ['ros']
[0.323s] Level 1:colcon.colcon_core.package_identification:_identify(src/test_num) by extension 'ros'
[0.324s] DEBUG:colcon.colcon_core.package_identification:Package 'src/test_num' with type 'ros.ament_python' and name 'test_num'
[0.324s] Level 1:colcon.colcon_core.package_identification:_identify(src/test_para) by extensions ['ignore', 'ignore_ament_install']
[0.324s] Level 1:colcon.colcon_core.package_identification:_identify(src/test_para) by extension 'ignore'
[0.324s] Level 1:colcon.colcon_core.package_identification:_identify(src/test_para) by extension 'ignore_ament_install'
[0.325s] Level 1:colcon.colcon_core.package_identification:_identify(src/test_para) by extensions ['colcon_pkg']
[0.325s] Level 1:colcon.colcon_core.package_identification:_identify(src/test_para) by extension 'colcon_pkg'
[0.325s] Level 1:colcon.colcon_core.package_identification:_identify(src/test_para) by extensions ['colcon_meta']
[0.325s] Level 1:colcon.colcon_core.package_identification:_identify(src/test_para) by extension 'colcon_meta'
[0.325s] Level 1:colcon.colcon_core.package_identification:_identify(src/test_para) by extensions ['ros']
[0.325s] Level 1:colcon.colcon_core.package_identification:_identify(src/test_para) by extension 'ros'
[0.326s] DEBUG:colcon.colcon_core.package_identification:Package 'src/test_para' with type 'ros.ament_python' and name 'test_para'
[0.326s] Level 1:colcon.colcon_core.package_discovery:discover_packages(recursive) using defaults
[0.326s] Level 1:colcon.colcon_core.package_discovery:discover_packages(ignore) discover
[0.326s] Level 1:colcon.colcon_core.package_discovery:discover_packages(ignore) using defaults
[0.326s] Level 1:colcon.colcon_core.package_discovery:discover_packages(path) discover
[0.326s] Level 1:colcon.colcon_core.package_discovery:discover_packages(path) using defaults
[0.366s] Level 1:colcon.colcon_core.package_discovery:discover_packages(prefix_path) check parameters
[0.366s] Level 1:colcon.colcon_core.package_discovery:discover_packages(prefix_path) discover
[0.371s] DEBUG:colcon.colcon_installed_package_information.package_discovery:Found 5 installed packages in /home/python/robot_ws/install
[0.374s] DEBUG:colcon.colcon_installed_package_information.package_discovery:Found 258 installed packages in /opt/ros/foxy
[0.376s] Level 1:colcon.colcon_core.package_discovery:discover_packages(prefix_path) using defaults
[0.473s] Level 5:colcon.colcon_core.verb:set package 'class_test_interfaces' build argument 'cmake_args' from command line to 'None'
[0.473s] Level 5:colcon.colcon_core.verb:set package 'class_test_interfaces' build argument 'cmake_target' from command line to 'None'
[0.473s] Level 5:colcon.colcon_core.verb:set package 'class_test_interfaces' build argument 'cmake_target_skip_unavailable' from command line to 'False'
[0.473s] Level 5:colcon.colcon_core.verb:set package 'class_test_interfaces' build argument 'cmake_clean_cache' from command line to 'False'
[0.473s] Level 5:colcon.colcon_core.verb:set package 'class_test_interfaces' build argument 'cmake_clean_first' from command line to 'False'
[0.473s] Level 5:colcon.colcon_core.verb:set package 'class_test_interfaces' build argument 'cmake_force_configure' from command line to 'False'
[0.474s] Level 5:colcon.colcon_core.verb:set package 'class_test_interfaces' build argument 'ament_cmake_args' from command line to 'None'
[0.474s] Level 5:colcon.colcon_core.verb:set package 'class_test_interfaces' build argument 'catkin_cmake_args' from command line to 'None'
[0.474s] Level 5:colcon.colcon_core.verb:set package 'class_test_interfaces' build argument 'catkin_skip_building_tests' from command line to 'False'
[0.474s] DEBUG:colcon.colcon_core.verb:Building package 'class_test_interfaces' with the following arguments: {'ament_cmake_args': None, 'build_base': '/home/python/robot_ws/build/class_test_interfaces', 'catkin_cmake_args': None, 'catkin_skip_building_tests': False, 'cmake_args': None, 'cmake_clean_cache': False, 'cmake_clean_first': False, 'cmake_force_configure': False, 'cmake_target': None, 'cmake_target_skip_unavailable': False, 'install_base': '/home/python/robot_ws/install/class_test_interfaces', 'merge_install': False, 'path': '/home/python/robot_ws/src/class_test_interfaces', 'symlink_install': True, 'test_result_base': None}
[0.476s] Level 5:colcon.colcon_core.verb:set package 'm_pubsub' build argument 'cmake_args' from command line to 'None'
[0.476s] Level 5:colcon.colcon_core.verb:set package 'm_pubsub' build argument 'cmake_target' from command line to 'None'
[0.476s] Level 5:colcon.colcon_core.verb:set package 'm_pubsub' build argument 'cmake_target_skip_unavailable' from command line to 'False'
[0.476s] Level 5:colcon.colcon_core.verb:set package 'm_pubsub' build argument 'cmake_clean_cache' from command line to 'False'
[0.476s] Level 5:colcon.colcon_core.verb:set package 'm_pubsub' build argument 'cmake_clean_first' from command line to 'False'
[0.476s] Level 5:colcon.colcon_core.verb:set package 'm_pubsub' build argument 'cmake_force_configure' from command line to 'False'
[0.476s] Level 5:colcon.colcon_core.verb:set package 'm_pubsub' build argument 'ament_cmake_args' from command line to 'None'
[0.477s] Level 5:colcon.colcon_core.verb:set package 'm_pubsub' build argument 'catkin_cmake_args' from command line to 'None'
[0.477s] Level 5:colcon.colcon_core.verb:set package 'm_pubsub' build argument 'catkin_skip_building_tests' from command line to 'False'
[0.477s] DEBUG:colcon.colcon_core.verb:Building package 'm_pubsub' with the following arguments: {'ament_cmake_args': None, 'build_base': '/home/python/robot_ws/build/m_pubsub', 'catkin_cmake_args': None, 'catkin_skip_building_tests': False, 'cmake_args': None, 'cmake_clean_cache': False, 'cmake_clean_first': False, 'cmake_force_configure': False, 'cmake_target': None, 'cmake_target_skip_unavailable': False, 'install_base': '/home/python/robot_ws/install/m_pubsub', 'merge_install': False, 'path': '/home/python/robot_ws/src/m_pubsub', 'symlink_install': True, 'test_result_base': None}
[0.479s] Level 5:colcon.colcon_core.verb:set package 'move_turtle_pkg' build argument 'cmake_args' from command line to 'None'
[0.479s] Level 5:colcon.colcon_core.verb:set package 'move_turtle_pkg' build argument 'cmake_target' from command line to 'None'
[0.479s] Level 5:colcon.colcon_core.verb:set package 'move_turtle_pkg' build argument 'cmake_target_skip_unavailable' from command line to 'False'
[0.479s] Level 5:colcon.colcon_core.verb:set package 'move_turtle_pkg' build argument 'cmake_clean_cache' from command line to 'False'
[0.479s] Level 5:colcon.colcon_core.verb:set package 'move_turtle_pkg' build argument 'cmake_clean_first' from command line to 'False'
[0.479s] Level 5:colcon.colcon_core.verb:set package 'move_turtle_pkg' build argument 'cmake_force_configure' from command line to 'False'
[0.479s] Level 5:colcon.colcon_core.verb:set package 'move_turtle_pkg' build argument 'ament_cmake_args' from command line to 'None'
[0.479s] Level 5:colcon.colcon_core.verb:set package 'move_turtle_pkg' build argument 'catkin_cmake_args' from command line to 'None'
[0.479s] Level 5:colcon.colcon_core.verb:set package 'move_turtle_pkg' build argument 'catkin_skip_building_tests' from command line to 'False'
[0.479s] DEBUG:colcon.colcon_core.verb:Building package 'move_turtle_pkg' with the following arguments: {'ament_cmake_args': None, 'build_base': '/home/python/robot_ws/build/move_turtle_pkg', 'catkin_cmake_args': None, 'catkin_skip_building_tests': False, 'cmake_args': None, 'cmake_clean_cache': False, 'cmake_clean_first': False, 'cmake_force_configure': False, 'cmake_target': None, 'cmake_target_skip_unavailable': False, 'install_base': '/home/python/robot_ws/install/move_turtle_pkg', 'merge_install': False, 'path': '/home/python/robot_ws/src/move_turtle_pkg', 'symlink_install': True, 'test_result_base': None}
[0.481s] Level 5:colcon.colcon_core.verb:set package 'test_num' build argument 'cmake_args' from command line to 'None'
[0.481s] Level 5:colcon.colcon_core.verb:set package 'test_num' build argument 'cmake_target' from command line to 'None'
[0.482s] Level 5:colcon.colcon_core.verb:set package 'test_num' build argument 'cmake_target_skip_unavailable' from command line to 'False'
[0.482s] Level 5:colcon.colcon_core.verb:set package 'test_num' build argument 'cmake_clean_cache' from command line to 'False'
[0.482s] Level 5:colcon.colcon_core.verb:set package 'test_num' build argument 'cmake_clean_first' from command line to 'False'
[0.482s] Level 5:colcon.colcon_core.verb:set package 'test_num' build argument 'cmake_force_configure' from command line to 'False'
[0.482s] Level 5:colcon.colcon_core.verb:set package 'test_num' build argument 'ament_cmake_args' from command line to 'None'
[0.482s] Level 5:colcon.colcon_core.verb:set package 'test_num' build argument 'catkin_cmake_args' from command line to 'None'
[0.482s] Level 5:colcon.colcon_core.verb:set package 'test_num' build argument 'catkin_skip_building_tests' from command line to 'False'
[0.482s] DEBUG:colcon.colcon_core.verb:Building package 'test_num' with the following arguments: {'ament_cmake_args': None, 'build_base': '/home/python/robot_ws/build/test_num', 'catkin_cmake_args': None, 'catkin_skip_building_tests': False, 'cmake_args': None, 'cmake_clean_cache': False, 'cmake_clean_first': False, 'cmake_force_configure': False, 'cmake_target': None, 'cmake_target_skip_unavailable': False, 'install_base': '/home/python/robot_ws/install/test_num', 'merge_install': False, 'path': '/home/python/robot_ws/src/test_num', 'symlink_install': True, 'test_result_base': None}
[0.484s] Level 5:colcon.colcon_core.verb:set package 'test_para' build argument 'cmake_args' from command line to 'None'
[0.484s] Level 5:colcon.colcon_core.verb:set package 'test_para' build argument 'cmake_target' from command line to 'None'
[0.484s] Level 5:colcon.colcon_core.verb:set package 'test_para' build argument 'cmake_target_skip_unavailable' from command line to 'False'
[0.484s] Level 5:colcon.colcon_core.verb:set package 'test_para' build argument 'cmake_clean_cache' from command line to 'False'
[0.484s] Level 5:colcon.colcon_core.verb:set package 'test_para' build argument 'cmake_clean_first' from command line to 'False'
[0.484s] Level 5:colcon.colcon_core.verb:set package 'test_para' build argument 'cmake_force_configure' from command line to 'False'
[0.485s] Level 5:colcon.colcon_core.verb:set package 'test_para' build argument 'ament_cmake_args' from command line to 'None'
[0.485s] Level 5:colcon.colcon_core.verb:set package 'test_para' build argument 'catkin_cmake_args' from command line to 'None'
[0.485s] Level 5:colcon.colcon_core.verb:set package 'test_para' build argument 'catkin_skip_building_tests' from command line to 'False'
[0.485s] DEBUG:colcon.colcon_core.verb:Building package 'test_para' with the following arguments: {'ament_cmake_args': None, 'build_base': '/home/python/robot_ws/build/test_para', 'catkin_cmake_args': None, 'catkin_skip_building_tests': False, 'cmake_args': None, 'cmake_clean_cache': False, 'cmake_clean_first': False, 'cmake_force_configure': False, 'cmake_target': None, 'cmake_target_skip_unavailable': False, 'install_base': '/home/python/robot_ws/install/test_para', 'merge_install': False, 'path': '/home/python/robot_ws/src/test_para', 'symlink_install': True, 'test_result_base': None}
[0.486s] INFO:colcon.colcon_core.executor:Executing jobs using 'parallel' executor
[0.498s] DEBUG:colcon.colcon_parallel_executor.executor.parallel:run_until_complete
[0.498s] INFO:colcon.colcon_ros.task.ament_cmake.build:Building ROS package in '/home/python/robot_ws/src/class_test_interfaces' with build type 'ament_cmake'
[0.499s] INFO:colcon.colcon_cmake.task.cmake.build:Building CMake package in '/home/python/robot_ws/src/class_test_interfaces'
[0.507s] INFO:colcon.colcon_core.plugin_system:Skipping extension 'colcon_core.shell.bat': Not used on non-Windows systems
[0.507s] INFO:colcon.colcon_core.shell:Skip shell extension 'powershell' for command environment: Not usable outside of PowerShell
[0.507s] DEBUG:colcon.colcon_core.shell:Skip shell extension 'dsv' for command environment
[0.519s] INFO:colcon.colcon_ros.task.ament_python.build:Building ROS package in '/home/python/robot_ws/src/m_pubsub' with build type 'ament_python'
[0.520s] Level 1:colcon.colcon_core.shell:create_environment_hook('m_pubsub', 'ament_prefix_path')
[0.524s] INFO:colcon.colcon_core.shell:Creating environment hook '/home/python/robot_ws/install/m_pubsub/share/m_pubsub/hook/ament_prefix_path.ps1'
[0.525s] INFO:colcon.colcon_core.shell:Creating environment descriptor '/home/python/robot_ws/install/m_pubsub/share/m_pubsub/hook/ament_prefix_path.dsv'
[0.525s] INFO:colcon.colcon_core.shell:Creating environment hook '/home/python/robot_ws/install/m_pubsub/share/m_pubsub/hook/ament_prefix_path.sh'
[0.530s] INFO:colcon.colcon_core.shell:Skip shell extension 'powershell' for command environment: Not usable outside of PowerShell
[0.530s] DEBUG:colcon.colcon_core.shell:Skip shell extension 'dsv' for command environment
[0.554s] DEBUG:colcon.colcon_core.event_handler.log_command:Invoking command in '/home/python/robot_ws/build/class_test_interfaces': CMAKE_PREFIX_PATH=${CMAKE_PREFIX_PATH}:/home/python/robot_ws/install/test_para:/home/python/robot_ws/install/test_num:/home/python/robot_ws/install/move_turtle_pkg:/home/python/robot_ws/install/m_pubsub:/opt/ros/foxy /usr/bin/cmake --build /home/python/robot_ws/build/class_test_interfaces -- -j2 -l2
[1.019s] INFO:colcon.colcon_core.task.python.build:Building Python package in '/home/python/robot_ws/src/m_pubsub'
[1.025s] INFO:colcon.colcon_core.shell:Skip shell extension 'powershell' for command environment: Not usable outside of PowerShell
[1.025s] DEBUG:colcon.colcon_core.shell:Skip shell extension 'dsv' for command environment
[1.163s] DEBUG:colcon.colcon_core.event_handler.log_command:Invoked command in '/home/python/robot_ws/build/class_test_interfaces' returned '0': CMAKE_PREFIX_PATH=${CMAKE_PREFIX_PATH}:/home/python/robot_ws/install/test_para:/home/python/robot_ws/install/test_num:/home/python/robot_ws/install/move_turtle_pkg:/home/python/robot_ws/install/m_pubsub:/opt/ros/foxy /usr/bin/cmake --build /home/python/robot_ws/build/class_test_interfaces -- -j2 -l2
[1.321s] DEBUG:colcon.colcon_core.event_handler.log_command:Invoking command in '/home/python/robot_ws/build/class_test_interfaces': CMAKE_PREFIX_PATH=${CMAKE_PREFIX_PATH}:/home/python/robot_ws/install/test_para:/home/python/robot_ws/install/test_num:/home/python/robot_ws/install/move_turtle_pkg:/home/python/robot_ws/install/m_pubsub:/opt/ros/foxy /usr/bin/cmake --install /home/python/robot_ws/build/class_test_interfaces
[1.460s] Level 1:colcon.colcon_core.environment:create_environment_scripts_only(class_test_interfaces)
[1.464s] DEBUG:colcon.colcon_core.event_handler.log_command:Invoked command in '/home/python/robot_ws/build/class_test_interfaces' returned '0': CMAKE_PREFIX_PATH=${CMAKE_PREFIX_PATH}:/home/python/robot_ws/install/test_para:/home/python/robot_ws/install/test_num:/home/python/robot_ws/install/move_turtle_pkg:/home/python/robot_ws/install/m_pubsub:/opt/ros/foxy /usr/bin/cmake --install /home/python/robot_ws/build/class_test_interfaces
[1.474s] Level 1:colcon.colcon_core.environment:checking '/home/python/robot_ws/install/class_test_interfaces' for CMake module files
[1.475s] Level 1:colcon.colcon_core.environment:checking '/home/python/robot_ws/install/class_test_interfaces' for CMake config files
[1.476s] Level 1:colcon.colcon_core.shell:create_environment_hook('class_test_interfaces', 'cmake_prefix_path')
[1.480s] INFO:colcon.colcon_core.shell:Creating environment hook '/home/python/robot_ws/install/class_test_interfaces/share/class_test_interfaces/hook/cmake_prefix_path.ps1'
[1.481s] INFO:colcon.colcon_core.shell:Creating environment descriptor '/home/python/robot_ws/install/class_test_interfaces/share/class_test_interfaces/hook/cmake_prefix_path.dsv'
[1.482s] INFO:colcon.colcon_core.shell:Creating environment hook '/home/python/robot_ws/install/class_test_interfaces/share/class_test_interfaces/hook/cmake_prefix_path.sh'
[1.483s] Level 1:colcon.colcon_core.environment:checking '/home/python/robot_ws/install/class_test_interfaces/lib'
[1.483s] Level 1:colcon.colcon_core.shell:create_environment_hook('class_test_interfaces', 'ld_library_path_lib')
[1.487s] INFO:colcon.colcon_core.shell:Creating environment hook '/home/python/robot_ws/install/class_test_interfaces/share/class_test_interfaces/hook/ld_library_path_lib.ps1'
[1.487s] INFO:colcon.colcon_core.shell:Creating environment descriptor '/home/python/robot_ws/install/class_test_interfaces/share/class_test_interfaces/hook/ld_library_path_lib.dsv'
[1.488s] INFO:colcon.colcon_core.shell:Creating environment hook '/home/python/robot_ws/install/class_test_interfaces/share/class_test_interfaces/hook/ld_library_path_lib.sh'
[1.489s] Level 1:colcon.colcon_core.environment:checking '/home/python/robot_ws/install/class_test_interfaces/bin'
[1.489s] Level 1:colcon.colcon_core.environment:checking '/home/python/robot_ws/install/class_test_interfaces/lib/pkgconfig/class_test_interfaces.pc'
[1.489s] Level 1:colcon.colcon_core.environment:checking '/home/python/robot_ws/install/class_test_interfaces/lib/python3.8/site-packages'
[1.489s] Level 1:colcon.colcon_core.shell:create_environment_hook('class_test_interfaces', 'pythonpath')
[1.493s] INFO:colcon.colcon_core.shell:Creating environment hook '/home/python/robot_ws/install/class_test_interfaces/share/class_test_interfaces/hook/pythonpath.ps1'
[1.494s] INFO:colcon.colcon_core.shell:Creating environment descriptor '/home/python/robot_ws/install/class_test_interfaces/share/class_test_interfaces/hook/pythonpath.dsv'
[1.494s] INFO:colcon.colcon_core.shell:Creating environment hook '/home/python/robot_ws/install/class_test_interfaces/share/class_test_interfaces/hook/pythonpath.sh'
[1.495s] Level 1:colcon.colcon_core.environment:checking '/home/python/robot_ws/install/class_test_interfaces/bin'
[1.499s] INFO:colcon.colcon_core.shell:Creating package script '/home/python/robot_ws/install/class_test_interfaces/share/class_test_interfaces/package.ps1'
[1.501s] INFO:colcon.colcon_core.shell:Creating package descriptor '/home/python/robot_ws/install/class_test_interfaces/share/class_test_interfaces/package.dsv'
[1.502s] INFO:colcon.colcon_core.shell:Creating package script '/home/python/robot_ws/install/class_test_interfaces/share/class_test_interfaces/package.sh'
[1.504s] INFO:colcon.colcon_core.shell:Creating package script '/home/python/robot_ws/install/class_test_interfaces/share/class_test_interfaces/package.bash'
[1.508s] INFO:colcon.colcon_core.shell:Creating package script '/home/python/robot_ws/install/class_test_interfaces/share/class_test_interfaces/package.zsh'
[1.509s] Level 1:colcon.colcon_core.environment:create_file_with_runtime_dependencies(/home/python/robot_ws/install/class_test_interfaces/share/colcon-core/packages/class_test_interfaces)
[1.668s] Level 1:colcon.colcon_core.environment:create_environment_scripts_only(class_test_interfaces)
[1.674s] Level 1:colcon.colcon_core.environment:checking '/home/python/robot_ws/install/class_test_interfaces' for CMake module files
[1.675s] Level 1:colcon.colcon_core.environment:checking '/home/python/robot_ws/install/class_test_interfaces' for CMake config files
[1.676s] Level 1:colcon.colcon_core.shell:create_environment_hook('class_test_interfaces', 'cmake_prefix_path')
[1.680s] INFO:colcon.colcon_core.shell:Creating environment hook '/home/python/robot_ws/install/class_test_interfaces/share/class_test_interfaces/hook/cmake_prefix_path.ps1'
[1.689s] INFO:colcon.colcon_core.shell:Creating environment descriptor '/home/python/robot_ws/install/class_test_interfaces/share/class_test_interfaces/hook/cmake_prefix_path.dsv'
[1.690s] INFO:colcon.colcon_core.shell:Creating environment hook '/home/python/robot_ws/install/class_test_interfaces/share/class_test_interfaces/hook/cmake_prefix_path.sh'
[1.691s] Level 1:colcon.colcon_core.environment:checking '/home/python/robot_ws/install/class_test_interfaces/lib'
[1.691s] Level 1:colcon.colcon_core.shell:create_environment_hook('class_test_interfaces', 'ld_library_path_lib')
[1.695s] INFO:colcon.colcon_core.shell:Creating environment hook '/home/python/robot_ws/install/class_test_interfaces/share/class_test_interfaces/hook/ld_library_path_lib.ps1'
[1.695s] INFO:colcon.colcon_core.shell:Creating environment descriptor '/home/python/robot_ws/install/class_test_interfaces/share/class_test_interfaces/hook/ld_library_path_lib.dsv'
[1.696s] INFO:colcon.colcon_core.shell:Creating environment hook '/home/python/robot_ws/install/class_test_interfaces/share/class_test_interfaces/hook/ld_library_path_lib.sh'
[1.697s] Level 1:colcon.colcon_core.environment:checking '/home/python/robot_ws/install/class_test_interfaces/bin'
[1.697s] Level 1:colcon.colcon_core.environment:checking '/home/python/robot_ws/install/class_test_interfaces/lib/pkgconfig/class_test_interfaces.pc'
[1.697s] Level 1:colcon.colcon_core.environment:checking '/home/python/robot_ws/install/class_test_interfaces/lib/python3.8/site-packages'
[1.697s] Level 1:colcon.colcon_core.shell:create_environment_hook('class_test_interfaces', 'pythonpath')
[1.701s] INFO:colcon.colcon_core.shell:Creating environment hook '/home/python/robot_ws/install/class_test_interfaces/share/class_test_interfaces/hook/pythonpath.ps1'
[1.702s] INFO:colcon.colcon_core.shell:Creating environment descriptor '/home/python/robot_ws/install/class_test_interfaces/share/class_test_interfaces/hook/pythonpath.dsv'
[1.703s] INFO:colcon.colcon_core.shell:Creating environment hook '/home/python/robot_ws/install/class_test_interfaces/share/class_test_interfaces/hook/pythonpath.sh'
[1.705s] Level 1:colcon.colcon_core.environment:checking '/home/python/robot_ws/install/class_test_interfaces/bin'
[1.712s] INFO:colcon.colcon_core.shell:Creating package script '/home/python/robot_ws/install/class_test_interfaces/share/class_test_interfaces/package.ps1'
[1.714s] INFO:colcon.colcon_core.shell:Creating package descriptor '/home/python/robot_ws/install/class_test_interfaces/share/class_test_interfaces/package.dsv'
[1.715s] INFO:colcon.colcon_core.shell:Creating package script '/home/python/robot_ws/install/class_test_interfaces/share/class_test_interfaces/package.sh'
[1.716s] INFO:colcon.colcon_core.shell:Creating package script '/home/python/robot_ws/install/class_test_interfaces/share/class_test_interfaces/package.bash'
[1.717s] INFO:colcon.colcon_core.shell:Creating package script '/home/python/robot_ws/install/class_test_interfaces/share/class_test_interfaces/package.zsh'
[1.718s] Level 1:colcon.colcon_core.environment:create_file_with_runtime_dependencies(/home/python/robot_ws/install/class_test_interfaces/share/colcon-core/packages/class_test_interfaces)
[1.719s] INFO:colcon.colcon_ros.task.ament_python.build:Building ROS package in '/home/python/robot_ws/src/move_turtle_pkg' with build type 'ament_python'
[1.720s] Level 1:colcon.colcon_core.shell:create_environment_hook('move_turtle_pkg', 'ament_prefix_path')
[1.729s] INFO:colcon.colcon_core.shell:Creating environment hook '/home/python/robot_ws/install/move_turtle_pkg/share/move_turtle_pkg/hook/ament_prefix_path.ps1'
[1.731s] INFO:colcon.colcon_core.shell:Creating environment descriptor '/home/python/robot_ws/install/move_turtle_pkg/share/move_turtle_pkg/hook/ament_prefix_path.dsv'
[1.732s] INFO:colcon.colcon_core.shell:Creating environment hook '/home/python/robot_ws/install/move_turtle_pkg/share/move_turtle_pkg/hook/ament_prefix_path.sh'
[1.738s] INFO:colcon.colcon_core.shell:Skip shell extension 'powershell' for command environment: Not usable outside of PowerShell
[1.738s] DEBUG:colcon.colcon_core.shell:Skip shell extension 'dsv' for command environment
[2.080s] INFO:colcon.colcon_core.task.python.build:Building Python package in '/home/python/robot_ws/src/move_turtle_pkg'
[2.085s] INFO:colcon.colcon_core.shell:Skip shell extension 'powershell' for command environment: Not usable outside of PowerShell
[2.085s] DEBUG:colcon.colcon_core.shell:Skip shell extension 'dsv' for command environment
[2.100s] DEBUG:colcon.colcon_core.event_handler.log_command:Invoking command in '/home/python/robot_ws/build/m_pubsub': PYTHONPATH=/home/python/robot_ws/build/m_pubsub/prefix_override:/home/python/robot_ws/install/m_pubsub/lib/python3.8/site-packages:${PYTHONPATH} /usr/bin/python3 setup.py develop --editable --build-directory /home/python/robot_ws/build/m_pubsub/build --no-deps install_data
[2.667s] DEBUG:colcon.colcon_core.event_handler.log_command:Invoking command in '/home/python/robot_ws/build/move_turtle_pkg': PYTHONPATH=/home/python/robot_ws/build/move_turtle_pkg/prefix_override:/home/python/robot_ws/install/move_turtle_pkg/lib/python3.8/site-packages:${PYTHONPATH} /usr/bin/python3 setup.py develop --editable --build-directory /home/python/robot_ws/build/move_turtle_pkg/build --no-deps install_data
[2.891s] Level 1:colcon.colcon_core.shell:create_environment_hook('m_pubsub', 'pythonpath_develop')
[2.891s] DEBUG:colcon.colcon_core.event_handler.log_command:Invoked command in '/home/python/robot_ws/build/m_pubsub' returned '0': PYTHONPATH=/home/python/robot_ws/build/m_pubsub/prefix_override:/home/python/robot_ws/install/m_pubsub/lib/python3.8/site-packages:${PYTHONPATH} /usr/bin/python3 setup.py develop --editable --build-directory /home/python/robot_ws/build/m_pubsub/build --no-deps install_data
[2.900s] INFO:colcon.colcon_core.shell:Creating environment hook '/home/python/robot_ws/build/m_pubsub/share/m_pubsub/hook/pythonpath_develop.ps1'
[2.905s] INFO:colcon.colcon_core.shell:Creating environment descriptor '/home/python/robot_ws/build/m_pubsub/share/m_pubsub/hook/pythonpath_develop.dsv'
[2.906s] INFO:colcon.colcon_core.shell:Creating environment hook '/home/python/robot_ws/build/m_pubsub/share/m_pubsub/hook/pythonpath_develop.sh'
[2.912s] Level 1:colcon.colcon_core.environment:checking '/home/python/robot_ws/install/m_pubsub' for CMake module files
[2.912s] Level 1:colcon.colcon_core.environment:checking '/home/python/robot_ws/install/m_pubsub' for CMake config files
[2.913s] Level 1:colcon.colcon_core.environment:checking '/home/python/robot_ws/install/m_pubsub/lib'
[2.913s] Level 1:colcon.colcon_core.environment:checking '/home/python/robot_ws/install/m_pubsub/bin'
[2.913s] Level 1:colcon.colcon_core.environment:checking '/home/python/robot_ws/install/m_pubsub/lib/pkgconfig/m_pubsub.pc'
[2.914s] Level 1:colcon.colcon_core.environment:checking '/home/python/robot_ws/install/m_pubsub/lib/python3.8/site-packages'
[2.914s] Level 1:colcon.colcon_core.shell:create_environment_hook('m_pubsub', 'pythonpath')
[2.932s] INFO:colcon.colcon_core.shell:Creating environment hook '/home/python/robot_ws/install/m_pubsub/share/m_pubsub/hook/pythonpath.ps1'
[2.933s] INFO:colcon.colcon_core.shell:Creating environment descriptor '/home/python/robot_ws/install/m_pubsub/share/m_pubsub/hook/pythonpath.dsv'
[2.934s] INFO:colcon.colcon_core.shell:Creating environment hook '/home/python/robot_ws/install/m_pubsub/share/m_pubsub/hook/pythonpath.sh'
[2.935s] Level 1:colcon.colcon_core.environment:checking '/home/python/robot_ws/install/m_pubsub/bin'
[2.935s] Level 1:colcon.colcon_core.environment:create_environment_scripts_only(m_pubsub)
[2.942s] INFO:colcon.colcon_core.shell:Creating package script '/home/python/robot_ws/install/m_pubsub/share/m_pubsub/package.ps1'
[2.943s] INFO:colcon.colcon_core.shell:Creating package descriptor '/home/python/robot_ws/install/m_pubsub/share/m_pubsub/package.dsv'
[2.943s] INFO:colcon.colcon_core.shell:Creating package script '/home/python/robot_ws/install/m_pubsub/share/m_pubsub/package.sh'
[2.944s] INFO:colcon.colcon_core.shell:Creating package script '/home/python/robot_ws/install/m_pubsub/share/m_pubsub/package.bash'
[2.945s] INFO:colcon.colcon_core.shell:Creating package script '/home/python/robot_ws/install/m_pubsub/share/m_pubsub/package.zsh'
[2.945s] Level 1:colcon.colcon_core.environment:create_file_with_runtime_dependencies(/home/python/robot_ws/install/m_pubsub/share/colcon-core/packages/m_pubsub)
[2.946s] INFO:colcon.colcon_ros.task.ament_python.build:Building ROS package in '/home/python/robot_ws/src/test_num' with build type 'ament_python'
[2.955s] Level 1:colcon.colcon_core.shell:create_environment_hook('test_num', 'ament_prefix_path')
[2.959s] INFO:colcon.colcon_core.shell:Creating environment hook '/home/python/robot_ws/install/test_num/share/test_num/hook/ament_prefix_path.ps1'
[2.963s] INFO:colcon.colcon_core.shell:Creating environment descriptor '/home/python/robot_ws/install/test_num/share/test_num/hook/ament_prefix_path.dsv'
[2.964s] INFO:colcon.colcon_core.shell:Creating environment hook '/home/python/robot_ws/install/test_num/share/test_num/hook/ament_prefix_path.sh'
[2.972s] INFO:colcon.colcon_core.shell:Skip shell extension 'powershell' for command environment: Not usable outside of PowerShell
[2.972s] DEBUG:colcon.colcon_core.shell:Skip shell extension 'dsv' for command environment
[3.390s] INFO:colcon.colcon_core.task.python.build:Building Python package in '/home/python/robot_ws/src/test_num'
[3.396s] INFO:colcon.colcon_core.shell:Skip shell extension 'powershell' for command environment: Not usable outside of PowerShell
[3.396s] DEBUG:colcon.colcon_core.shell:Skip shell extension 'dsv' for command environment
[3.539s] Level 1:colcon.colcon_core.shell:create_environment_hook('move_turtle_pkg', 'pythonpath_develop')
[3.544s] INFO:colcon.colcon_core.shell:Creating environment hook '/home/python/robot_ws/build/move_turtle_pkg/share/move_turtle_pkg/hook/pythonpath_develop.ps1'
[3.544s] DEBUG:colcon.colcon_core.event_handler.log_command:Invoked command in '/home/python/robot_ws/build/move_turtle_pkg' returned '0': PYTHONPATH=/home/python/robot_ws/build/move_turtle_pkg/prefix_override:/home/python/robot_ws/install/move_turtle_pkg/lib/python3.8/site-packages:${PYTHONPATH} /usr/bin/python3 setup.py develop --editable --build-directory /home/python/robot_ws/build/move_turtle_pkg/build --no-deps install_data
[3.546s] INFO:colcon.colcon_core.shell:Creating environment descriptor '/home/python/robot_ws/build/move_turtle_pkg/share/move_turtle_pkg/hook/pythonpath_develop.dsv'
[3.546s] INFO:colcon.colcon_core.shell:Creating environment hook '/home/python/robot_ws/build/move_turtle_pkg/share/move_turtle_pkg/hook/pythonpath_develop.sh'
[3.552s] Level 1:colcon.colcon_core.environment:checking '/home/python/robot_ws/install/move_turtle_pkg' for CMake module files
[3.553s] Level 1:colcon.colcon_core.environment:checking '/home/python/robot_ws/install/move_turtle_pkg' for CMake config files
[3.554s] Level 1:colcon.colcon_core.environment:checking '/home/python/robot_ws/install/move_turtle_pkg/lib'
[3.554s] Level 1:colcon.colcon_core.environment:checking '/home/python/robot_ws/install/move_turtle_pkg/bin'
[3.554s] Level 1:colcon.colcon_core.environment:checking '/home/python/robot_ws/install/move_turtle_pkg/lib/pkgconfig/move_turtle_pkg.pc'
[3.554s] Level 1:colcon.colcon_core.environment:checking '/home/python/robot_ws/install/move_turtle_pkg/lib/python3.8/site-packages'
[3.555s] Level 1:colcon.colcon_core.shell:create_environment_hook('move_turtle_pkg', 'pythonpath')
[3.558s] INFO:colcon.colcon_core.shell:Creating environment hook '/home/python/robot_ws/install/move_turtle_pkg/share/move_turtle_pkg/hook/pythonpath.ps1'
[3.559s] INFO:colcon.colcon_core.shell:Creating environment descriptor '/home/python/robot_ws/install/move_turtle_pkg/share/move_turtle_pkg/hook/pythonpath.dsv'
[3.560s] INFO:colcon.colcon_core.shell:Creating environment hook '/home/python/robot_ws/install/move_turtle_pkg/share/move_turtle_pkg/hook/pythonpath.sh'
[3.560s] Level 1:colcon.colcon_core.environment:checking '/home/python/robot_ws/install/move_turtle_pkg/bin'
[3.561s] Level 1:colcon.colcon_core.environment:create_environment_scripts_only(move_turtle_pkg)
[3.566s] INFO:colcon.colcon_core.shell:Creating package script '/home/python/robot_ws/install/move_turtle_pkg/share/move_turtle_pkg/package.ps1'
[3.567s] INFO:colcon.colcon_core.shell:Creating package descriptor '/home/python/robot_ws/install/move_turtle_pkg/share/move_turtle_pkg/package.dsv'
[3.568s] INFO:colcon.colcon_core.shell:Creating package script '/home/python/robot_ws/install/move_turtle_pkg/share/move_turtle_pkg/package.sh'
[3.569s] INFO:colcon.colcon_core.shell:Creating package script '/home/python/robot_ws/install/move_turtle_pkg/share/move_turtle_pkg/package.bash'
[3.570s] INFO:colcon.colcon_core.shell:Creating package script '/home/python/robot_ws/install/move_turtle_pkg/share/move_turtle_pkg/package.zsh'
[3.570s] Level 1:colcon.colcon_core.environment:create_file_with_runtime_dependencies(/home/python/robot_ws/install/move_turtle_pkg/share/colcon-core/packages/move_turtle_pkg)
[3.571s] INFO:colcon.colcon_ros.task.ament_python.build:Building ROS package in '/home/python/robot_ws/src/test_para' with build type 'ament_python'
[3.572s] Level 1:colcon.colcon_core.shell:create_environment_hook('test_para', 'ament_prefix_path')
[3.576s] INFO:colcon.colcon_core.shell:Creating environment hook '/home/python/robot_ws/install/test_para/share/test_para/hook/ament_prefix_path.ps1'
[3.577s] INFO:colcon.colcon_core.shell:Creating environment descriptor '/home/python/robot_ws/install/test_para/share/test_para/hook/ament_prefix_path.dsv'
[3.578s] INFO:colcon.colcon_core.shell:Creating environment hook '/home/python/robot_ws/install/test_para/share/test_para/hook/ament_prefix_path.sh'
[3.582s] INFO:colcon.colcon_core.shell:Skip shell extension 'powershell' for command environment: Not usable outside of PowerShell
[3.582s] DEBUG:colcon.colcon_core.shell:Skip shell extension 'dsv' for command environment
[3.948s] INFO:colcon.colcon_core.task.python.build:Building Python package in '/home/python/robot_ws/src/test_para'
[3.955s] INFO:colcon.colcon_core.shell:Skip shell extension 'powershell' for command environment: Not usable outside of PowerShell
[3.955s] DEBUG:colcon.colcon_core.shell:Skip shell extension 'dsv' for command environment
[3.981s] DEBUG:colcon.colcon_core.event_handler.log_command:Invoking command in '/home/python/robot_ws/build/test_num': PYTHONPATH=/home/python/robot_ws/build/test_num/prefix_override:/home/python/robot_ws/install/test_num/lib/python3.8/site-packages:${PYTHONPATH} /usr/bin/python3 setup.py develop --editable --build-directory /home/python/robot_ws/build/test_num/build --no-deps install_data
[4.541s] DEBUG:colcon.colcon_core.event_handler.log_command:Invoking command in '/home/python/robot_ws/build/test_para': PYTHONPATH=/home/python/robot_ws/build/test_para/prefix_override:/home/python/robot_ws/install/test_para/lib/python3.8/site-packages:${PYTHONPATH} /usr/bin/python3 setup.py develop --editable --build-directory /home/python/robot_ws/build/test_para/build --no-deps install_data
[4.649s] Level 1:colcon.colcon_core.shell:create_environment_hook('test_num', 'pythonpath_develop')
[4.653s] INFO:colcon.colcon_core.shell:Creating environment hook '/home/python/robot_ws/build/test_num/share/test_num/hook/pythonpath_develop.ps1'
[4.653s] DEBUG:colcon.colcon_core.event_handler.log_command:Invoked command in '/home/python/robot_ws/build/test_num' returned '0': PYTHONPATH=/home/python/robot_ws/build/test_num/prefix_override:/home/python/robot_ws/install/test_num/lib/python3.8/site-packages:${PYTHONPATH} /usr/bin/python3 setup.py develop --editable --build-directory /home/python/robot_ws/build/test_num/build --no-deps install_data
[4.655s] INFO:colcon.colcon_core.shell:Creating environment descriptor '/home/python/robot_ws/build/test_num/share/test_num/hook/pythonpath_develop.dsv'
[4.655s] INFO:colcon.colcon_core.shell:Creating environment hook '/home/python/robot_ws/build/test_num/share/test_num/hook/pythonpath_develop.sh'
[4.662s] Level 1:colcon.colcon_core.environment:checking '/home/python/robot_ws/install/test_num' for CMake module files
[4.663s] Level 1:colcon.colcon_core.environment:checking '/home/python/robot_ws/install/test_num' for CMake config files
[4.663s] Level 1:colcon.colcon_core.environment:checking '/home/python/robot_ws/install/test_num/lib'
[4.663s] Level 1:colcon.colcon_core.environment:checking '/home/python/robot_ws/install/test_num/bin'
[4.664s] Level 1:colcon.colcon_core.environment:checking '/home/python/robot_ws/install/test_num/lib/pkgconfig/test_num.pc'
[4.664s] Level 1:colcon.colcon_core.environment:checking '/home/python/robot_ws/install/test_num/lib/python3.8/site-packages'
[4.664s] Level 1:colcon.colcon_core.shell:create_environment_hook('test_num', 'pythonpath')
[4.669s] INFO:colcon.colcon_core.shell:Creating environment hook '/home/python/robot_ws/install/test_num/share/test_num/hook/pythonpath.ps1'
[4.670s] INFO:colcon.colcon_core.shell:Creating environment descriptor '/home/python/robot_ws/install/test_num/share/test_num/hook/pythonpath.dsv'
[4.671s] INFO:colcon.colcon_core.shell:Creating environment hook '/home/python/robot_ws/install/test_num/share/test_num/hook/pythonpath.sh'
[4.672s] Level 1:colcon.colcon_core.environment:checking '/home/python/robot_ws/install/test_num/bin'
[4.672s] Level 1:colcon.colcon_core.environment:create_environment_scripts_only(test_num)
[4.676s] INFO:colcon.colcon_core.shell:Creating package script '/home/python/robot_ws/install/test_num/share/test_num/package.ps1'
[4.677s] INFO:colcon.colcon_core.shell:Creating package descriptor '/home/python/robot_ws/install/test_num/share/test_num/package.dsv'
[4.677s] INFO:colcon.colcon_core.shell:Creating package script '/home/python/robot_ws/install/test_num/share/test_num/package.sh'
[4.678s] INFO:colcon.colcon_core.shell:Creating package script '/home/python/robot_ws/install/test_num/share/test_num/package.bash'
[4.679s] INFO:colcon.colcon_core.shell:Creating package script '/home/python/robot_ws/install/test_num/share/test_num/package.zsh'
[4.679s] Level 1:colcon.colcon_core.environment:create_file_with_runtime_dependencies(/home/python/robot_ws/install/test_num/share/colcon-core/packages/test_num)
[5.174s] Level 1:colcon.colcon_core.shell:create_environment_hook('test_para', 'pythonpath_develop')
[5.178s] INFO:colcon.colcon_core.shell:Creating environment hook '/home/python/robot_ws/build/test_para/share/test_para/hook/pythonpath_develop.ps1'
[5.179s] DEBUG:colcon.colcon_core.event_handler.log_command:Invoked command in '/home/python/robot_ws/build/test_para' returned '0': PYTHONPATH=/home/python/robot_ws/build/test_para/prefix_override:/home/python/robot_ws/install/test_para/lib/python3.8/site-packages:${PYTHONPATH} /usr/bin/python3 setup.py develop --editable --build-directory /home/python/robot_ws/build/test_para/build --no-deps install_data
[5.180s] INFO:colcon.colcon_core.shell:Creating environment descriptor '/home/python/robot_ws/build/test_para/share/test_para/hook/pythonpath_develop.dsv'
[5.180s] INFO:colcon.colcon_core.shell:Creating environment hook '/home/python/robot_ws/build/test_para/share/test_para/hook/pythonpath_develop.sh'
[5.186s] Level 1:colcon.colcon_core.environment:checking '/home/python/robot_ws/install/test_para' for CMake module files
[5.187s] Level 1:colcon.colcon_core.environment:checking '/home/python/robot_ws/install/test_para' for CMake config files
[5.187s] Level 1:colcon.colcon_core.environment:checking '/home/python/robot_ws/install/test_para/lib'
[5.187s] Level 1:colcon.colcon_core.environment:checking '/home/python/robot_ws/install/test_para/bin'
[5.188s] Level 1:colcon.colcon_core.environment:checking '/home/python/robot_ws/install/test_para/lib/pkgconfig/test_para.pc'
[5.188s] Level 1:colcon.colcon_core.environment:checking '/home/python/robot_ws/install/test_para/lib/python3.8/site-packages'
[5.188s] Level 1:colcon.colcon_core.shell:create_environment_hook('test_para', 'pythonpath')
[5.192s] INFO:colcon.colcon_core.shell:Creating environment hook '/home/python/robot_ws/install/test_para/share/test_para/hook/pythonpath.ps1'
[5.192s] INFO:colcon.colcon_core.shell:Creating environment descriptor '/home/python/robot_ws/install/test_para/share/test_para/hook/pythonpath.dsv'
[5.193s] INFO:colcon.colcon_core.shell:Creating environment hook '/home/python/robot_ws/install/test_para/share/test_para/hook/pythonpath.sh'
[5.194s] Level 1:colcon.colcon_core.environment:checking '/home/python/robot_ws/install/test_para/bin'
[5.194s] Level 1:colcon.colcon_core.environment:create_environment_scripts_only(test_para)
[5.198s] INFO:colcon.colcon_core.shell:Creating package script '/home/python/robot_ws/install/test_para/share/test_para/package.ps1'
[5.199s] INFO:colcon.colcon_core.shell:Creating package descriptor '/home/python/robot_ws/install/test_para/share/test_para/package.dsv'
[5.200s] INFO:colcon.colcon_core.shell:Creating package script '/home/python/robot_ws/install/test_para/share/test_para/package.sh'
[5.200s] INFO:colcon.colcon_core.shell:Creating package script '/home/python/robot_ws/install/test_para/share/test_para/package.bash'
[5.201s] INFO:colcon.colcon_core.shell:Creating package script '/home/python/robot_ws/install/test_para/share/test_para/package.zsh'
[5.202s] Level 1:colcon.colcon_core.environment:create_file_with_runtime_dependencies(/home/python/robot_ws/install/test_para/share/colcon-core/packages/test_para)
[5.202s] DEBUG:colcon.colcon_parallel_executor.executor.parallel:closing loop
[5.202s] DEBUG:colcon.colcon_parallel_executor.executor.parallel:loop closed
[5.203s] DEBUG:colcon.colcon_parallel_executor.executor.parallel:run_until_complete finished with '0'
[5.204s] DEBUG:colcon.colcon_core.event_reactor:joining thread
[5.215s] INFO:colcon.colcon_core.plugin_system:Skipping extension 'colcon_notification.desktop_notification.terminal_notifier': Not used on non-Darwin systems
[5.216s] INFO:colcon.colcon_core.plugin_system:Skipping extension 'colcon_notification.desktop_notification.win32': Not used on non-Windows systems
[5.216s] INFO:colcon.colcon_notification.desktop_notification:Sending desktop notification using 'notify2'
[5.247s] DEBUG:colcon.colcon_core.event_reactor:joined thread
[5.251s] INFO:colcon.colcon_core.shell:Creating prefix script '/home/python/robot_ws/install/local_setup.ps1'
[5.252s] INFO:colcon.colcon_core.shell:Creating prefix util module '/home/python/robot_ws/install/_local_setup_util_ps1.py'
[5.254s] INFO:colcon.colcon_core.shell:Creating prefix chain script '/home/python/robot_ws/install/setup.ps1'
[5.258s] INFO:colcon.colcon_core.shell:Creating prefix script '/home/python/robot_ws/install/local_setup.sh'
[5.259s] INFO:colcon.colcon_core.shell:Creating prefix util module '/home/python/robot_ws/install/_local_setup_util_sh.py'
[5.260s] INFO:colcon.colcon_core.shell:Creating prefix chain script '/home/python/robot_ws/install/setup.sh'
[5.263s] INFO:colcon.colcon_core.shell:Creating prefix script '/home/python/robot_ws/install/local_setup.bash'
[5.264s] INFO:colcon.colcon_core.shell:Creating prefix chain script '/home/python/robot_ws/install/setup.bash'
[5.267s] INFO:colcon.colcon_core.shell:Creating prefix script '/home/python/robot_ws/install/local_setup.zsh'
[5.268s] INFO:colcon.colcon_core.shell:Creating prefix chain script '/home/python/robot_ws/install/setup.zsh'
