[1.580s] Invoking command in '/home/python/robot_ws/build/m_pubsub': PYTHONPATH=/home/python/robot_ws/build/m_pubsub/prefix_override:/home/python/robot_ws/install/m_pubsub/lib/python3.8/site-packages:${PYTHONPATH} /usr/bin/python3 setup.py develop --editable --build-directory /home/python/robot_ws/build/m_pubsub/build --no-deps install_data
[1.946s] running develop
[2.156s] running egg_info
[2.157s] writing m_pubsub.egg-info/PKG-INFO
[2.157s] writing dependency_links to m_pubsub.egg-info/dependency_links.txt
[2.158s] writing entry points to m_pubsub.egg-info/entry_points.txt
[2.159s] writing requirements to m_pubsub.egg-info/requires.txt
[2.159s] writing top-level names to m_pubsub.egg-info/top_level.txt
[2.201s] reading manifest file 'm_pubsub.egg-info/SOURCES.txt'
[2.202s] writing manifest file 'm_pubsub.egg-info/SOURCES.txt'
[2.294s] running build_ext
[2.295s] Creating /home/python/robot_ws/install/m_pubsub/lib/python3.8/site-packages/m-pubsub.egg-link (link to .)
[2.299s] Installing mp script to /home/python/robot_ws/install/m_pubsub/lib/m_pubsub
[2.300s] Installing mp2 script to /home/python/robot_ws/install/m_pubsub/lib/m_pubsub
[2.300s] Installing ms script to /home/python/robot_ws/install/m_pubsub/lib/m_pubsub
[2.301s] Installing mt script to /home/python/robot_ws/install/m_pubsub/lib/m_pubsub
[2.303s] Installing tms script to /home/python/robot_ws/install/m_pubsub/lib/m_pubsub
[2.303s] Installing tp script to /home/python/robot_ws/install/m_pubsub/lib/m_pubsub
[2.304s] 
[2.304s] Installed /home/python/robot_ws/build/m_pubsub
[2.304s] running install_data
[2.372s] Invoked command in '/home/python/robot_ws/build/m_pubsub' returned '0': PYTHONPATH=/home/python/robot_ws/build/m_pubsub/prefix_override:/home/python/robot_ws/install/m_pubsub/lib/python3.8/site-packages:${PYTHONPATH} /usr/bin/python3 setup.py develop --editable --build-directory /home/python/robot_ws/build/m_pubsub/build --no-deps install_data
