[1.383s] Invoking command in '/home/python/robot_ws/build/m_pubsub': PYTHONPATH=/home/python/robot_ws/build/m_pubsub/prefix_override:/home/python/robot_ws/install/m_pubsub/lib/python3.8/site-packages:${PYTHONPATH} /usr/bin/python3 setup.py develop --editable --build-directory /home/python/robot_ws/build/m_pubsub/build --no-deps install_data
[1.729s] running develop
[1.935s] running egg_info
[1.935s] writing m_pubsub.egg-info/PKG-INFO
[1.935s] writing dependency_links to m_pubsub.egg-info/dependency_links.txt
[1.936s] writing entry points to m_pubsub.egg-info/entry_points.txt
[1.936s] writing requirements to m_pubsub.egg-info/requires.txt
[1.937s] writing top-level names to m_pubsub.egg-info/top_level.txt
[1.979s] reading manifest file 'm_pubsub.egg-info/SOURCES.txt'
[1.981s] writing manifest file 'm_pubsub.egg-info/SOURCES.txt'
[2.035s] running build_ext
[2.036s] Creating /home/python/robot_ws/install/m_pubsub/lib/python3.8/site-packages/m-pubsub.egg-link (link to .)
[2.038s] Installing mp script to /home/python/robot_ws/install/m_pubsub/lib/m_pubsub
[2.039s] Installing mp2 script to /home/python/robot_ws/install/m_pubsub/lib/m_pubsub
[2.039s] Installing ms script to /home/python/robot_ws/install/m_pubsub/lib/m_pubsub
[2.040s] Installing mt script to /home/python/robot_ws/install/m_pubsub/lib/m_pubsub
[2.040s] Installing tms script to /home/python/robot_ws/install/m_pubsub/lib/m_pubsub
[2.041s] Installing tp script to /home/python/robot_ws/install/m_pubsub/lib/m_pubsub
[2.042s] 
[2.042s] Installed /home/python/robot_ws/build/m_pubsub
[2.043s] running install_data
[2.080s] Invoked command in '/home/python/robot_ws/build/m_pubsub' returned '0': PYTHONPATH=/home/python/robot_ws/build/m_pubsub/prefix_override:/home/python/robot_ws/install/m_pubsub/lib/python3.8/site-packages:${PYTHONPATH} /usr/bin/python3 setup.py develop --editable --build-directory /home/python/robot_ws/build/m_pubsub/build --no-deps install_data
