[1.132s] Invoking command in '/home/python/robot_ws/build/m_pubsub': PYTHONPATH=/home/python/robot_ws/build/m_pubsub/prefix_override:/home/python/robot_ws/install/m_pubsub/lib/python3.8/site-packages:${PYTHONPATH} /usr/bin/python3 setup.py develop --editable --build-directory /home/python/robot_ws/build/m_pubsub/build --no-deps install_data
[1.466s] running develop
[1.665s] running egg_info
[1.666s] writing m_pubsub.egg-info/PKG-INFO
[1.667s] writing dependency_links to m_pubsub.egg-info/dependency_links.txt
[1.668s] writing entry points to m_pubsub.egg-info/entry_points.txt
[1.668s] writing requirements to m_pubsub.egg-info/requires.txt
[1.669s] writing top-level names to m_pubsub.egg-info/top_level.txt
[1.711s] reading manifest file 'm_pubsub.egg-info/SOURCES.txt'
[1.713s] writing manifest file 'm_pubsub.egg-info/SOURCES.txt'
[1.762s] running build_ext
[1.763s] Creating /home/python/robot_ws/install/m_pubsub/lib/python3.8/site-packages/m-pubsub.egg-link (link to .)
[1.764s] Installing mp script to /home/python/robot_ws/install/m_pubsub/lib/m_pubsub
[1.765s] Installing mp2 script to /home/python/robot_ws/install/m_pubsub/lib/m_pubsub
[1.766s] Installing ms script to /home/python/robot_ws/install/m_pubsub/lib/m_pubsub
[1.766s] Installing mt script to /home/python/robot_ws/install/m_pubsub/lib/m_pubsub
[1.767s] Installing tms script to /home/python/robot_ws/install/m_pubsub/lib/m_pubsub
[1.767s] Installing tp script to /home/python/robot_ws/install/m_pubsub/lib/m_pubsub
[1.768s] 
[1.768s] Installed /home/python/robot_ws/build/m_pubsub
[1.769s] running install_data
[1.803s] Invoked command in '/home/python/robot_ws/build/m_pubsub' returned '0': PYTHONPATH=/home/python/robot_ws/build/m_pubsub/prefix_override:/home/python/robot_ws/install/m_pubsub/lib/python3.8/site-packages:${PYTHONPATH} /usr/bin/python3 setup.py develop --editable --build-directory /home/python/robot_ws/build/m_pubsub/build --no-deps install_data
