[1.535s] Invoking command in '/home/python/robot_ws/build/m_pubsub': PYTHONPATH=/home/python/robot_ws/build/m_pubsub/prefix_override:/home/python/robot_ws/install/m_pubsub/lib/python3.8/site-packages:${PYTHONPATH} /usr/bin/python3 setup.py develop --editable --build-directory /home/python/robot_ws/build/m_pubsub/build --no-deps install_data
[1.985s] running develop
[2.225s] running egg_info
[2.226s] writing m_pubsub.egg-info/PKG-INFO
[2.226s] writing dependency_links to m_pubsub.egg-info/dependency_links.txt
[2.227s] writing entry points to m_pubsub.egg-info/entry_points.txt
[2.228s] writing requirements to m_pubsub.egg-info/requires.txt
[2.229s] writing top-level names to m_pubsub.egg-info/top_level.txt
[2.286s] reading manifest file 'm_pubsub.egg-info/SOURCES.txt'
[2.287s] writing manifest file 'm_pubsub.egg-info/SOURCES.txt'
[2.355s] running build_ext
[2.356s] Creating /home/python/robot_ws/install/m_pubsub/lib/python3.8/site-packages/m-pubsub.egg-link (link to .)
[2.356s] Installing mp script to /home/python/robot_ws/install/m_pubsub/lib/m_pubsub
[2.356s] Installing mp2 script to /home/python/robot_ws/install/m_pubsub/lib/m_pubsub
[2.356s] Installing ms script to /home/python/robot_ws/install/m_pubsub/lib/m_pubsub
[2.356s] Installing mt script to /home/python/robot_ws/install/m_pubsub/lib/m_pubsub
[2.357s] Installing tms script to /home/python/robot_ws/install/m_pubsub/lib/m_pubsub
[2.357s] Installing tp script to /home/python/robot_ws/install/m_pubsub/lib/m_pubsub
[2.357s] 
[2.357s] Installed /home/python/robot_ws/build/m_pubsub
[2.357s] running install_data
[2.402s] Invoked command in '/home/python/robot_ws/build/m_pubsub' returned '0': PYTHONPATH=/home/python/robot_ws/build/m_pubsub/prefix_override:/home/python/robot_ws/install/m_pubsub/lib/python3.8/site-packages:${PYTHONPATH} /usr/bin/python3 setup.py develop --editable --build-directory /home/python/robot_ws/build/m_pubsub/build --no-deps install_data
