[1.157s] Invoking command in '/home/python/robot_ws/build/m_pubsub': PYTHONPATH=/home/python/robot_ws/build/m_pubsub/prefix_override:/home/python/robot_ws/install/m_pubsub/lib/python3.8/site-packages:${PYTHONPATH} /usr/bin/python3 setup.py develop --editable --build-directory /home/python/robot_ws/build/m_pubsub/build --no-deps install_data
[1.604s] running develop
[1.860s] running egg_info
[1.861s] writing m_pubsub.egg-info/PKG-INFO
[1.861s] writing dependency_links to m_pubsub.egg-info/dependency_links.txt
[1.862s] writing entry points to m_pubsub.egg-info/entry_points.txt
[1.862s] writing requirements to m_pubsub.egg-info/requires.txt
[1.863s] writing top-level names to m_pubsub.egg-info/top_level.txt
[1.952s] reading manifest file 'm_pubsub.egg-info/SOURCES.txt'
[1.953s] writing manifest file 'm_pubsub.egg-info/SOURCES.txt'
[2.048s] running build_ext
[2.049s] Creating /home/python/robot_ws/install/m_pubsub/lib/python3.8/site-packages/m-pubsub.egg-link (link to .)
[2.050s] Installing mp script to /home/python/robot_ws/install/m_pubsub/lib/m_pubsub
[2.051s] Installing mp2 script to /home/python/robot_ws/install/m_pubsub/lib/m_pubsub
[2.054s] Installing ms script to /home/python/robot_ws/install/m_pubsub/lib/m_pubsub
[2.054s] Installing mt script to /home/python/robot_ws/install/m_pubsub/lib/m_pubsub
[2.055s] Installing tms script to /home/python/robot_ws/install/m_pubsub/lib/m_pubsub
[2.055s] Installing tp script to /home/python/robot_ws/install/m_pubsub/lib/m_pubsub
[2.056s] 
[2.056s] Installed /home/python/robot_ws/build/m_pubsub
[2.056s] running install_data
[2.092s] Invoked command in '/home/python/robot_ws/build/m_pubsub' returned '0': PYTHONPATH=/home/python/robot_ws/build/m_pubsub/prefix_override:/home/python/robot_ws/install/m_pubsub/lib/python3.8/site-packages:${PYTHONPATH} /usr/bin/python3 setup.py develop --editable --build-directory /home/python/robot_ws/build/m_pubsub/build --no-deps install_data
