[1.205s] Invoking command in '/home/python/robot_ws/build/m_pubsub': PYTHONPATH=/home/python/robot_ws/build/m_pubsub/prefix_override:/home/python/robot_ws/install/m_pubsub/lib/python3.8/site-packages:${PYTHONPATH} /usr/bin/python3 setup.py develop --editable --build-directory /home/python/robot_ws/build/m_pubsub/build --no-deps install_data
[1.665s] running develop
[1.877s] running egg_info
[1.878s] writing m_pubsub.egg-info/PKG-INFO
[1.878s] writing dependency_links to m_pubsub.egg-info/dependency_links.txt
[1.879s] writing entry points to m_pubsub.egg-info/entry_points.txt
[1.880s] writing requirements to m_pubsub.egg-info/requires.txt
[1.881s] writing top-level names to m_pubsub.egg-info/top_level.txt
[1.923s] reading manifest file 'm_pubsub.egg-info/SOURCES.txt'
[1.924s] writing manifest file 'm_pubsub.egg-info/SOURCES.txt'
[1.977s] running build_ext
[1.978s] Creating /home/python/robot_ws/install/m_pubsub/lib/python3.8/site-packages/m-pubsub.egg-link (link to .)
[1.979s] Installing mp script to /home/python/robot_ws/install/m_pubsub/lib/m_pubsub
[1.980s] Installing mp2 script to /home/python/robot_ws/install/m_pubsub/lib/m_pubsub
[1.981s] Installing ms script to /home/python/robot_ws/install/m_pubsub/lib/m_pubsub
[1.981s] Installing mt script to /home/python/robot_ws/install/m_pubsub/lib/m_pubsub
[1.982s] Installing tms script to /home/python/robot_ws/install/m_pubsub/lib/m_pubsub
[1.983s] Installing tp script to /home/python/robot_ws/install/m_pubsub/lib/m_pubsub
[1.983s] 
[1.983s] Installed /home/python/robot_ws/build/m_pubsub
[1.984s] running install_data
[2.019s] Invoked command in '/home/python/robot_ws/build/m_pubsub' returned '0': PYTHONPATH=/home/python/robot_ws/build/m_pubsub/prefix_override:/home/python/robot_ws/install/m_pubsub/lib/python3.8/site-packages:${PYTHONPATH} /usr/bin/python3 setup.py develop --editable --build-directory /home/python/robot_ws/build/m_pubsub/build --no-deps install_data
