[1.163s] Invoking command in '/home/python/robot_ws/build/m_pubsub': PYTHONPATH=/home/python/robot_ws/build/m_pubsub/prefix_override:/home/python/robot_ws/install/m_pubsub/lib/python3.8/site-packages:${PYTHONPATH} /usr/bin/python3 setup.py develop --editable --build-directory /home/python/robot_ws/build/m_pubsub/build --no-deps install_data
[1.512s] running develop
[1.713s] running egg_info
[1.714s] writing m_pubsub.egg-info/PKG-INFO
[1.715s] writing dependency_links to m_pubsub.egg-info/dependency_links.txt
[1.715s] writing entry points to m_pubsub.egg-info/entry_points.txt
[1.716s] writing requirements to m_pubsub.egg-info/requires.txt
[1.716s] writing top-level names to m_pubsub.egg-info/top_level.txt
[1.757s] reading manifest file 'm_pubsub.egg-info/SOURCES.txt'
[1.758s] writing manifest file 'm_pubsub.egg-info/SOURCES.txt'
[1.820s] running build_ext
[1.821s] Creating /home/python/robot_ws/install/m_pubsub/lib/python3.8/site-packages/m-pubsub.egg-link (link to .)
[1.822s] Installing mp script to /home/python/robot_ws/install/m_pubsub/lib/m_pubsub
[1.823s] Installing mp2 script to /home/python/robot_ws/install/m_pubsub/lib/m_pubsub
[1.824s] Installing ms script to /home/python/robot_ws/install/m_pubsub/lib/m_pubsub
[1.824s] Installing mt script to /home/python/robot_ws/install/m_pubsub/lib/m_pubsub
[1.825s] Installing tms script to /home/python/robot_ws/install/m_pubsub/lib/m_pubsub
[1.825s] Installing tp script to /home/python/robot_ws/install/m_pubsub/lib/m_pubsub
[1.826s] 
[1.826s] Installed /home/python/robot_ws/build/m_pubsub
[1.827s] running install_data
[1.860s] Invoked command in '/home/python/robot_ws/build/m_pubsub' returned '0': PYTHONPATH=/home/python/robot_ws/build/m_pubsub/prefix_override:/home/python/robot_ws/install/m_pubsub/lib/python3.8/site-packages:${PYTHONPATH} /usr/bin/python3 setup.py develop --editable --build-directory /home/python/robot_ws/build/m_pubsub/build --no-deps install_data
