[0.307s] DEBUG:colcon:Command line arguments: ['/usr/bin/colcon', 'build', '--symlink-install']
[0.308s] DEBUG:colcon:Parsed command line arguments: Namespace(allow_overriding=[], ament_cmake_args=None, base_paths=['.'], build_base='build', catkin_cmake_args=None, catkin_skip_building_tests=False, cmake_args=None, cmake_clean_cache=False, cmake_clean_first=False, cmake_force_configure=False, cmake_target=None, cmake_target_skip_unavailable=False, continue_on_error=False, event_handlers=None, executor='parallel', ignore_user_meta=False, install_base='install', log_base=None, log_level=None, main=<bound method BuildVerb.main of <colcon_core.verb.build.BuildVerb object at 0x7fd4513f8430>>, merge_install=False, metas=['./colcon.meta'], packages_above=None, packages_above_and_dependencies=None, packages_above_depth=None, packages_end=None, packages_ignore=None, packages_ignore_regex=None, packages_select=None, packages_select_build_failed=False, packages_select_by_dep=None, packages_select_regex=None, packages_select_test_failures=False, packages_skip=None, packages_skip_build_finished=False, packages_skip_by_dep=None, packages_skip_regex=None, packages_skip_test_passed=False, packages_skip_up_to=None, packages_start=None, packages_up_to=None, packages_up_to_regex=None, parallel_workers=2, paths=None, symlink_install=True, test_result_base=None, verb_extension=<colcon_core.verb.build.BuildVerb object at 0x7fd4513f8430>, verb_name='build', verb_parser=<colcon_defaults.argument_parser.defaults.DefaultArgumentsDecorator object at 0x7fd4513f8970>)
[0.367s] Level 1:colcon.colcon_core.package_discovery:discover_packages(colcon_meta) check parameters
[0.367s] Level 1:colcon.colcon_core.package_discovery:discover_packages(recursive) check parameters
[0.367s] Level 1:colcon.colcon_core.package_discovery:discover_packages(ignore) check parameters
[0.367s] Level 1:colcon.colcon_core.package_discovery:discover_packages(path) check parameters
[0.367s] Level 1:colcon.colcon_core.package_discovery:discover_packages(colcon_meta) discover
[0.367s] Level 1:colcon.colcon_core.package_discovery:discover_packages(recursive) discover
[0.367s] INFO:colcon.colcon_core.package_discovery:Crawling recursively for packages in '/home/python/robot_ws'
[0.367s] Level 1:colcon.colcon_core.package_identification:_identify(.) by extensions ['ignore', 'ignore_ament_install']
[0.368s] Level 1:colcon.colcon_core.package_identification:_identify(.) by extension 'ignore'
[0.368s] Level 1:colcon.colcon_core.package_identification:_identify(.) by extension 'ignore_ament_install'
[0.368s] Level 1:colcon.colcon_core.package_identification:_identify(.) by extensions ['colcon_pkg']
[0.368s] Level 1:colcon.colcon_core.package_identification:_identify(.) by extension 'colcon_pkg'
[0.368s] Level 1:colcon.colcon_core.package_identification:_identify(.) by extensions ['colcon_meta']
[0.368s] Level 1:colcon.colcon_core.package_identification:_identify(.) by extension 'colcon_meta'
[0.368s] Level 1:colcon.colcon_core.package_identification:_identify(.) by extensions ['ros']
[0.368s] Level 1:colcon.colcon_core.package_identification:_identify(.) by extension 'ros'
[0.406s] Level 1:colcon.colcon_core.package_identification:_identify(.) by extensions ['cmake', 'python']
[0.406s] Level 1:colcon.colcon_core.package_identification:_identify(.) by extension 'cmake'
[0.406s] Level 1:colcon.colcon_core.package_identification:_identify(.) by extension 'python'
[0.406s] Level 1:colcon.colcon_core.package_identification:_identify(.) by extensions ['python_setup_py']
[0.407s] Level 1:colcon.colcon_core.package_identification:_identify(.) by extension 'python_setup_py'
[0.407s] Level 1:colcon.colcon_core.package_identification:_identify(build) by extensions ['ignore', 'ignore_ament_install']
[0.407s] Level 1:colcon.colcon_core.package_identification:_identify(build) by extension 'ignore'
[0.407s] Level 1:colcon.colcon_core.package_identification:_identify(build) ignored
[0.407s] Level 1:colcon.colcon_core.package_identification:_identify(install) by extensions ['ignore', 'ignore_ament_install']
[0.407s] Level 1:colcon.colcon_core.package_identification:_identify(install) by extension 'ignore'
[0.408s] Level 1:colcon.colcon_core.package_identification:_identify(install) ignored
[0.408s] Level 1:colcon.colcon_core.package_identification:_identify(log) by extensions ['ignore', 'ignore_ament_install']
[0.408s] Level 1:colcon.colcon_core.package_identification:_identify(log) by extension 'ignore'
[0.408s] Level 1:colcon.colcon_core.package_identification:_identify(log) ignored
[0.408s] Level 1:colcon.colcon_core.package_identification:_identify(opencv_test) by extensions ['ignore', 'ignore_ament_install']
[0.408s] Level 1:colcon.colcon_core.package_identification:_identify(opencv_test) by extension 'ignore'
[0.409s] Level 1:colcon.colcon_core.package_identification:_identify(opencv_test) by extension 'ignore_ament_install'
[0.409s] Level 1:colcon.colcon_core.package_identification:_identify(opencv_test) by extensions ['colcon_pkg']
[0.409s] Level 1:colcon.colcon_core.package_identification:_identify(opencv_test) by extension 'colcon_pkg'
[0.409s] Level 1:colcon.colcon_core.package_identification:_identify(opencv_test) by extensions ['colcon_meta']
[0.409s] Level 1:colcon.colcon_core.package_identification:_identify(opencv_test) by extension 'colcon_meta'
[0.409s] Level 1:colcon.colcon_core.package_identification:_identify(opencv_test) by extensions ['ros']
[0.409s] Level 1:colcon.colcon_core.package_identification:_identify(opencv_test) by extension 'ros'
[0.409s] Level 1:colcon.colcon_core.package_identification:_identify(opencv_test) by extensions ['cmake', 'python']
[0.409s] Level 1:colcon.colcon_core.package_identification:_identify(opencv_test) by extension 'cmake'
[0.409s] Level 1:colcon.colcon_core.package_identification:_identify(opencv_test) by extension 'python'
[0.410s] Level 1:colcon.colcon_core.package_identification:_identify(opencv_test) by extensions ['python_setup_py']
[0.410s] Level 1:colcon.colcon_core.package_identification:_identify(opencv_test) by extension 'python_setup_py'
[0.410s] Level 1:colcon.colcon_core.package_identification:_identify(src) by extensions ['ignore', 'ignore_ament_install']
[0.410s] Level 1:colcon.colcon_core.package_identification:_identify(src) by extension 'ignore'
[0.410s] Level 1:colcon.colcon_core.package_identification:_identify(src) by extension 'ignore_ament_install'
[0.410s] Level 1:colcon.colcon_core.package_identification:_identify(src) by extensions ['colcon_pkg']
[0.410s] Level 1:colcon.colcon_core.package_identification:_identify(src) by extension 'colcon_pkg'
[0.410s] Level 1:colcon.colcon_core.package_identification:_identify(src) by extensions ['colcon_meta']
[0.410s] Level 1:colcon.colcon_core.package_identification:_identify(src) by extension 'colcon_meta'
[0.410s] Level 1:colcon.colcon_core.package_identification:_identify(src) by extensions ['ros']
[0.411s] Level 1:colcon.colcon_core.package_identification:_identify(src) by extension 'ros'
[0.411s] Level 1:colcon.colcon_core.package_identification:_identify(src) by extensions ['cmake', 'python']
[0.411s] Level 1:colcon.colcon_core.package_identification:_identify(src) by extension 'cmake'
[0.411s] Level 1:colcon.colcon_core.package_identification:_identify(src) by extension 'python'
[0.411s] Level 1:colcon.colcon_core.package_identification:_identify(src) by extensions ['python_setup_py']
[0.411s] Level 1:colcon.colcon_core.package_identification:_identify(src) by extension 'python_setup_py'
[0.411s] Level 1:colcon.colcon_core.package_identification:_identify(src/class_test_interfaces) by extensions ['ignore', 'ignore_ament_install']
[0.411s] Level 1:colcon.colcon_core.package_identification:_identify(src/class_test_interfaces) by extension 'ignore'
[0.411s] Level 1:colcon.colcon_core.package_identification:_identify(src/class_test_interfaces) by extension 'ignore_ament_install'
[0.412s] Level 1:colcon.colcon_core.package_identification:_identify(src/class_test_interfaces) by extensions ['colcon_pkg']
[0.412s] Level 1:colcon.colcon_core.package_identification:_identify(src/class_test_interfaces) by extension 'colcon_pkg'
[0.412s] Level 1:colcon.colcon_core.package_identification:_identify(src/class_test_interfaces) by extensions ['colcon_meta']
[0.412s] Level 1:colcon.colcon_core.package_identification:_identify(src/class_test_interfaces) by extension 'colcon_meta'
[0.412s] Level 1:colcon.colcon_core.package_identification:_identify(src/class_test_interfaces) by extensions ['ros']
[0.412s] Level 1:colcon.colcon_core.package_identification:_identify(src/class_test_interfaces) by extension 'ros'
[0.416s] DEBUG:colcon.colcon_core.package_identification:Package 'src/class_test_interfaces' with type 'ros.ament_cmake' and name 'class_test_interfaces'
[0.416s] Level 1:colcon.colcon_core.package_identification:_identify(src/m_pubsub) by extensions ['ignore', 'ignore_ament_install']
[0.417s] Level 1:colcon.colcon_core.package_identification:_identify(src/m_pubsub) by extension 'ignore'
[0.417s] Level 1:colcon.colcon_core.package_identification:_identify(src/m_pubsub) by extension 'ignore_ament_install'
[0.417s] Level 1:colcon.colcon_core.package_identification:_identify(src/m_pubsub) by extensions ['colcon_pkg']
[0.417s] Level 1:colcon.colcon_core.package_identification:_identify(src/m_pubsub) by extension 'colcon_pkg'
[0.417s] Level 1:colcon.colcon_core.package_identification:_identify(src/m_pubsub) by extensions ['colcon_meta']
[0.417s] Level 1:colcon.colcon_core.package_identification:_identify(src/m_pubsub) by extension 'colcon_meta'
[0.417s] Level 1:colcon.colcon_core.package_identification:_identify(src/m_pubsub) by extensions ['ros']
[0.417s] Level 1:colcon.colcon_core.package_identification:_identify(src/m_pubsub) by extension 'ros'
[0.418s] DEBUG:colcon.colcon_core.package_identification:Package 'src/m_pubsub' with type 'ros.ament_python' and name 'm_pubsub'
[0.418s] Level 1:colcon.colcon_core.package_identification:_identify(src/move_turtle_pkg) by extensions ['ignore', 'ignore_ament_install']
[0.418s] Level 1:colcon.colcon_core.package_identification:_identify(src/move_turtle_pkg) by extension 'ignore'
[0.419s] Level 1:colcon.colcon_core.package_identification:_identify(src/move_turtle_pkg) by extension 'ignore_ament_install'
[0.419s] Level 1:colcon.colcon_core.package_identification:_identify(src/move_turtle_pkg) by extensions ['colcon_pkg']
[0.419s] Level 1:colcon.colcon_core.package_identification:_identify(src/move_turtle_pkg) by extension 'colcon_pkg'
[0.419s] Level 1:colcon.colcon_core.package_identification:_identify(src/move_turtle_pkg) by extensions ['colcon_meta']
[0.419s] Level 1:colcon.colcon_core.package_identification:_identify(src/move_turtle_pkg) by extension 'colcon_meta'
[0.419s] Level 1:colcon.colcon_core.package_identification:_identify(src/move_turtle_pkg) by extensions ['ros']
[0.419s] Level 1:colcon.colcon_core.package_identification:_identify(src/move_turtle_pkg) by extension 'ros'
[0.420s] DEBUG:colcon.colcon_core.package_identification:Package 'src/move_turtle_pkg' with type 'ros.ament_python' and name 'move_turtle_pkg'
[0.420s] Level 1:colcon.colcon_core.package_identification:_identify(src/tb3_move) by extensions ['ignore', 'ignore_ament_install']
[0.420s] Level 1:colcon.colcon_core.package_identification:_identify(src/tb3_move) by extension 'ignore'
[0.420s] Level 1:colcon.colcon_core.package_identification:_identify(src/tb3_move) by extension 'ignore_ament_install'
[0.420s] Level 1:colcon.colcon_core.package_identification:_identify(src/tb3_move) by extensions ['colcon_pkg']
[0.421s] Level 1:colcon.colcon_core.package_identification:_identify(src/tb3_move) by extension 'colcon_pkg'
[0.421s] Level 1:colcon.colcon_core.package_identification:_identify(src/tb3_move) by extensions ['colcon_meta']
[0.421s] Level 1:colcon.colcon_core.package_identification:_identify(src/tb3_move) by extension 'colcon_meta'
[0.421s] Level 1:colcon.colcon_core.package_identification:_identify(src/tb3_move) by extensions ['ros']
[0.421s] Level 1:colcon.colcon_core.package_identification:_identify(src/tb3_move) by extension 'ros'
[0.422s] DEBUG:colcon.colcon_core.package_identification:Package 'src/tb3_move' with type 'ros.ament_python' and name 'tb3_move'
[0.422s] Level 1:colcon.colcon_core.package_identification:_identify(src/test_num) by extensions ['ignore', 'ignore_ament_install']
[0.422s] Level 1:colcon.colcon_core.package_identification:_identify(src/test_num) by extension 'ignore'
[0.422s] Level 1:colcon.colcon_core.package_identification:_identify(src/test_num) by extension 'ignore_ament_install'
[0.422s] Level 1:colcon.colcon_core.package_identification:_identify(src/test_num) by extensions ['colcon_pkg']
[0.422s] Level 1:colcon.colcon_core.package_identification:_identify(src/test_num) by extension 'colcon_pkg'
[0.423s] Level 1:colcon.colcon_core.package_identification:_identify(src/test_num) by extensions ['colcon_meta']
[0.423s] Level 1:colcon.colcon_core.package_identification:_identify(src/test_num) by extension 'colcon_meta'
[0.423s] Level 1:colcon.colcon_core.package_identification:_identify(src/test_num) by extensions ['ros']
[0.423s] Level 1:colcon.colcon_core.package_identification:_identify(src/test_num) by extension 'ros'
[0.424s] DEBUG:colcon.colcon_core.package_identification:Package 'src/test_num' with type 'ros.ament_python' and name 'test_num'
[0.424s] Level 1:colcon.colcon_core.package_identification:_identify(src/test_para) by extensions ['ignore', 'ignore_ament_install']
[0.424s] Level 1:colcon.colcon_core.package_identification:_identify(src/test_para) by extension 'ignore'
[0.424s] Level 1:colcon.colcon_core.package_identification:_identify(src/test_para) by extension 'ignore_ament_install'
[0.424s] Level 1:colcon.colcon_core.package_identification:_identify(src/test_para) by extensions ['colcon_pkg']
[0.424s] Level 1:colcon.colcon_core.package_identification:_identify(src/test_para) by extension 'colcon_pkg'
[0.424s] Level 1:colcon.colcon_core.package_identification:_identify(src/test_para) by extensions ['colcon_meta']
[0.424s] Level 1:colcon.colcon_core.package_identification:_identify(src/test_para) by extension 'colcon_meta'
[0.425s] Level 1:colcon.colcon_core.package_identification:_identify(src/test_para) by extensions ['ros']
[0.425s] Level 1:colcon.colcon_core.package_identification:_identify(src/test_para) by extension 'ros'
[0.425s] DEBUG:colcon.colcon_core.package_identification:Package 'src/test_para' with type 'ros.ament_python' and name 'test_para'
[0.425s] Level 1:colcon.colcon_core.package_discovery:discover_packages(recursive) using defaults
[0.426s] Level 1:colcon.colcon_core.package_discovery:discover_packages(ignore) discover
[0.426s] Level 1:colcon.colcon_core.package_discovery:discover_packages(ignore) using defaults
[0.426s] Level 1:colcon.colcon_core.package_discovery:discover_packages(path) discover
[0.426s] Level 1:colcon.colcon_core.package_discovery:discover_packages(path) using defaults
[0.472s] Level 1:colcon.colcon_core.package_discovery:discover_packages(prefix_path) check parameters
[0.472s] Level 1:colcon.colcon_core.package_discovery:discover_packages(prefix_path) discover
[0.481s] DEBUG:colcon.colcon_installed_package_information.package_discovery:Found 5 installed packages in /home/python/robot_ws/install
[0.484s] DEBUG:colcon.colcon_installed_package_information.package_discovery:Found 258 installed packages in /opt/ros/foxy
[0.488s] Level 1:colcon.colcon_core.package_discovery:discover_packages(prefix_path) using defaults
[0.599s] Level 5:colcon.colcon_core.verb:set package 'class_test_interfaces' build argument 'cmake_args' from command line to 'None'
[0.600s] Level 5:colcon.colcon_core.verb:set package 'class_test_interfaces' build argument 'cmake_target' from command line to 'None'
[0.600s] Level 5:colcon.colcon_core.verb:set package 'class_test_interfaces' build argument 'cmake_target_skip_unavailable' from command line to 'False'
[0.600s] Level 5:colcon.colcon_core.verb:set package 'class_test_interfaces' build argument 'cmake_clean_cache' from command line to 'False'
[0.600s] Level 5:colcon.colcon_core.verb:set package 'class_test_interfaces' build argument 'cmake_clean_first' from command line to 'False'
[0.600s] Level 5:colcon.colcon_core.verb:set package 'class_test_interfaces' build argument 'cmake_force_configure' from command line to 'False'
[0.600s] Level 5:colcon.colcon_core.verb:set package 'class_test_interfaces' build argument 'ament_cmake_args' from command line to 'None'
[0.600s] Level 5:colcon.colcon_core.verb:set package 'class_test_interfaces' build argument 'catkin_cmake_args' from command line to 'None'
[0.600s] Level 5:colcon.colcon_core.verb:set package 'class_test_interfaces' build argument 'catkin_skip_building_tests' from command line to 'False'
[0.600s] DEBUG:colcon.colcon_core.verb:Building package 'class_test_interfaces' with the following arguments: {'ament_cmake_args': None, 'build_base': '/home/python/robot_ws/build/class_test_interfaces', 'catkin_cmake_args': None, 'catkin_skip_building_tests': False, 'cmake_args': None, 'cmake_clean_cache': False, 'cmake_clean_first': False, 'cmake_force_configure': False, 'cmake_target': None, 'cmake_target_skip_unavailable': False, 'install_base': '/home/python/robot_ws/install/class_test_interfaces', 'merge_install': False, 'path': '/home/python/robot_ws/src/class_test_interfaces', 'symlink_install': True, 'test_result_base': None}
[0.602s] Level 5:colcon.colcon_core.verb:set package 'm_pubsub' build argument 'cmake_args' from command line to 'None'
[0.602s] Level 5:colcon.colcon_core.verb:set package 'm_pubsub' build argument 'cmake_target' from command line to 'None'
[0.602s] Level 5:colcon.colcon_core.verb:set package 'm_pubsub' build argument 'cmake_target_skip_unavailable' from command line to 'False'
[0.603s] Level 5:colcon.colcon_core.verb:set package 'm_pubsub' build argument 'cmake_clean_cache' from command line to 'False'
[0.603s] Level 5:colcon.colcon_core.verb:set package 'm_pubsub' build argument 'cmake_clean_first' from command line to 'False'
[0.603s] Level 5:colcon.colcon_core.verb:set package 'm_pubsub' build argument 'cmake_force_configure' from command line to 'False'
[0.603s] Level 5:colcon.colcon_core.verb:set package 'm_pubsub' build argument 'ament_cmake_args' from command line to 'None'
[0.603s] Level 5:colcon.colcon_core.verb:set package 'm_pubsub' build argument 'catkin_cmake_args' from command line to 'None'
[0.603s] Level 5:colcon.colcon_core.verb:set package 'm_pubsub' build argument 'catkin_skip_building_tests' from command line to 'False'
[0.603s] DEBUG:colcon.colcon_core.verb:Building package 'm_pubsub' with the following arguments: {'ament_cmake_args': None, 'build_base': '/home/python/robot_ws/build/m_pubsub', 'catkin_cmake_args': None, 'catkin_skip_building_tests': False, 'cmake_args': None, 'cmake_clean_cache': False, 'cmake_clean_first': False, 'cmake_force_configure': False, 'cmake_target': None, 'cmake_target_skip_unavailable': False, 'install_base': '/home/python/robot_ws/install/m_pubsub', 'merge_install': False, 'path': '/home/python/robot_ws/src/m_pubsub', 'symlink_install': True, 'test_result_base': None}
[0.605s] Level 5:colcon.colcon_core.verb:set package 'move_turtle_pkg' build argument 'cmake_args' from command line to 'None'
[0.605s] Level 5:colcon.colcon_core.verb:set package 'move_turtle_pkg' build argument 'cmake_target' from command line to 'None'
[0.605s] Level 5:colcon.colcon_core.verb:set package 'move_turtle_pkg' build argument 'cmake_target_skip_unavailable' from command line to 'False'
[0.605s] Level 5:colcon.colcon_core.verb:set package 'move_turtle_pkg' build argument 'cmake_clean_cache' from command line to 'False'
[0.605s] Level 5:colcon.colcon_core.verb:set package 'move_turtle_pkg' build argument 'cmake_clean_first' from command line to 'False'
[0.605s] Level 5:colcon.colcon_core.verb:set package 'move_turtle_pkg' build argument 'cmake_force_configure' from command line to 'False'
[0.605s] Level 5:colcon.colcon_core.verb:set package 'move_turtle_pkg' build argument 'ament_cmake_args' from command line to 'None'
[0.606s] Level 5:colcon.colcon_core.verb:set package 'move_turtle_pkg' build argument 'catkin_cmake_args' from command line to 'None'
[0.606s] Level 5:colcon.colcon_core.verb:set package 'move_turtle_pkg' build argument 'catkin_skip_building_tests' from command line to 'False'
[0.606s] DEBUG:colcon.colcon_core.verb:Building package 'move_turtle_pkg' with the following arguments: {'ament_cmake_args': None, 'build_base': '/home/python/robot_ws/build/move_turtle_pkg', 'catkin_cmake_args': None, 'catkin_skip_building_tests': False, 'cmake_args': None, 'cmake_clean_cache': False, 'cmake_clean_first': False, 'cmake_force_configure': False, 'cmake_target': None, 'cmake_target_skip_unavailable': False, 'install_base': '/home/python/robot_ws/install/move_turtle_pkg', 'merge_install': False, 'path': '/home/python/robot_ws/src/move_turtle_pkg', 'symlink_install': True, 'test_result_base': None}
[0.608s] Level 5:colcon.colcon_core.verb:set package 'tb3_move' build argument 'cmake_args' from command line to 'None'
[0.608s] Level 5:colcon.colcon_core.verb:set package 'tb3_move' build argument 'cmake_target' from command line to 'None'
[0.608s] Level 5:colcon.colcon_core.verb:set package 'tb3_move' build argument 'cmake_target_skip_unavailable' from command line to 'False'
[0.608s] Level 5:colcon.colcon_core.verb:set package 'tb3_move' build argument 'cmake_clean_cache' from command line to 'False'
[0.608s] Level 5:colcon.colcon_core.verb:set package 'tb3_move' build argument 'cmake_clean_first' from command line to 'False'
[0.608s] Level 5:colcon.colcon_core.verb:set package 'tb3_move' build argument 'cmake_force_configure' from command line to 'False'
[0.608s] Level 5:colcon.colcon_core.verb:set package 'tb3_move' build argument 'ament_cmake_args' from command line to 'None'
[0.609s] Level 5:colcon.colcon_core.verb:set package 'tb3_move' build argument 'catkin_cmake_args' from command line to 'None'
[0.609s] Level 5:colcon.colcon_core.verb:set package 'tb3_move' build argument 'catkin_skip_building_tests' from command line to 'False'
[0.609s] DEBUG:colcon.colcon_core.verb:Building package 'tb3_move' with the following arguments: {'ament_cmake_args': None, 'build_base': '/home/python/robot_ws/build/tb3_move', 'catkin_cmake_args': None, 'catkin_skip_building_tests': False, 'cmake_args': None, 'cmake_clean_cache': False, 'cmake_clean_first': False, 'cmake_force_configure': False, 'cmake_target': None, 'cmake_target_skip_unavailable': False, 'install_base': '/home/python/robot_ws/install/tb3_move', 'merge_install': False, 'path': '/home/python/robot_ws/src/tb3_move', 'symlink_install': True, 'test_result_base': None}
[0.611s] Level 5:colcon.colcon_core.verb:set package 'test_num' build argument 'cmake_args' from command line to 'None'
[0.611s] Level 5:colcon.colcon_core.verb:set package 'test_num' build argument 'cmake_target' from command line to 'None'
[0.611s] Level 5:colcon.colcon_core.verb:set package 'test_num' build argument 'cmake_target_skip_unavailable' from command line to 'False'
[0.611s] Level 5:colcon.colcon_core.verb:set package 'test_num' build argument 'cmake_clean_cache' from command line to 'False'
[0.611s] Level 5:colcon.colcon_core.verb:set package 'test_num' build argument 'cmake_clean_first' from command line to 'False'
[0.611s] Level 5:colcon.colcon_core.verb:set package 'test_num' build argument 'cmake_force_configure' from command line to 'False'
[0.611s] Level 5:colcon.colcon_core.verb:set package 'test_num' build argument 'ament_cmake_args' from command line to 'None'
[0.611s] Level 5:colcon.colcon_core.verb:set package 'test_num' build argument 'catkin_cmake_args' from command line to 'None'
[0.612s] Level 5:colcon.colcon_core.verb:set package 'test_num' build argument 'catkin_skip_building_tests' from command line to 'False'
[0.612s] DEBUG:colcon.colcon_core.verb:Building package 'test_num' with the following arguments: {'ament_cmake_args': None, 'build_base': '/home/python/robot_ws/build/test_num', 'catkin_cmake_args': None, 'catkin_skip_building_tests': False, 'cmake_args': None, 'cmake_clean_cache': False, 'cmake_clean_first': False, 'cmake_force_configure': False, 'cmake_target': None, 'cmake_target_skip_unavailable': False, 'install_base': '/home/python/robot_ws/install/test_num', 'merge_install': False, 'path': '/home/python/robot_ws/src/test_num', 'symlink_install': True, 'test_result_base': None}
[0.614s] Level 5:colcon.colcon_core.verb:set package 'test_para' build argument 'cmake_args' from command line to 'None'
[0.614s] Level 5:colcon.colcon_core.verb:set package 'test_para' build argument 'cmake_target' from command line to 'None'
[0.614s] Level 5:colcon.colcon_core.verb:set package 'test_para' build argument 'cmake_target_skip_unavailable' from command line to 'False'
[0.614s] Level 5:colcon.colcon_core.verb:set package 'test_para' build argument 'cmake_clean_cache' from command line to 'False'
[0.614s] Level 5:colcon.colcon_core.verb:set package 'test_para' build argument 'cmake_clean_first' from command line to 'False'
[0.614s] Level 5:colcon.colcon_core.verb:set package 'test_para' build argument 'cmake_force_configure' from command line to 'False'
[0.614s] Level 5:colcon.colcon_core.verb:set package 'test_para' build argument 'ament_cmake_args' from command line to 'None'
[0.614s] Level 5:colcon.colcon_core.verb:set package 'test_para' build argument 'catkin_cmake_args' from command line to 'None'
[0.614s] Level 5:colcon.colcon_core.verb:set package 'test_para' build argument 'catkin_skip_building_tests' from command line to 'False'
[0.615s] DEBUG:colcon.colcon_core.verb:Building package 'test_para' with the following arguments: {'ament_cmake_args': None, 'build_base': '/home/python/robot_ws/build/test_para', 'catkin_cmake_args': None, 'catkin_skip_building_tests': False, 'cmake_args': None, 'cmake_clean_cache': False, 'cmake_clean_first': False, 'cmake_force_configure': False, 'cmake_target': None, 'cmake_target_skip_unavailable': False, 'install_base': '/home/python/robot_ws/install/test_para', 'merge_install': False, 'path': '/home/python/robot_ws/src/test_para', 'symlink_install': True, 'test_result_base': None}
[0.617s] INFO:colcon.colcon_core.executor:Executing jobs using 'parallel' executor
[0.628s] DEBUG:colcon.colcon_parallel_executor.executor.parallel:run_until_complete
[0.629s] INFO:colcon.colcon_ros.task.ament_cmake.build:Building ROS package in '/home/python/robot_ws/src/class_test_interfaces' with build type 'ament_cmake'
[0.629s] INFO:colcon.colcon_cmake.task.cmake.build:Building CMake package in '/home/python/robot_ws/src/class_test_interfaces'
[0.645s] INFO:colcon.colcon_core.plugin_system:Skipping extension 'colcon_core.shell.bat': Not used on non-Windows systems
[0.645s] INFO:colcon.colcon_core.shell:Skip shell extension 'powershell' for command environment: Not usable outside of PowerShell
[0.645s] DEBUG:colcon.colcon_core.shell:Skip shell extension 'dsv' for command environment
[0.657s] INFO:colcon.colcon_ros.task.ament_python.build:Building ROS package in '/home/python/robot_ws/src/m_pubsub' with build type 'ament_python'
[0.657s] Level 1:colcon.colcon_core.shell:create_environment_hook('m_pubsub', 'ament_prefix_path')
[0.664s] INFO:colcon.colcon_core.shell:Creating environment hook '/home/python/robot_ws/install/m_pubsub/share/m_pubsub/hook/ament_prefix_path.ps1'
[0.667s] INFO:colcon.colcon_core.shell:Creating environment descriptor '/home/python/robot_ws/install/m_pubsub/share/m_pubsub/hook/ament_prefix_path.dsv'
[0.669s] INFO:colcon.colcon_core.shell:Creating environment hook '/home/python/robot_ws/install/m_pubsub/share/m_pubsub/hook/ament_prefix_path.sh'
[0.674s] INFO:colcon.colcon_core.shell:Skip shell extension 'powershell' for command environment: Not usable outside of PowerShell
[0.674s] DEBUG:colcon.colcon_core.shell:Skip shell extension 'dsv' for command environment
[0.698s] DEBUG:colcon.colcon_core.event_handler.log_command:Invoking command in '/home/python/robot_ws/build/class_test_interfaces': CMAKE_PREFIX_PATH=${CMAKE_PREFIX_PATH}:/home/python/robot_ws/install/test_para:/home/python/robot_ws/install/test_num:/home/python/robot_ws/install/move_turtle_pkg:/home/python/robot_ws/install/m_pubsub:/opt/ros/foxy /usr/bin/cmake --build /home/python/robot_ws/build/class_test_interfaces -- -j2 -l2
[1.210s] INFO:colcon.colcon_core.task.python.build:Building Python package in '/home/python/robot_ws/src/m_pubsub'
[1.215s] INFO:colcon.colcon_core.shell:Skip shell extension 'powershell' for command environment: Not usable outside of PowerShell
[1.216s] DEBUG:colcon.colcon_core.shell:Skip shell extension 'dsv' for command environment
[1.480s] DEBUG:colcon.colcon_core.event_handler.log_command:Invoked command in '/home/python/robot_ws/build/class_test_interfaces' returned '0': CMAKE_PREFIX_PATH=${CMAKE_PREFIX_PATH}:/home/python/robot_ws/install/test_para:/home/python/robot_ws/install/test_num:/home/python/robot_ws/install/move_turtle_pkg:/home/python/robot_ws/install/m_pubsub:/opt/ros/foxy /usr/bin/cmake --build /home/python/robot_ws/build/class_test_interfaces -- -j2 -l2
[1.625s] DEBUG:colcon.colcon_core.event_handler.log_command:Invoking command in '/home/python/robot_ws/build/class_test_interfaces': CMAKE_PREFIX_PATH=${CMAKE_PREFIX_PATH}:/home/python/robot_ws/install/test_para:/home/python/robot_ws/install/test_num:/home/python/robot_ws/install/move_turtle_pkg:/home/python/robot_ws/install/m_pubsub:/opt/ros/foxy /usr/bin/cmake --install /home/python/robot_ws/build/class_test_interfaces
[1.768s] Level 1:colcon.colcon_core.environment:create_environment_scripts_only(class_test_interfaces)
[1.770s] DEBUG:colcon.colcon_core.event_handler.log_command:Invoked command in '/home/python/robot_ws/build/class_test_interfaces' returned '0': CMAKE_PREFIX_PATH=${CMAKE_PREFIX_PATH}:/home/python/robot_ws/install/test_para:/home/python/robot_ws/install/test_num:/home/python/robot_ws/install/move_turtle_pkg:/home/python/robot_ws/install/m_pubsub:/opt/ros/foxy /usr/bin/cmake --install /home/python/robot_ws/build/class_test_interfaces
[1.784s] Level 1:colcon.colcon_core.environment:checking '/home/python/robot_ws/install/class_test_interfaces' for CMake module files
[1.785s] Level 1:colcon.colcon_core.environment:checking '/home/python/robot_ws/install/class_test_interfaces' for CMake config files
[1.786s] Level 1:colcon.colcon_core.shell:create_environment_hook('class_test_interfaces', 'cmake_prefix_path')
[1.790s] INFO:colcon.colcon_core.shell:Creating environment hook '/home/python/robot_ws/install/class_test_interfaces/share/class_test_interfaces/hook/cmake_prefix_path.ps1'
[1.791s] INFO:colcon.colcon_core.shell:Creating environment descriptor '/home/python/robot_ws/install/class_test_interfaces/share/class_test_interfaces/hook/cmake_prefix_path.dsv'
[1.792s] INFO:colcon.colcon_core.shell:Creating environment hook '/home/python/robot_ws/install/class_test_interfaces/share/class_test_interfaces/hook/cmake_prefix_path.sh'
[1.793s] Level 1:colcon.colcon_core.environment:checking '/home/python/robot_ws/install/class_test_interfaces/lib'
[1.793s] Level 1:colcon.colcon_core.shell:create_environment_hook('class_test_interfaces', 'ld_library_path_lib')
[1.797s] INFO:colcon.colcon_core.shell:Creating environment hook '/home/python/robot_ws/install/class_test_interfaces/share/class_test_interfaces/hook/ld_library_path_lib.ps1'
[1.797s] INFO:colcon.colcon_core.shell:Creating environment descriptor '/home/python/robot_ws/install/class_test_interfaces/share/class_test_interfaces/hook/ld_library_path_lib.dsv'
[1.798s] INFO:colcon.colcon_core.shell:Creating environment hook '/home/python/robot_ws/install/class_test_interfaces/share/class_test_interfaces/hook/ld_library_path_lib.sh'
[1.798s] Level 1:colcon.colcon_core.environment:checking '/home/python/robot_ws/install/class_test_interfaces/bin'
[1.799s] Level 1:colcon.colcon_core.environment:checking '/home/python/robot_ws/install/class_test_interfaces/lib/pkgconfig/class_test_interfaces.pc'
[1.799s] Level 1:colcon.colcon_core.environment:checking '/home/python/robot_ws/install/class_test_interfaces/lib/python3.8/site-packages'
[1.799s] Level 1:colcon.colcon_core.shell:create_environment_hook('class_test_interfaces', 'pythonpath')
[1.803s] INFO:colcon.colcon_core.shell:Creating environment hook '/home/python/robot_ws/install/class_test_interfaces/share/class_test_interfaces/hook/pythonpath.ps1'
[1.803s] INFO:colcon.colcon_core.shell:Creating environment descriptor '/home/python/robot_ws/install/class_test_interfaces/share/class_test_interfaces/hook/pythonpath.dsv'
[1.804s] INFO:colcon.colcon_core.shell:Creating environment hook '/home/python/robot_ws/install/class_test_interfaces/share/class_test_interfaces/hook/pythonpath.sh'
[1.805s] Level 1:colcon.colcon_core.environment:checking '/home/python/robot_ws/install/class_test_interfaces/bin'
[1.809s] INFO:colcon.colcon_core.shell:Creating package script '/home/python/robot_ws/install/class_test_interfaces/share/class_test_interfaces/package.ps1'
[1.811s] INFO:colcon.colcon_core.shell:Creating package descriptor '/home/python/robot_ws/install/class_test_interfaces/share/class_test_interfaces/package.dsv'
[1.813s] INFO:colcon.colcon_core.shell:Creating package script '/home/python/robot_ws/install/class_test_interfaces/share/class_test_interfaces/package.sh'
[1.814s] INFO:colcon.colcon_core.shell:Creating package script '/home/python/robot_ws/install/class_test_interfaces/share/class_test_interfaces/package.bash'
[1.816s] INFO:colcon.colcon_core.shell:Creating package script '/home/python/robot_ws/install/class_test_interfaces/share/class_test_interfaces/package.zsh'
[1.817s] Level 1:colcon.colcon_core.environment:create_file_with_runtime_dependencies(/home/python/robot_ws/install/class_test_interfaces/share/colcon-core/packages/class_test_interfaces)
[1.945s] Level 1:colcon.colcon_core.environment:create_environment_scripts_only(class_test_interfaces)
[1.950s] Level 1:colcon.colcon_core.environment:checking '/home/python/robot_ws/install/class_test_interfaces' for CMake module files
[1.951s] Level 1:colcon.colcon_core.environment:checking '/home/python/robot_ws/install/class_test_interfaces' for CMake config files
[1.952s] Level 1:colcon.colcon_core.shell:create_environment_hook('class_test_interfaces', 'cmake_prefix_path')
[1.956s] INFO:colcon.colcon_core.shell:Creating environment hook '/home/python/robot_ws/install/class_test_interfaces/share/class_test_interfaces/hook/cmake_prefix_path.ps1'
[1.957s] INFO:colcon.colcon_core.shell:Creating environment descriptor '/home/python/robot_ws/install/class_test_interfaces/share/class_test_interfaces/hook/cmake_prefix_path.dsv'
[1.958s] INFO:colcon.colcon_core.shell:Creating environment hook '/home/python/robot_ws/install/class_test_interfaces/share/class_test_interfaces/hook/cmake_prefix_path.sh'
[1.959s] Level 1:colcon.colcon_core.environment:checking '/home/python/robot_ws/install/class_test_interfaces/lib'
[1.959s] Level 1:colcon.colcon_core.shell:create_environment_hook('class_test_interfaces', 'ld_library_path_lib')
[1.964s] INFO:colcon.colcon_core.shell:Creating environment hook '/home/python/robot_ws/install/class_test_interfaces/share/class_test_interfaces/hook/ld_library_path_lib.ps1'
[1.965s] INFO:colcon.colcon_core.shell:Creating environment descriptor '/home/python/robot_ws/install/class_test_interfaces/share/class_test_interfaces/hook/ld_library_path_lib.dsv'
[1.965s] INFO:colcon.colcon_core.shell:Creating environment hook '/home/python/robot_ws/install/class_test_interfaces/share/class_test_interfaces/hook/ld_library_path_lib.sh'
[1.966s] Level 1:colcon.colcon_core.environment:checking '/home/python/robot_ws/install/class_test_interfaces/bin'
[1.966s] Level 1:colcon.colcon_core.environment:checking '/home/python/robot_ws/install/class_test_interfaces/lib/pkgconfig/class_test_interfaces.pc'
[1.967s] Level 1:colcon.colcon_core.environment:checking '/home/python/robot_ws/install/class_test_interfaces/lib/python3.8/site-packages'
[1.967s] Level 1:colcon.colcon_core.shell:create_environment_hook('class_test_interfaces', 'pythonpath')
[1.971s] INFO:colcon.colcon_core.shell:Creating environment hook '/home/python/robot_ws/install/class_test_interfaces/share/class_test_interfaces/hook/pythonpath.ps1'
[1.971s] INFO:colcon.colcon_core.shell:Creating environment descriptor '/home/python/robot_ws/install/class_test_interfaces/share/class_test_interfaces/hook/pythonpath.dsv'
[1.972s] INFO:colcon.colcon_core.shell:Creating environment hook '/home/python/robot_ws/install/class_test_interfaces/share/class_test_interfaces/hook/pythonpath.sh'
[1.973s] Level 1:colcon.colcon_core.environment:checking '/home/python/robot_ws/install/class_test_interfaces/bin'
[1.977s] INFO:colcon.colcon_core.shell:Creating package script '/home/python/robot_ws/install/class_test_interfaces/share/class_test_interfaces/package.ps1'
[1.978s] INFO:colcon.colcon_core.shell:Creating package descriptor '/home/python/robot_ws/install/class_test_interfaces/share/class_test_interfaces/package.dsv'
[1.979s] INFO:colcon.colcon_core.shell:Creating package script '/home/python/robot_ws/install/class_test_interfaces/share/class_test_interfaces/package.sh'
[1.979s] INFO:colcon.colcon_core.shell:Creating package script '/home/python/robot_ws/install/class_test_interfaces/share/class_test_interfaces/package.bash'
[1.980s] INFO:colcon.colcon_core.shell:Creating package script '/home/python/robot_ws/install/class_test_interfaces/share/class_test_interfaces/package.zsh'
[1.981s] Level 1:colcon.colcon_core.environment:create_file_with_runtime_dependencies(/home/python/robot_ws/install/class_test_interfaces/share/colcon-core/packages/class_test_interfaces)
[1.983s] INFO:colcon.colcon_ros.task.ament_python.build:Building ROS package in '/home/python/robot_ws/src/move_turtle_pkg' with build type 'ament_python'
[1.983s] Level 1:colcon.colcon_core.shell:create_environment_hook('move_turtle_pkg', 'ament_prefix_path')
[1.987s] INFO:colcon.colcon_core.shell:Creating environment hook '/home/python/robot_ws/install/move_turtle_pkg/share/move_turtle_pkg/hook/ament_prefix_path.ps1'
[1.988s] INFO:colcon.colcon_core.shell:Creating environment descriptor '/home/python/robot_ws/install/move_turtle_pkg/share/move_turtle_pkg/hook/ament_prefix_path.dsv'
[1.989s] INFO:colcon.colcon_core.shell:Creating environment hook '/home/python/robot_ws/install/move_turtle_pkg/share/move_turtle_pkg/hook/ament_prefix_path.sh'
[1.997s] INFO:colcon.colcon_core.shell:Skip shell extension 'powershell' for command environment: Not usable outside of PowerShell
[1.998s] DEBUG:colcon.colcon_core.shell:Skip shell extension 'dsv' for command environment
[2.338s] INFO:colcon.colcon_core.task.python.build:Building Python package in '/home/python/robot_ws/src/move_turtle_pkg'
[2.343s] INFO:colcon.colcon_core.shell:Skip shell extension 'powershell' for command environment: Not usable outside of PowerShell
[2.343s] DEBUG:colcon.colcon_core.shell:Skip shell extension 'dsv' for command environment
[2.358s] DEBUG:colcon.colcon_core.event_handler.log_command:Invoking command in '/home/python/robot_ws/build/m_pubsub': PYTHONPATH=/home/python/robot_ws/build/m_pubsub/prefix_override:/home/python/robot_ws/install/m_pubsub/lib/python3.8/site-packages:${PYTHONPATH} /usr/bin/python3 setup.py develop --editable --build-directory /home/python/robot_ws/build/m_pubsub/build --no-deps install_data
[3.032s] DEBUG:colcon.colcon_core.event_handler.log_command:Invoking command in '/home/python/robot_ws/build/move_turtle_pkg': PYTHONPATH=/home/python/robot_ws/build/move_turtle_pkg/prefix_override:/home/python/robot_ws/install/move_turtle_pkg/lib/python3.8/site-packages:${PYTHONPATH} /usr/bin/python3 setup.py develop --editable --build-directory /home/python/robot_ws/build/move_turtle_pkg/build --no-deps install_data
[3.083s] Level 1:colcon.colcon_core.shell:create_environment_hook('m_pubsub', 'pythonpath_develop')
[3.084s] DEBUG:colcon.colcon_core.event_handler.log_command:Invoked command in '/home/python/robot_ws/build/m_pubsub' returned '0': PYTHONPATH=/home/python/robot_ws/build/m_pubsub/prefix_override:/home/python/robot_ws/install/m_pubsub/lib/python3.8/site-packages:${PYTHONPATH} /usr/bin/python3 setup.py develop --editable --build-directory /home/python/robot_ws/build/m_pubsub/build --no-deps install_data
[3.088s] INFO:colcon.colcon_core.shell:Creating environment hook '/home/python/robot_ws/build/m_pubsub/share/m_pubsub/hook/pythonpath_develop.ps1'
[3.089s] INFO:colcon.colcon_core.shell:Creating environment descriptor '/home/python/robot_ws/build/m_pubsub/share/m_pubsub/hook/pythonpath_develop.dsv'
[3.090s] INFO:colcon.colcon_core.shell:Creating environment hook '/home/python/robot_ws/build/m_pubsub/share/m_pubsub/hook/pythonpath_develop.sh'
[3.097s] Level 1:colcon.colcon_core.environment:checking '/home/python/robot_ws/install/m_pubsub' for CMake module files
[3.097s] Level 1:colcon.colcon_core.environment:checking '/home/python/robot_ws/install/m_pubsub' for CMake config files
[3.098s] Level 1:colcon.colcon_core.environment:checking '/home/python/robot_ws/install/m_pubsub/lib'
[3.098s] Level 1:colcon.colcon_core.environment:checking '/home/python/robot_ws/install/m_pubsub/bin'
[3.098s] Level 1:colcon.colcon_core.environment:checking '/home/python/robot_ws/install/m_pubsub/lib/pkgconfig/m_pubsub.pc'
[3.098s] Level 1:colcon.colcon_core.environment:checking '/home/python/robot_ws/install/m_pubsub/lib/python3.8/site-packages'
[3.099s] Level 1:colcon.colcon_core.shell:create_environment_hook('m_pubsub', 'pythonpath')
[3.102s] INFO:colcon.colcon_core.shell:Creating environment hook '/home/python/robot_ws/install/m_pubsub/share/m_pubsub/hook/pythonpath.ps1'
[3.103s] INFO:colcon.colcon_core.shell:Creating environment descriptor '/home/python/robot_ws/install/m_pubsub/share/m_pubsub/hook/pythonpath.dsv'
[3.104s] INFO:colcon.colcon_core.shell:Creating environment hook '/home/python/robot_ws/install/m_pubsub/share/m_pubsub/hook/pythonpath.sh'
[3.104s] Level 1:colcon.colcon_core.environment:checking '/home/python/robot_ws/install/m_pubsub/bin'
[3.104s] Level 1:colcon.colcon_core.environment:create_environment_scripts_only(m_pubsub)
[3.108s] INFO:colcon.colcon_core.shell:Creating package script '/home/python/robot_ws/install/m_pubsub/share/m_pubsub/package.ps1'
[3.109s] INFO:colcon.colcon_core.shell:Creating package descriptor '/home/python/robot_ws/install/m_pubsub/share/m_pubsub/package.dsv'
[3.110s] INFO:colcon.colcon_core.shell:Creating package script '/home/python/robot_ws/install/m_pubsub/share/m_pubsub/package.sh'
[3.111s] INFO:colcon.colcon_core.shell:Creating package script '/home/python/robot_ws/install/m_pubsub/share/m_pubsub/package.bash'
[3.112s] INFO:colcon.colcon_core.shell:Creating package script '/home/python/robot_ws/install/m_pubsub/share/m_pubsub/package.zsh'
[3.112s] Level 1:colcon.colcon_core.environment:create_file_with_runtime_dependencies(/home/python/robot_ws/install/m_pubsub/share/colcon-core/packages/m_pubsub)
[3.113s] INFO:colcon.colcon_ros.task.ament_python.build:Building ROS package in '/home/python/robot_ws/src/tb3_move' with build type 'ament_python'
[3.113s] Level 1:colcon.colcon_core.shell:create_environment_hook('tb3_move', 'ament_prefix_path')
[3.118s] INFO:colcon.colcon_core.shell:Creating environment hook '/home/python/robot_ws/install/tb3_move/share/tb3_move/hook/ament_prefix_path.ps1'
[3.119s] INFO:colcon.colcon_core.shell:Creating environment descriptor '/home/python/robot_ws/install/tb3_move/share/tb3_move/hook/ament_prefix_path.dsv'
[3.120s] INFO:colcon.colcon_core.shell:Creating environment hook '/home/python/robot_ws/install/tb3_move/share/tb3_move/hook/ament_prefix_path.sh'
[3.124s] INFO:colcon.colcon_core.shell:Skip shell extension 'powershell' for command environment: Not usable outside of PowerShell
[3.124s] DEBUG:colcon.colcon_core.shell:Skip shell extension 'dsv' for command environment
[3.475s] INFO:colcon.colcon_core.task.python.build:Building Python package in '/home/python/robot_ws/src/tb3_move'
[3.480s] INFO:colcon.colcon_core.shell:Skip shell extension 'powershell' for command environment: Not usable outside of PowerShell
[3.480s] DEBUG:colcon.colcon_core.shell:Skip shell extension 'dsv' for command environment
[3.865s] Level 1:colcon.colcon_core.shell:create_environment_hook('move_turtle_pkg', 'pythonpath_develop')
[3.874s] DEBUG:colcon.colcon_core.event_handler.log_command:Invoked command in '/home/python/robot_ws/build/move_turtle_pkg' returned '0': PYTHONPATH=/home/python/robot_ws/build/move_turtle_pkg/prefix_override:/home/python/robot_ws/install/move_turtle_pkg/lib/python3.8/site-packages:${PYTHONPATH} /usr/bin/python3 setup.py develop --editable --build-directory /home/python/robot_ws/build/move_turtle_pkg/build --no-deps install_data
[3.876s] INFO:colcon.colcon_core.shell:Creating environment hook '/home/python/robot_ws/build/move_turtle_pkg/share/move_turtle_pkg/hook/pythonpath_develop.ps1'
[3.877s] INFO:colcon.colcon_core.shell:Creating environment descriptor '/home/python/robot_ws/build/move_turtle_pkg/share/move_turtle_pkg/hook/pythonpath_develop.dsv'
[3.878s] INFO:colcon.colcon_core.shell:Creating environment hook '/home/python/robot_ws/build/move_turtle_pkg/share/move_turtle_pkg/hook/pythonpath_develop.sh'
[3.887s] Level 1:colcon.colcon_core.environment:checking '/home/python/robot_ws/install/move_turtle_pkg' for CMake module files
[3.888s] Level 1:colcon.colcon_core.environment:checking '/home/python/robot_ws/install/move_turtle_pkg' for CMake config files
[3.888s] Level 1:colcon.colcon_core.environment:checking '/home/python/robot_ws/install/move_turtle_pkg/lib'
[3.888s] Level 1:colcon.colcon_core.environment:checking '/home/python/robot_ws/install/move_turtle_pkg/bin'
[3.889s] Level 1:colcon.colcon_core.environment:checking '/home/python/robot_ws/install/move_turtle_pkg/lib/pkgconfig/move_turtle_pkg.pc'
[3.890s] Level 1:colcon.colcon_core.environment:checking '/home/python/robot_ws/install/move_turtle_pkg/lib/python3.8/site-packages'
[3.890s] Level 1:colcon.colcon_core.shell:create_environment_hook('move_turtle_pkg', 'pythonpath')
[3.894s] INFO:colcon.colcon_core.shell:Creating environment hook '/home/python/robot_ws/install/move_turtle_pkg/share/move_turtle_pkg/hook/pythonpath.ps1'
[3.895s] INFO:colcon.colcon_core.shell:Creating environment descriptor '/home/python/robot_ws/install/move_turtle_pkg/share/move_turtle_pkg/hook/pythonpath.dsv'
[3.895s] INFO:colcon.colcon_core.shell:Creating environment hook '/home/python/robot_ws/install/move_turtle_pkg/share/move_turtle_pkg/hook/pythonpath.sh'
[3.896s] Level 1:colcon.colcon_core.environment:checking '/home/python/robot_ws/install/move_turtle_pkg/bin'
[3.897s] Level 1:colcon.colcon_core.environment:create_environment_scripts_only(move_turtle_pkg)
[3.900s] INFO:colcon.colcon_core.shell:Creating package script '/home/python/robot_ws/install/move_turtle_pkg/share/move_turtle_pkg/package.ps1'
[3.902s] INFO:colcon.colcon_core.shell:Creating package descriptor '/home/python/robot_ws/install/move_turtle_pkg/share/move_turtle_pkg/package.dsv'
[3.903s] INFO:colcon.colcon_core.shell:Creating package script '/home/python/robot_ws/install/move_turtle_pkg/share/move_turtle_pkg/package.sh'
[3.904s] INFO:colcon.colcon_core.shell:Creating package script '/home/python/robot_ws/install/move_turtle_pkg/share/move_turtle_pkg/package.bash'
[3.905s] INFO:colcon.colcon_core.shell:Creating package script '/home/python/robot_ws/install/move_turtle_pkg/share/move_turtle_pkg/package.zsh'
[3.906s] Level 1:colcon.colcon_core.environment:create_file_with_runtime_dependencies(/home/python/robot_ws/install/move_turtle_pkg/share/colcon-core/packages/move_turtle_pkg)
[3.908s] INFO:colcon.colcon_ros.task.ament_python.build:Building ROS package in '/home/python/robot_ws/src/test_num' with build type 'ament_python'
[3.909s] Level 1:colcon.colcon_core.shell:create_environment_hook('test_num', 'ament_prefix_path')
[3.923s] INFO:colcon.colcon_core.shell:Creating environment hook '/home/python/robot_ws/install/test_num/share/test_num/hook/ament_prefix_path.ps1'
[3.924s] INFO:colcon.colcon_core.shell:Creating environment descriptor '/home/python/robot_ws/install/test_num/share/test_num/hook/ament_prefix_path.dsv'
[3.925s] INFO:colcon.colcon_core.shell:Creating environment hook '/home/python/robot_ws/install/test_num/share/test_num/hook/ament_prefix_path.sh'
[3.930s] INFO:colcon.colcon_core.shell:Skip shell extension 'powershell' for command environment: Not usable outside of PowerShell
[3.930s] DEBUG:colcon.colcon_core.shell:Skip shell extension 'dsv' for command environment
[4.294s] INFO:colcon.colcon_core.task.python.build:Building Python package in '/home/python/robot_ws/src/test_num'
[4.299s] INFO:colcon.colcon_core.shell:Skip shell extension 'powershell' for command environment: Not usable outside of PowerShell
[4.299s] DEBUG:colcon.colcon_core.shell:Skip shell extension 'dsv' for command environment
[4.313s] DEBUG:colcon.colcon_core.event_handler.log_command:Invoking command in '/home/python/robot_ws/build/tb3_move': PYTHONPATH=/home/python/robot_ws/build/tb3_move/prefix_override:/home/python/robot_ws/install/tb3_move/lib/python3.8/site-packages:${PYTHONPATH} /usr/bin/python3 setup.py develop --editable --build-directory /home/python/robot_ws/build/tb3_move/build --no-deps install_data
[4.880s] DEBUG:colcon.colcon_core.event_handler.log_command:Invoking command in '/home/python/robot_ws/build/test_num': PYTHONPATH=/home/python/robot_ws/build/test_num/prefix_override:/home/python/robot_ws/install/test_num/lib/python3.8/site-packages:${PYTHONPATH} /usr/bin/python3 setup.py develop --editable --build-directory /home/python/robot_ws/build/test_num/build --no-deps install_data
[4.949s] Level 1:colcon.colcon_core.shell:create_environment_hook('tb3_move', 'pythonpath_develop')
[4.954s] INFO:colcon.colcon_core.shell:Creating environment hook '/home/python/robot_ws/build/tb3_move/share/tb3_move/hook/pythonpath_develop.ps1'
[4.954s] DEBUG:colcon.colcon_core.event_handler.log_command:Invoked command in '/home/python/robot_ws/build/tb3_move' returned '0': PYTHONPATH=/home/python/robot_ws/build/tb3_move/prefix_override:/home/python/robot_ws/install/tb3_move/lib/python3.8/site-packages:${PYTHONPATH} /usr/bin/python3 setup.py develop --editable --build-directory /home/python/robot_ws/build/tb3_move/build --no-deps install_data
[4.955s] INFO:colcon.colcon_core.shell:Creating environment descriptor '/home/python/robot_ws/build/tb3_move/share/tb3_move/hook/pythonpath_develop.dsv'
[4.956s] INFO:colcon.colcon_core.shell:Creating environment hook '/home/python/robot_ws/build/tb3_move/share/tb3_move/hook/pythonpath_develop.sh'
[4.963s] Level 1:colcon.colcon_core.environment:checking '/home/python/robot_ws/install/tb3_move' for CMake module files
[4.964s] Level 1:colcon.colcon_core.environment:checking '/home/python/robot_ws/install/tb3_move' for CMake config files
[4.965s] Level 1:colcon.colcon_core.environment:checking '/home/python/robot_ws/install/tb3_move/lib'
[4.971s] Level 1:colcon.colcon_core.environment:checking '/home/python/robot_ws/install/tb3_move/bin'
[4.971s] Level 1:colcon.colcon_core.environment:checking '/home/python/robot_ws/install/tb3_move/lib/pkgconfig/tb3_move.pc'
[4.972s] Level 1:colcon.colcon_core.environment:checking '/home/python/robot_ws/install/tb3_move/lib/python3.8/site-packages'
[4.972s] Level 1:colcon.colcon_core.shell:create_environment_hook('tb3_move', 'pythonpath')
[4.987s] INFO:colcon.colcon_core.shell:Creating environment hook '/home/python/robot_ws/install/tb3_move/share/tb3_move/hook/pythonpath.ps1'
[4.987s] INFO:colcon.colcon_core.shell:Creating environment descriptor '/home/python/robot_ws/install/tb3_move/share/tb3_move/hook/pythonpath.dsv'
[4.988s] INFO:colcon.colcon_core.shell:Creating environment hook '/home/python/robot_ws/install/tb3_move/share/tb3_move/hook/pythonpath.sh'
[4.988s] Level 1:colcon.colcon_core.environment:checking '/home/python/robot_ws/install/tb3_move/bin'
[4.988s] Level 1:colcon.colcon_core.environment:create_environment_scripts_only(tb3_move)
[5.001s] INFO:colcon.colcon_core.shell:Creating package script '/home/python/robot_ws/install/tb3_move/share/tb3_move/package.ps1'
[5.008s] INFO:colcon.colcon_core.shell:Creating package descriptor '/home/python/robot_ws/install/tb3_move/share/tb3_move/package.dsv'
[5.008s] INFO:colcon.colcon_core.shell:Creating package script '/home/python/robot_ws/install/tb3_move/share/tb3_move/package.sh'
[5.009s] INFO:colcon.colcon_core.shell:Creating package script '/home/python/robot_ws/install/tb3_move/share/tb3_move/package.bash'
[5.009s] INFO:colcon.colcon_core.shell:Creating package script '/home/python/robot_ws/install/tb3_move/share/tb3_move/package.zsh'
[5.010s] Level 1:colcon.colcon_core.environment:create_file_with_runtime_dependencies(/home/python/robot_ws/install/tb3_move/share/colcon-core/packages/tb3_move)
[5.011s] INFO:colcon.colcon_ros.task.ament_python.build:Building ROS package in '/home/python/robot_ws/src/test_para' with build type 'ament_python'
[5.011s] Level 1:colcon.colcon_core.shell:create_environment_hook('test_para', 'ament_prefix_path')
[5.015s] INFO:colcon.colcon_core.shell:Creating environment hook '/home/python/robot_ws/install/test_para/share/test_para/hook/ament_prefix_path.ps1'
[5.017s] INFO:colcon.colcon_core.shell:Creating environment descriptor '/home/python/robot_ws/install/test_para/share/test_para/hook/ament_prefix_path.dsv'
[5.018s] INFO:colcon.colcon_core.shell:Creating environment hook '/home/python/robot_ws/install/test_para/share/test_para/hook/ament_prefix_path.sh'
[5.025s] INFO:colcon.colcon_core.shell:Skip shell extension 'powershell' for command environment: Not usable outside of PowerShell
[5.026s] DEBUG:colcon.colcon_core.shell:Skip shell extension 'dsv' for command environment
[5.751s] INFO:colcon.colcon_core.task.python.build:Building Python package in '/home/python/robot_ws/src/test_para'
[5.767s] INFO:colcon.colcon_core.shell:Skip shell extension 'powershell' for command environment: Not usable outside of PowerShell
[5.767s] DEBUG:colcon.colcon_core.shell:Skip shell extension 'dsv' for command environment
[5.897s] Level 1:colcon.colcon_core.shell:create_environment_hook('test_num', 'pythonpath_develop')
[5.906s] INFO:colcon.colcon_core.shell:Creating environment hook '/home/python/robot_ws/build/test_num/share/test_num/hook/pythonpath_develop.ps1'
[5.914s] DEBUG:colcon.colcon_core.event_handler.log_command:Invoked command in '/home/python/robot_ws/build/test_num' returned '0': PYTHONPATH=/home/python/robot_ws/build/test_num/prefix_override:/home/python/robot_ws/install/test_num/lib/python3.8/site-packages:${PYTHONPATH} /usr/bin/python3 setup.py develop --editable --build-directory /home/python/robot_ws/build/test_num/build --no-deps install_data
[5.915s] INFO:colcon.colcon_core.shell:Creating environment descriptor '/home/python/robot_ws/build/test_num/share/test_num/hook/pythonpath_develop.dsv'
[5.916s] INFO:colcon.colcon_core.shell:Creating environment hook '/home/python/robot_ws/build/test_num/share/test_num/hook/pythonpath_develop.sh'
[5.931s] Level 1:colcon.colcon_core.environment:checking '/home/python/robot_ws/install/test_num' for CMake module files
[5.932s] Level 1:colcon.colcon_core.environment:checking '/home/python/robot_ws/install/test_num' for CMake config files
[5.932s] Level 1:colcon.colcon_core.environment:checking '/home/python/robot_ws/install/test_num/lib'
[5.932s] Level 1:colcon.colcon_core.environment:checking '/home/python/robot_ws/install/test_num/bin'
[5.932s] Level 1:colcon.colcon_core.environment:checking '/home/python/robot_ws/install/test_num/lib/pkgconfig/test_num.pc'
[5.933s] Level 1:colcon.colcon_core.environment:checking '/home/python/robot_ws/install/test_num/lib/python3.8/site-packages'
[5.933s] Level 1:colcon.colcon_core.shell:create_environment_hook('test_num', 'pythonpath')
[5.936s] INFO:colcon.colcon_core.shell:Creating environment hook '/home/python/robot_ws/install/test_num/share/test_num/hook/pythonpath.ps1'
[5.937s] INFO:colcon.colcon_core.shell:Creating environment descriptor '/home/python/robot_ws/install/test_num/share/test_num/hook/pythonpath.dsv'
[5.938s] INFO:colcon.colcon_core.shell:Creating environment hook '/home/python/robot_ws/install/test_num/share/test_num/hook/pythonpath.sh'
[5.948s] Level 1:colcon.colcon_core.environment:checking '/home/python/robot_ws/install/test_num/bin'
[5.949s] Level 1:colcon.colcon_core.environment:create_environment_scripts_only(test_num)
[5.953s] INFO:colcon.colcon_core.shell:Creating package script '/home/python/robot_ws/install/test_num/share/test_num/package.ps1'
[5.966s] INFO:colcon.colcon_core.shell:Creating package descriptor '/home/python/robot_ws/install/test_num/share/test_num/package.dsv'
[5.966s] INFO:colcon.colcon_core.shell:Creating package script '/home/python/robot_ws/install/test_num/share/test_num/package.sh'
[5.967s] INFO:colcon.colcon_core.shell:Creating package script '/home/python/robot_ws/install/test_num/share/test_num/package.bash'
[5.968s] INFO:colcon.colcon_core.shell:Creating package script '/home/python/robot_ws/install/test_num/share/test_num/package.zsh'
[5.968s] Level 1:colcon.colcon_core.environment:create_file_with_runtime_dependencies(/home/python/robot_ws/install/test_num/share/colcon-core/packages/test_num)
[6.509s] DEBUG:colcon.colcon_core.event_handler.log_command:Invoking command in '/home/python/robot_ws/build/test_para': PYTHONPATH=/home/python/robot_ws/build/test_para/prefix_override:/home/python/robot_ws/install/test_para/lib/python3.8/site-packages:${PYTHONPATH} /usr/bin/python3 setup.py develop --editable --build-directory /home/python/robot_ws/build/test_para/build --no-deps install_data
[7.201s] Level 1:colcon.colcon_core.shell:create_environment_hook('test_para', 'pythonpath_develop')
[7.205s] INFO:colcon.colcon_core.shell:Creating environment hook '/home/python/robot_ws/build/test_para/share/test_para/hook/pythonpath_develop.ps1'
[7.206s] INFO:colcon.colcon_core.shell:Creating environment descriptor '/home/python/robot_ws/build/test_para/share/test_para/hook/pythonpath_develop.dsv'
[7.208s] INFO:colcon.colcon_core.shell:Creating environment hook '/home/python/robot_ws/build/test_para/share/test_para/hook/pythonpath_develop.sh'
[7.215s] DEBUG:colcon.colcon_core.event_handler.log_command:Invoked command in '/home/python/robot_ws/build/test_para' returned '0': PYTHONPATH=/home/python/robot_ws/build/test_para/prefix_override:/home/python/robot_ws/install/test_para/lib/python3.8/site-packages:${PYTHONPATH} /usr/bin/python3 setup.py develop --editable --build-directory /home/python/robot_ws/build/test_para/build --no-deps install_data
[7.222s] Level 1:colcon.colcon_core.environment:checking '/home/python/robot_ws/install/test_para' for CMake module files
[7.224s] Level 1:colcon.colcon_core.environment:checking '/home/python/robot_ws/install/test_para' for CMake config files
[7.225s] Level 1:colcon.colcon_core.environment:checking '/home/python/robot_ws/install/test_para/lib'
[7.226s] Level 1:colcon.colcon_core.environment:checking '/home/python/robot_ws/install/test_para/bin'
[7.226s] Level 1:colcon.colcon_core.environment:checking '/home/python/robot_ws/install/test_para/lib/pkgconfig/test_para.pc'
[7.226s] Level 1:colcon.colcon_core.environment:checking '/home/python/robot_ws/install/test_para/lib/python3.8/site-packages'
[7.227s] Level 1:colcon.colcon_core.shell:create_environment_hook('test_para', 'pythonpath')
[7.233s] INFO:colcon.colcon_core.shell:Creating environment hook '/home/python/robot_ws/install/test_para/share/test_para/hook/pythonpath.ps1'
[7.233s] INFO:colcon.colcon_core.shell:Creating environment descriptor '/home/python/robot_ws/install/test_para/share/test_para/hook/pythonpath.dsv'
[7.234s] INFO:colcon.colcon_core.shell:Creating environment hook '/home/python/robot_ws/install/test_para/share/test_para/hook/pythonpath.sh'
[7.235s] Level 1:colcon.colcon_core.environment:checking '/home/python/robot_ws/install/test_para/bin'
[7.235s] Level 1:colcon.colcon_core.environment:create_environment_scripts_only(test_para)
[7.244s] INFO:colcon.colcon_core.shell:Creating package script '/home/python/robot_ws/install/test_para/share/test_para/package.ps1'
[7.245s] INFO:colcon.colcon_core.shell:Creating package descriptor '/home/python/robot_ws/install/test_para/share/test_para/package.dsv'
[7.246s] INFO:colcon.colcon_core.shell:Creating package script '/home/python/robot_ws/install/test_para/share/test_para/package.sh'
[7.247s] INFO:colcon.colcon_core.shell:Creating package script '/home/python/robot_ws/install/test_para/share/test_para/package.bash'
[7.248s] INFO:colcon.colcon_core.shell:Creating package script '/home/python/robot_ws/install/test_para/share/test_para/package.zsh'
[7.248s] Level 1:colcon.colcon_core.environment:create_file_with_runtime_dependencies(/home/python/robot_ws/install/test_para/share/colcon-core/packages/test_para)
[7.250s] DEBUG:colcon.colcon_parallel_executor.executor.parallel:closing loop
[7.250s] DEBUG:colcon.colcon_parallel_executor.executor.parallel:loop closed
[7.250s] DEBUG:colcon.colcon_parallel_executor.executor.parallel:run_until_complete finished with '0'
[7.250s] DEBUG:colcon.colcon_core.event_reactor:joining thread
[7.270s] INFO:colcon.colcon_core.plugin_system:Skipping extension 'colcon_notification.desktop_notification.terminal_notifier': Not used on non-Darwin systems
[7.270s] INFO:colcon.colcon_core.plugin_system:Skipping extension 'colcon_notification.desktop_notification.win32': Not used on non-Windows systems
[7.271s] INFO:colcon.colcon_notification.desktop_notification:Sending desktop notification using 'notify2'
[7.319s] DEBUG:colcon.colcon_core.event_reactor:joined thread
[7.323s] INFO:colcon.colcon_core.shell:Creating prefix script '/home/python/robot_ws/install/local_setup.ps1'
[7.325s] INFO:colcon.colcon_core.shell:Creating prefix util module '/home/python/robot_ws/install/_local_setup_util_ps1.py'
[7.330s] INFO:colcon.colcon_core.shell:Creating prefix chain script '/home/python/robot_ws/install/setup.ps1'
[7.333s] INFO:colcon.colcon_core.shell:Creating prefix script '/home/python/robot_ws/install/local_setup.sh'
[7.335s] INFO:colcon.colcon_core.shell:Creating prefix util module '/home/python/robot_ws/install/_local_setup_util_sh.py'
[7.335s] INFO:colcon.colcon_core.shell:Creating prefix chain script '/home/python/robot_ws/install/setup.sh'
[7.339s] INFO:colcon.colcon_core.shell:Creating prefix script '/home/python/robot_ws/install/local_setup.bash'
[7.341s] INFO:colcon.colcon_core.shell:Creating prefix chain script '/home/python/robot_ws/install/setup.bash'
[7.345s] INFO:colcon.colcon_core.shell:Creating prefix script '/home/python/robot_ws/install/local_setup.zsh'
[7.348s] INFO:colcon.colcon_core.shell:Creating prefix chain script '/home/python/robot_ws/install/setup.zsh'
