[1.054s] Invoking command in '/home/python/robot_ws/build/m_pubsub': PYTHONPATH=/home/python/robot_ws/build/m_pubsub/prefix_override:/home/python/robot_ws/install/m_pubsub/lib/python3.8/site-packages:${PYTHONPATH} /usr/bin/python3 setup.py develop --editable --build-directory /home/python/robot_ws/build/m_pubsub/build --no-deps install_data
[1.369s] running develop
[1.590s] running egg_info
[1.590s] writing m_pubsub.egg-info/PKG-INFO
[1.590s] writing dependency_links to m_pubsub.egg-info/dependency_links.txt
[1.591s] writing entry points to m_pubsub.egg-info/entry_points.txt
[1.591s] writing requirements to m_pubsub.egg-info/requires.txt
[1.592s] writing top-level names to m_pubsub.egg-info/top_level.txt
[1.632s] reading manifest file 'm_pubsub.egg-info/SOURCES.txt'
[1.633s] writing manifest file 'm_pubsub.egg-info/SOURCES.txt'
[1.677s] running build_ext
[1.677s] Creating /home/python/robot_ws/install/m_pubsub/lib/python3.8/site-packages/m-pubsub.egg-link (link to .)
[1.678s] Installing mp script to /home/python/robot_ws/install/m_pubsub/lib/m_pubsub
[1.679s] Installing mp2 script to /home/python/robot_ws/install/m_pubsub/lib/m_pubsub
[1.679s] Installing ms script to /home/python/robot_ws/install/m_pubsub/lib/m_pubsub
[1.679s] Installing mt script to /home/python/robot_ws/install/m_pubsub/lib/m_pubsub
[1.680s] Installing tms script to /home/python/robot_ws/install/m_pubsub/lib/m_pubsub
[1.680s] Installing tp script to /home/python/robot_ws/install/m_pubsub/lib/m_pubsub
[1.680s] 
[1.680s] Installed /home/python/robot_ws/build/m_pubsub
[1.681s] running install_data
