[1.725s] Invoking command in '/home/python/robot_ws/build/m_pubsub': PYTHONPATH=/home/python/robot_ws/build/m_pubsub/prefix_override:/home/python/robot_ws/install/m_pubsub/lib/python3.8/site-packages:${PYTHONPATH} /usr/bin/python3 setup.py develop --editable --build-directory /home/python/robot_ws/build/m_pubsub/build --no-deps install_data
[2.216s] running develop
[2.517s] running egg_info
[2.517s] writing m_pubsub.egg-info/PKG-INFO
[2.518s] writing dependency_links to m_pubsub.egg-info/dependency_links.txt
[2.519s] writing entry points to m_pubsub.egg-info/entry_points.txt
[2.520s] writing requirements to m_pubsub.egg-info/requires.txt
[2.521s] writing top-level names to m_pubsub.egg-info/top_level.txt
[2.584s] reading manifest file 'm_pubsub.egg-info/SOURCES.txt'
[2.587s] writing manifest file 'm_pubsub.egg-info/SOURCES.txt'
[2.654s] running build_ext
[2.656s] Creating /home/python/robot_ws/install/m_pubsub/lib/python3.8/site-packages/m-pubsub.egg-link (link to .)
[2.659s] Installing mp script to /home/python/robot_ws/install/m_pubsub/lib/m_pubsub
[2.660s] Installing mp2 script to /home/python/robot_ws/install/m_pubsub/lib/m_pubsub
[2.661s] Installing ms script to /home/python/robot_ws/install/m_pubsub/lib/m_pubsub
[2.662s] Installing mt script to /home/python/robot_ws/install/m_pubsub/lib/m_pubsub
[2.662s] Installing tms script to /home/python/robot_ws/install/m_pubsub/lib/m_pubsub
[2.663s] Installing tp script to /home/python/robot_ws/install/m_pubsub/lib/m_pubsub
[2.664s] 
[2.664s] Installed /home/python/robot_ws/build/m_pubsub
[2.664s] running install_data
[2.770s] Invoked command in '/home/python/robot_ws/build/m_pubsub' returned '0': PYTHONPATH=/home/python/robot_ws/build/m_pubsub/prefix_override:/home/python/robot_ws/install/m_pubsub/lib/python3.8/site-packages:${PYTHONPATH} /usr/bin/python3 setup.py develop --editable --build-directory /home/python/robot_ws/build/m_pubsub/build --no-deps install_data
