[1.146s] Invoking command in '/home/python/robot_ws/build/m_pubsub': PYTHONPATH=/home/python/robot_ws/build/m_pubsub/prefix_override:/home/python/robot_ws/install/m_pubsub/lib/python3.8/site-packages:${PYTHONPATH} /usr/bin/python3 setup.py develop --editable --build-directory /home/python/robot_ws/build/m_pubsub/build --no-deps install_data
[1.562s] running develop
[1.771s] running egg_info
[1.772s] writing m_pubsub.egg-info/PKG-INFO
[1.773s] writing dependency_links to m_pubsub.egg-info/dependency_links.txt
[1.774s] writing entry points to m_pubsub.egg-info/entry_points.txt
[1.774s] writing requirements to m_pubsub.egg-info/requires.txt
[1.775s] writing top-level names to m_pubsub.egg-info/top_level.txt
[1.817s] reading manifest file 'm_pubsub.egg-info/SOURCES.txt'
[1.818s] writing manifest file 'm_pubsub.egg-info/SOURCES.txt'
[1.864s] running build_ext
[1.865s] Creating /home/python/robot_ws/install/m_pubsub/lib/python3.8/site-packages/m-pubsub.egg-link (link to .)
[1.867s] Installing mp script to /home/python/robot_ws/install/m_pubsub/lib/m_pubsub
[1.867s] Installing mp2 script to /home/python/robot_ws/install/m_pubsub/lib/m_pubsub
[1.868s] Installing ms script to /home/python/robot_ws/install/m_pubsub/lib/m_pubsub
[1.869s] Installing mt script to /home/python/robot_ws/install/m_pubsub/lib/m_pubsub
[1.869s] Installing tms script to /home/python/robot_ws/install/m_pubsub/lib/m_pubsub
[1.870s] Installing tp script to /home/python/robot_ws/install/m_pubsub/lib/m_pubsub
[1.870s] 
[1.871s] Installed /home/python/robot_ws/build/m_pubsub
[1.871s] running install_data
[1.904s] Invoked command in '/home/python/robot_ws/build/m_pubsub' returned '0': PYTHONPATH=/home/python/robot_ws/build/m_pubsub/prefix_override:/home/python/robot_ws/install/m_pubsub/lib/python3.8/site-packages:${PYTHONPATH} /usr/bin/python3 setup.py develop --editable --build-directory /home/python/robot_ws/build/m_pubsub/build --no-deps install_data
