[1.147s] Invoking command in '/home/python/robot_ws/build/m_pubsub': PYTHONPATH=/home/python/robot_ws/build/m_pubsub/prefix_override:/home/python/robot_ws/install/m_pubsub/lib/python3.8/site-packages:${PYTHONPATH} /usr/bin/python3 setup.py develop --editable --build-directory /home/python/robot_ws/build/m_pubsub/build --no-deps install_data
[1.525s] running develop
[1.713s] running egg_info
[1.714s] writing m_pubsub.egg-info/PKG-INFO
[1.714s] writing dependency_links to m_pubsub.egg-info/dependency_links.txt
[1.715s] writing entry points to m_pubsub.egg-info/entry_points.txt
[1.716s] writing requirements to m_pubsub.egg-info/requires.txt
[1.716s] writing top-level names to m_pubsub.egg-info/top_level.txt
[1.759s] reading manifest file 'm_pubsub.egg-info/SOURCES.txt'
[1.760s] writing manifest file 'm_pubsub.egg-info/SOURCES.txt'
[1.805s] running build_ext
[1.806s] Creating /home/python/robot_ws/install/m_pubsub/lib/python3.8/site-packages/m-pubsub.egg-link (link to .)
[1.808s] Installing mp script to /home/python/robot_ws/install/m_pubsub/lib/m_pubsub
[1.808s] Installing mp2 script to /home/python/robot_ws/install/m_pubsub/lib/m_pubsub
[1.813s] Installing ms script to /home/python/robot_ws/install/m_pubsub/lib/m_pubsub
[1.814s] Installing mt script to /home/python/robot_ws/install/m_pubsub/lib/m_pubsub
[1.814s] Installing tms script to /home/python/robot_ws/install/m_pubsub/lib/m_pubsub
[1.815s] Installing tp script to /home/python/robot_ws/install/m_pubsub/lib/m_pubsub
[1.816s] 
[1.816s] Installed /home/python/robot_ws/build/m_pubsub
[1.816s] running install_data
[1.855s] Invoked command in '/home/python/robot_ws/build/m_pubsub' returned '0': PYTHONPATH=/home/python/robot_ws/build/m_pubsub/prefix_override:/home/python/robot_ws/install/m_pubsub/lib/python3.8/site-packages:${PYTHONPATH} /usr/bin/python3 setup.py develop --editable --build-directory /home/python/robot_ws/build/m_pubsub/build --no-deps install_data
